<?xml version="1.0" encoding="UTF-8"?>
<robot generator="Robot 7.0.1 (Python 3.11.5 on win32)" generated="2025-11-10T14:50:48.389751" rpa="false" schemaversion="5">
<suite id="s1" name="qaCodeScanner" source="c:\Projects\appium-project\src\tests\modelos\qaCodeScanner.robot">
<test id="s1-t1" name="Teste WebView com sucesso" line="8">
<kw name="Iniciar Sessão" owner="home" type="SETUP">
<kw name="Open Application" owner="AppiumLibrary">
<arg>http://localhost:4723</arg>
<arg>platformName=Android</arg>
<arg>deviceName=Android Emulator</arg>
<arg>automationName=UiAutomator2</arg>
<arg>app=${EXECDIR}/apps/sauceLab_NEW_2.2.0-25.apk</arg>
<arg>udid=emulator-5554</arg>
<arg>autoGrantPermissions=true</arg>
<doc>Opens a new application to the given Appium server.
Capabilities of appium server, Android and iOS,
Please check https://appium.io/docs/en/2.19/guides/caps/
| *Option*            | *Man.* | *Description*     |
| remote_url          | Yes    | Appium server url |
| alias               | No     | alias             |</doc>
<status status="PASS" start="2025-11-10T14:50:49.419337" elapsed="10.785039"/>
</kw>
<kw name="Wait Until Element Is Visible" owner="AppiumLibrary">
<msg time="2025-11-10T14:51:05.093389" level="INFO">xpath criteria: //*[@content-desc="App logo and name"]</msg>
<arg>xpath=//*[@content-desc="App logo and name"]</arg>
<doc>Waits until the element specified by the ``locator`` is visible.</doc>
<status status="PASS" start="2025-11-10T14:51:00.205394" elapsed="4.894840"/>
</kw>
<kw name="Wait Until Page Contains" owner="AppiumLibrary">
<arg>text=Products</arg>
<doc>Waits until the ``text`` appears on the current page.</doc>
<status status="PASS" start="2025-11-10T14:51:05.101234" elapsed="2.270006"/>
</kw>
<doc>Teste para iniciar sessão com credenciais válidas.</doc>
<status status="PASS" start="2025-11-10T14:50:49.418335" elapsed="17.952905"/>
</kw>
<kw name="Acessar página de Login" owner="login">
<kw name="Click Element" owner="AppiumLibrary">
<msg time="2025-11-10T14:51:07.373253" level="INFO">Clicking element 'xpath=//*[@content-desc="View menu"]'.</msg>
<msg time="2025-11-10T14:51:12.593865" level="INFO">xpath criteria: //*[@content-desc="View menu"]</msg>
<arg>xpath=//*[@content-desc="View menu"]</arg>
<doc>Clicks the element identified by ``locator``.</doc>
<status status="PASS" start="2025-11-10T14:51:07.373253" elapsed="5.221613"/>
</kw>
<kw name="Click Element" owner="AppiumLibrary">
<msg time="2025-11-10T14:51:12.595864" level="INFO">Clicking element 'xpath=//*[@content-desc="Login Menu Item"]'.</msg>
<msg time="2025-11-10T14:51:16.942142" level="INFO">xpath criteria: //*[@content-desc="Login Menu Item"]</msg>
<arg>xpath=//*[@content-desc="Login Menu Item"]</arg>
<doc>Clicks the element identified by ``locator``.</doc>
<status status="PASS" start="2025-11-10T14:51:12.594866" elapsed="4.348280"/>
</kw>
<kw name="Wait Until Element Is Visible" owner="AppiumLibrary">
<msg time="2025-11-10T14:51:21.089875" level="INFO">criteria is com.saucelabs.mydemoapp.android:id/loginTV</msg>
<arg>id=com.saucelabs.mydemoapp.android:id/loginTV</arg>
<doc>Waits until the element specified by the ``locator`` is visible.</doc>
<status status="PASS" start="2025-11-10T14:51:16.943146" elapsed="4.146729"/>
</kw>
<status status="PASS" start="2025-11-10T14:51:07.372246" elapsed="13.717629"/>
</kw>
<kw name="Fazer Login" owner="login">
<kw name="Input Text" owner="AppiumLibrary">
<msg time="2025-11-10T14:51:21.092393" level="INFO">Typing text 'bod@example.com' into text field 'id=com.saucelabs.mydemoapp.android:id/nameET'</msg>
<msg time="2025-11-10T14:51:25.332542" level="INFO">criteria is com.saucelabs.mydemoapp.android:id/nameET</msg>
<arg>id=com.saucelabs.mydemoapp.android:id/nameET</arg>
<arg>text=${email}</arg>
<doc>Types the given ``text`` into the text field identified by ``locator``.</doc>
<status status="PASS" start="2025-11-10T14:51:21.091385" elapsed="4.241157"/>
</kw>
<kw name="Input Text" owner="AppiumLibrary">
<msg time="2025-11-10T14:51:25.334540" level="INFO">Typing text '10203040' into text field 'id=com.saucelabs.mydemoapp.android:id/passwordET'</msg>
<msg time="2025-11-10T14:51:29.570100" level="INFO">criteria is com.saucelabs.mydemoapp.android:id/passwordET</msg>
<arg>id=com.saucelabs.mydemoapp.android:id/passwordET</arg>
<arg>text=${password}</arg>
<doc>Types the given ``text`` into the text field identified by ``locator``.</doc>
<status status="PASS" start="2025-11-10T14:51:25.333544" elapsed="4.237584"/>
</kw>
<kw name="Click Element" owner="AppiumLibrary">
<msg time="2025-11-10T14:51:29.572644" level="INFO">Clicking element 'id=com.saucelabs.mydemoapp.android:id/loginBtn'.</msg>
<msg time="2025-11-10T14:51:33.821489" level="INFO">criteria is com.saucelabs.mydemoapp.android:id/loginBtn</msg>
<arg>id=com.saucelabs.mydemoapp.android:id/loginBtn</arg>
<doc>Clicks the element identified by ``locator``.</doc>
<status status="PASS" start="2025-11-10T14:51:29.571644" elapsed="4.250860"/>
</kw>
<arg>email=bod@example.com</arg>
<arg>password=10203040</arg>
<status status="PASS" start="2025-11-10T14:51:21.089875" elapsed="12.732629"/>
</kw>
<kw name="Click Element" owner="AppiumLibrary">
<msg time="2025-11-10T14:51:33.824519" level="INFO">Clicking element 'xpath=//*[@content-desc="View menu"]'.</msg>
<msg time="2025-11-10T14:51:39.032780" level="INFO">xpath criteria: //*[@content-desc="View menu"]</msg>
<arg>xpath=//*[@content-desc="View menu"]</arg>
<doc>Clicks the element identified by ``locator``.</doc>
<status status="PASS" start="2025-11-10T14:51:33.823512" elapsed="5.209268"/>
</kw>
<kw name="Click Element" owner="AppiumLibrary">
<msg time="2025-11-10T14:51:39.036296" level="INFO">Clicking element 'xpath=//androidx.recyclerview.widget.RecyclerView[@content-desc="Recycler view for menu"]/android.view.ViewGroup[3]/android.widget.TextView'.</msg>
<msg time="2025-11-10T14:51:43.387213" level="INFO">xpath criteria: //androidx.recyclerview.widget.RecyclerView[@content-desc="Recycler view for menu"]/android.view.ViewGroup[3]/android.widget.TextView</msg>
<arg>xpath=//androidx.recyclerview.widget.RecyclerView[@content-desc="Recycler view for menu"]/android.view.ViewGroup[3]/android.widget.TextView</arg>
<doc>Clicks the element identified by ``locator``.</doc>
<status status="PASS" start="2025-11-10T14:51:39.034778" elapsed="4.352435"/>
</kw>
<kw name="Wait Until Element Is Visible" owner="AppiumLibrary">
<msg time="2025-11-10T14:51:47.803689" level="INFO">criteria is com.saucelabs.mydemoapp.android:id/qrCodeTV</msg>
<arg>id=com.saucelabs.mydemoapp.android:id/qrCodeTV</arg>
<doc>Waits until the element specified by the ``locator`` is visible.</doc>
<status status="PASS" start="2025-11-10T14:51:43.388211" elapsed="4.416486"/>
</kw>
<kw name="Encerrar Sessão" owner="home" type="TEARDOWN">
<kw name="Close Application" owner="AppiumLibrary">
<doc>Closes the current application and the webdriver session.</doc>
<status status="PASS" start="2025-11-10T14:51:47.806687" elapsed="3.861356"/>
</kw>
<status status="PASS" start="2025-11-10T14:51:47.805684" elapsed="3.862359"/>
</kw>
<status status="PASS" start="2025-11-10T14:50:49.416337" elapsed="62.252699"/>
</test>
<status status="PASS" start="2025-11-10T14:50:48.403297" elapsed="63.265739"/>
</suite>
<statistics>
<total>
<stat pass="1" fail="0" skip="0">All Tests</stat>
</total>
<tag>
</tag>
<suite>
<stat pass="1" fail="0" skip="0" id="s1" name="qaCodeScanner">qaCodeScanner</stat>
</suite>
</statistics>
<errors>
</errors>
</robot>
