<?xml version="1.0" encoding="UTF-8"?>
<robot generator="Robot 7.0.1 (Python 3.11.5 on win32)" generated="2025-11-12T18:58:00.221514" rpa="false" schemaversion="5">
<suite id="s1" name="resetAppState" source="C:\Projects\appium-project\src\tests\modelos\resetAppState.robot">
<test id="s1-t1" name="Acessar página Reset App State e cancelar" line="9">
<kw name="Iniciar Sessão" owner="home" type="SETUP">
<msg time="2025-11-12T18:58:00.817634" level="TRACE">Arguments: [  ]</msg>
<kw name="Open Application" owner="AppiumLibrary">
<msg time="2025-11-12T18:58:00.817634" level="TRACE">Arguments: [ 'http://localhost:4723' | platformName='Android' | deviceName='Android Emulator' | automationName='UiAutomator2' | app='C:\\Projects\\appium-project/apps/sauceLab_NEW_2.2.0-25.apk' | udid='emulator-5554' | autoGrantPermissions='true' ]</msg>
<msg time="2025-11-12T18:58:00.818634" level="DEBUG">POST http://localhost:4723/session {'capabilities': {'firstMatch': [{}], 'alwaysMatch': {'platformName': 'Android', 'appium:deviceName': 'Android Emulator', 'appium:automationName': 'UiAutomator2', 'appium:app': 'C:\\Projects\\appium-project/apps/sauceLab_NEW_2.2.0-25.apk', 'appium:udid': 'emulator-5554', 'appium:autoGrantPermissions': 'true'}}}</msg>
<msg time="2025-11-12T18:58:00.818634" level="DEBUG">Starting new HTTP connection (1): localhost:4723</msg>
<msg time="2025-11-12T18:58:09.177400" level="DEBUG">http://localhost:4723 "POST /session HTTP/1.1" 200 0</msg>
<msg time="2025-11-12T18:58:09.177400" level="DEBUG">Remote response: status=200 | data={"value":{"capabilities":{"platformName":"Android","deviceName":"emulator-5554","automationName":"UiAutomator2","app":"C:\\Projects\\appium-project/apps/sauceLab_NEW_2.2.0-25.apk","udid":"emulator-5554","autoGrantPermissions":true,"platform":"LINUX","webStorageEnabled":false,"takesScreenshot":true,"javascriptEnabled":true,"databaseEnabled":false,"networkConnectionEnabled":true,"locationContextEnabled":false,"warnings":{},"desired":{"platformName":"Android","deviceName":"Android Emulator","automationName":"UiAutomator2","app":"C:\\Projects\\appium-project/apps/sauceLab_NEW_2.2.0-25.apk","udid":"emulator-5554","autoGrantPermissions":true},"deviceUDID":"emulator-5554","appPackage":"com.saucelabs.mydemoapp.android","appActivity":"com.saucelabs.mydemoapp.android.view.activities.SplashActivity","pixelRatio":"2.625","statBarHeight":63,"viewportRect":{"left":0,"top":63,"width":1080,"height":2337},"deviceApiLevel":35,"platformVersion":"15","deviceManufacturer":"Google","deviceModel":"sdk_gphone64_x86_64","deviceScreenSize":"1080x2400","deviceScreenDensity":420},"sessionId":"2898e994-8d93-42a6-adbf-0b7b6f8ff109"}} | headers=HTTPHeaderDict({'X-Powered-By': 'Express', 'Vary': 'X-HTTP-Method-Override', 'Content-Type': 'application/json; charset=utf-8', 'Content-Length': '1121', 'ETag': 'W/"461-DAev33MHoJdHGwKM2cxu48JfqFM"', 'Date': 'Wed, 12 Nov 2025 21:58:09 GMT', 'Connection': 'keep-alive', 'Keep-Alive': 'timeout=600'})</msg>
<msg time="2025-11-12T18:58:09.177400" level="DEBUG">Finished Request</msg>
<msg time="2025-11-12T18:58:09.179380" level="DEBUG">Opened application with session id 2898e994-8d93-42a6-adbf-0b7b6f8ff109</msg>
<msg time="2025-11-12T18:58:09.179380" level="TRACE">Return: 1</msg>
<arg>http://localhost:4723</arg>
<arg>platformName=Android</arg>
<arg>deviceName=Android Emulator</arg>
<arg>automationName=UiAutomator2</arg>
<arg>app=${EXECDIR}/apps/sauceLab_NEW_2.2.0-25.apk</arg>
<arg>udid=emulator-5554</arg>
<arg>autoGrantPermissions=true</arg>
<doc>Opens a new application to the given Appium server.
Capabilities of appium server, Android and iOS,
Please check https://appium.io/docs/en/2.19/guides/caps/
| *Option*            | *Man.* | *Description*     |
| remote_url          | Yes    | Appium server url |
| alias               | No     | alias             |</doc>
<status status="PASS" start="2025-11-12T18:58:00.817634" elapsed="8.361746"/>
</kw>
<kw name="Wait Until Element Is Visible" owner="AppiumLibrary">
<msg time="2025-11-12T18:58:09.179380" level="TRACE">Arguments: [ 'xpath=//*[@content-desc="App logo and name"]' ]</msg>
<msg time="2025-11-12T18:58:09.179380" level="DEBUG">POST http://localhost:4723/session/2898e994-8d93-42a6-adbf-0b7b6f8ff109/elements {'using': 'xpath', 'value': '//*[@content-desc="App logo and name"]'}</msg>
<msg time="2025-11-12T18:58:09.180380" level="DEBUG">Starting new HTTP connection (1): localhost:4723</msg>
<msg time="2025-11-12T18:58:11.965318" level="DEBUG">http://localhost:4723 "POST /session/2898e994-8d93-42a6-adbf-0b7b6f8ff109/elements HTTP/1.1" 200 0</msg>
<msg time="2025-11-12T18:58:11.965318" level="DEBUG">Remote response: status=200 | data={"value":[{"element-6066-11e4-a52e-4f735466cecf":"00000000-0000-03f5-ffff-ffff0000001a","ELEMENT":"00000000-0000-03f5-ffff-ffff0000001a"}]} | headers=HTTPHeaderDict({'X-Powered-By': 'Express', 'Vary': 'X-HTTP-Method-Override', 'Content-Type': 'application/json; charset=utf-8', 'Content-Length': '139', 'ETag': 'W/"8b-cQFuDU+5dM0HQ7ViTJskCcLlT9c"', 'Date': 'Wed, 12 Nov 2025 21:58:11 GMT', 'Connection': 'keep-alive', 'Keep-Alive': 'timeout=600'})</msg>
<msg time="2025-11-12T18:58:11.965318" level="DEBUG">Finished Request</msg>
<msg time="2025-11-12T18:58:11.965318" level="DEBUG">GET http://localhost:4723/session/2898e994-8d93-42a6-adbf-0b7b6f8ff109/element/00000000-0000-03f5-ffff-ffff0000001a/displayed {}</msg>
<msg time="2025-11-12T18:58:11.966317" level="DEBUG">Starting new HTTP connection (1): localhost:4723</msg>
<msg time="2025-11-12T18:58:14.060543" level="DEBUG">http://localhost:4723 "GET /session/2898e994-8d93-42a6-adbf-0b7b6f8ff109/element/00000000-0000-03f5-ffff-ffff0000001a/displayed HTTP/1.1" 200 0</msg>
<msg time="2025-11-12T18:58:14.060543" level="DEBUG">Remote response: status=200 | data={"value":true} | headers=HTTPHeaderDict({'X-Powered-By': 'Express', 'Content-Type': 'application/json; charset=utf-8', 'Content-Length': '14', 'ETag': 'W/"e-2ZHvAWebNQpyjGZTg6uyV8/spTo"', 'Date': 'Wed, 12 Nov 2025 21:58:14 GMT', 'Connection': 'keep-alive', 'Keep-Alive': 'timeout=600'})</msg>
<msg time="2025-11-12T18:58:14.060543" level="DEBUG">Finished Request</msg>
<msg time="2025-11-12T18:58:14.060543" level="INFO">xpath criteria: //*[@content-desc="App logo and name"]</msg>
<msg time="2025-11-12T18:58:14.060543" level="TRACE">Return: None</msg>
<arg>xpath=//*[@content-desc="App logo and name"]</arg>
<doc>Waits until the element specified by the ``locator`` is visible.</doc>
<status status="PASS" start="2025-11-12T18:58:09.179380" elapsed="4.881163"/>
</kw>
<kw name="Wait Until Page Contains" owner="AppiumLibrary">
<msg time="2025-11-12T18:58:14.060543" level="TRACE">Arguments: [ text='Products' ]</msg>
<msg time="2025-11-12T18:58:14.061552" level="DEBUG">GET http://localhost:4723/session/2898e994-8d93-42a6-adbf-0b7b6f8ff109/source {}</msg>
<msg time="2025-11-12T18:58:14.061552" level="DEBUG">Starting new HTTP connection (1): localhost:4723</msg>
<msg time="2025-11-12T18:58:16.241764" level="DEBUG">http://localhost:4723 "GET /session/2898e994-8d93-42a6-adbf-0b7b6f8ff109/source HTTP/1.1" 200 0</msg>
<msg time="2025-11-12T18:58:16.242763" level="DEBUG">Remote response: status=200 | data={"value":"&lt;?xml version='1.0' encoding='UTF-8' standalone='yes' ?&gt;\r\n&lt;hierarchy index=\"0\" class=\"hierarchy\" rotation=\"0\" width=\"1080\" height=\"2400\"&gt;\r\n  &lt;android.widget.FrameLayout index=\"0\" package=\"com.saucelabs.mydemoapp.android\" class=\"android.widget.FrameLayout\" text=\"\" checkable=\"false\" checked=\"false\" clickable=\"false\" enabled=\"true\" focusable=\"false\" focused=\"false\" long-clickable=\"false\" password=\"false\" scrollable=\"false\" selected=\"false\" bounds=\"[0,0][1080,2400]\" displayed=\"true\" a11y-important=\"true\" screen-reader-focusable=\"false\" drawing-order=\"0\" showing-hint=\"false\" text-entry-key=\"false\" dismissable=\"false\" a11y-focused=\"false\" heading=\"false\" live-region=\"0\" context-clickable=\"false\" content-invalid=\"false\"&gt;\r\n    &lt;android.widget.LinearLayout index=\"0\" package=\"com.saucelabs.mydemoapp.android\" class=\"android.widget.LinearLayout\" text=\"\" checkable=\"false\" checked=\"false\" clickable=\"false\" enabled=\"true\" focusable=\"false\" focused=\"false\" long-clickable=\"false\" password=\"false\" scrollable=\"false\" selected=\"false\" bounds=\"[0,0][1080,2337]\" displayed=\"true\" a11y-important=\"false\" screen-reader-focusable=\"false\" drawing-order=\"1\" showing-hint=\"false\" text-entry-key=\"false\" dismissable=\"false\" a11y-focused=\"false\" heading=\"false\" live-region=\"0\" context-clickable=\"false\" content-invalid=\"false\"&gt;\r\n      &lt;android.widget.FrameLayout index=\"0\" package=\"com.saucelabs.mydemoapp.android\" class=\"android.widget.FrameLayout\" text=\"\" checkable=\"false\" checked=\"false\" clickable=\"false\" enabled=\"true\" focusable=\"false\" focused=\"false\" long-clickable=\"false\" password=\"false\" scrollable=\"false\" selected=\"false\" bounds=\"[0,63][1080,2337]\" displayed=\"true\" a11y-important=\"false\" screen-reader-focusable=\"false\" drawing-order=\"2\" showing-hint=\"false\" text-entry-key=\"false\" dismissable=\"false\" a11y-focused=\"false\" heading=\"false\" live-region=\"0\" context-clickable=\"false\" content-invalid=\"false\"&gt;\r\n        &lt;android.widget.LinearLayout index=\"0\" package=\"com.saucelabs.mydemoapp.android\" class=\"android.widget.LinearLayout\" text=\"\" resource-id=\"com.saucelabs.mydemoapp.android:id/action_bar_root\" checkable=\"false\" checked=\"false\" clickable=\"false\" enabled=\"true\" focusable=\"false\" focused=\"false\" long-clickable=\"false\" password=\"false\" scrollable=\"false\" selected=\"false\" bounds=\"[0,63][1080,2337]\" displayed=\"true\" a11y-important=\"false\" screen-reader-focusable=\"false\" drawing-order=\"1\" showing-hint=\"false\" text-entry-key=\"false\" dismissable=\"false\" a11y-focused=\"false\" heading=\"false\" live-region=\"0\" context-clickable=\"false\" content-invalid=\"false\"&gt;\r\n          &lt;android.widget.FrameLayout index=\"0\" package=\"com.saucelabs.mydemoapp.android\" class=\"android.widget.FrameLayout\" text=\"\" resource-id=\"android:id/content\" checkable=\"false\" checked=\"false\" clickable=\"false\" enabled=\"true\" focusable=\"false\" focused=\"false\" long-clickable=\"false\" password=\"false\" scrollable=\"false\" selected=\"false\" bounds=\"[0,63][1080,2337]\" displayed=\"true\" a11y-important=\"false\" screen-reader-focusable=\"false\" drawing-order=\"2\" showing-hint=\"false\" text-entry-key=\"false\" dismissable=\"false\" a11y-focused=\"false\" heading=\"false\" live-region=\"0\" context-clickable=\"false\" content-invalid=\"false\"&gt;\r\n            &lt;androidx.drawerlayout.widget.DrawerLayout index=\"0\" package=\"com.saucelabs.mydemoapp.android\" class=\"androidx.drawerlayout.widget.DrawerLayout\" text=\"\" resource-id=\"com.saucelabs.mydemoapp.android:id/container\" checkable=\"false\" checked=\"false\" clickable=\"false\" enabled=\"true\" focusable=\"false\" focused=\"false\" long-clickable=\"false\" password=\"false\" scrollable=\"false\" selected=\"false\" bounds=\"[0,63][1080,2337]\" displayed=\"true\" a11y-important=\"true\" screen-reader-focusable=\"false\" drawing-order=\"1\" showing-hint=\"false\" text-entry-key=\"false\" dismissable=\"false\" a11y-focused=\"false\" heading=\"false\" live-region=\"0\" context-clickable=\"false\" content-invalid=\"false\"&gt;\r\n              &lt;android.view.ViewGroup index=\"0\" package=\"com.saucelabs.mydemoapp.android\" class=\"android.view.ViewGroup\" text=\"\" checkable=\"false\" checked=\"false\" clickable=\"false\" enabled=\"true\" focusable=\"false\" focused=\"false\" long-clickable=\"false\" password=\"false\" scrollable=\"false\" selected=\"false\" bounds=\"[0,63][1080,2337]\" displayed=\"true\" a11y-important=\"true\" screen-reader-focusable=\"false\" drawing-order=\"1\" showing-hint=\"false\" text-entry-key=\"false\" dismissable=\"false\" a11y-focused=\"false\" heading=\"false\" live-region=\"0\" context-clickable=\"false\" content-invalid=\"false\"&gt;\r\n                &lt;android.view.ViewGroup index=\"0\" package=\"com.saucelabs.mydemoapp.android\" class=\"android.view.ViewGroup\" text=\"\" resource-id=\"com.saucelabs.mydemoapp.android:id/header\" checkable=\"false\" checked=\"false\" clickable=\"false\" enabled=\"true\" focusable=\"false\" focused=\"false\" long-clickable=\"false\" password=\"false\" scrollable=\"false\" selected=\"false\" bounds=\"[0,63][1080,194]\" displayed=\"true\" a11y-important=\"false\" screen-reader-focusable=\"false\" drawing-order=\"1\" showing-hint=\"false\" text-entry-key=\"false\" dismissable=\"false\" a11y-focused=\"false\" heading=\"false\" live-region=\"0\" context-clickable=\"false\" content-invalid=\"false\"&gt;\r\n                  &lt;android.widget.ImageView index=\"0\" package=\"com.saucelabs.mydemoapp.android\" class=\"android.widget.ImageView\" text=\"\" content-desc=\"App logo and name\" resource-id=\"com.saucelabs.mydemoapp.android:id/mTvTitle\" checkable=\"false\" checked=\"false\" clickable=\"false\" enabled=\"true\" focusable=\"false\" focused=\"false\" long-clickable=\"false\" password=\"false\" scrollable=\"false\" selected=\"false\" bounds=\"[0,102][1080,155]\" displayed=\"true\" a11y-important=\"true\" screen-reader-focusable=\"false\" drawing-order=\"4\" showing-hint=\"false\" text-entry-key=\"false\" dismissable=\"false\" a11y-focused=\"false\" heading=\"false\" live-region=\"0\" context-clickable=\"false\" content-invalid=\"false\" /&gt;\r\n                  &lt;android.widget.ImageView index=\"1\" package=\"com.saucelabs.mydemoapp.android\" class=\"android.widget.ImageView\" text=\"\" content-desc=\"View menu\" resource-id=\"com.saucelabs.mydemoapp.android:id/menuIV\" checkable=\"false\" checked=\"false\" clickable=\"true\" enabled=\"true\" focusable=\"true\" focused=\"false\" long-clickable=\"false\" password=\"false\" scrollable=\"false\" selected=\"false\" bounds=\"[32,89][111,168]\" displayed=\"true\" a11y-important=\"true\" screen-reader-focusable=\"false\" drawing-order=\"1\" showing-hint=\"false\" text-entry-key=\"false\" dismissable=\"false\" a11y-focused=\"false\" heading=\"false\" live-region=\"0\" context-clickable=\"false\" content-invalid=\"false\" /&gt;\r\n                  &lt;android.widget.ImageView index=\"2\" package=\"com.saucelabs.mydemoapp.android\" class=\"android.widget.ImageView\" text=\"\" content-desc=\"Shows current sorting order and displays available sorting options\" resource-id=\"com.saucelabs.mydemoapp.android:id/sortIV\" checkable=\"false\" checked=\"false\" clickable=\"true\" enabled=\"true\" focusable=\"true\" focused=\"false\" long-clickable=\"false\" password=\"false\" scrollable=\"false\" selected=\"false\" bounds=\"[874,97][937,160]\" displayed=\"true\" a11y-important=\"true\" screen-reader-focusable=\"false\" drawing-order=\"2\" showing-hint=\"false\" text-entry-key=\"false\" dismissable=\"false\" a11y-focused=\"false\" heading=\"false\" live-region=\"0\" context-clickable=\"false\" content-invalid=\"false\" /&gt;\r\n                  &lt;android.widget.RelativeLayout index=\"3\" package=\"com.saucelabs.mydemoapp.android\" class=\"android.widget.RelativeLayout\" text=\"\" content-desc=\"View cart\" resource-id=\"com.saucelabs.mydemoapp.android:id/cartRL\" checkable=\"false\" checked=\"false\" clickable=\"true\" enabled=\"true\" focusable=\"true\" focused=\"false\" long-clickable=\"false\" password=\"false\" scrollable=\"false\" selected=\"false\" bounds=\"[969,89][1048,168]\" displayed=\"true\" a11y-important=\"true\" screen-reader-focusable=\"false\" drawing-order=\"3\" showing-hint=\"false\" text-entry-key=\"false\" dismissable=\"false\" a11y-focused=\"false\" heading=\"false\" live-region=\"0\" context-clickable=\"false\" content-invalid=\"false\"&gt;\r\n                    &lt;android.widget.ImageView index=\"0\" package=\"com.saucelabs.mydemoapp.android\" class=\"android.widget.ImageView\" text=\"\" content-desc=\"Displays number of items in your cart\" resource-id=\"com.saucelabs.mydemoapp.android:id/cartIV\" checkable=\"false\" checked=\"false\" clickable=\"false\" enabled=\"true\" focusable=\"false\" focused=\"false\" long-clickable=\"false\" password=\"false\" scrollable=\"false\" selected=\"false\" bounds=\"[969,97][1027,160]\" displayed=\"true\" a11y-important=\"true\" screen-reader-focusable=\"false\" drawing-order=\"1\" showing-hint=\"false\" text-entry-key=\"false\" dismissable=\"false\" a11y-focused=\"false\" heading=\"false\" live-region=\"0\" context-clickable=\"false\" content-invalid=\"false\" /&gt;\r\n                  &lt;/android.widget.RelativeLayout&gt;\r\n                  &lt;android.view.View index=\"4\" package=\"com.saucelabs.mydemoapp.android\" class=\"android.view.View\" text=\"\" checkable=\"false\" checked=\"false\" clickable=\"false\" enabled=\"true\" focusable=\"false\" focused=\"false\" long-clickable=\"false\" password=\"false\" scrollable=\"false\" selected=\"false\" bounds=\"[0,193][1080,194]\" displayed=\"true\" a11y-important=\"false\" screen-reader-focusable=\"false\" drawing-order=\"5\" showing-hint=\"false\" text-entry-key=\"false\" dismissable=\"false\" a11y-focused=\"false\" heading=\"false\" live-region=\"0\" context-clickable=\"false\" content-invalid=\"false\" /&gt;\r\n                &lt;/android.view.ViewGroup&gt;\r\n                &lt;android.widget.FrameLayout index=\"1\" package=\"com.saucelabs.mydemoapp.android\" class=\"android.widget.FrameLayout\" text=\"\" content-desc=\"Container for fragments\" resource-id=\"com.saucelabs.mydemoapp.android:id/fragment_container\" checkable=\"false\" checked=\"false\" clickable=\"false\" enabled=\"true\" focusable=\"false\" focused=\"false\" long-clickable=\"false\" password=\"false\" scrollable=\"false\" selected=\"false\" bounds=\"[0,194][1080,2337]\" displayed=\"true\" a11y-important=\"true\" screen-reader-focusable=\"false\" drawing-order=\"2\" showing-hint=\"false\" text-entry-key=\"false\" dismissable=\"false\" a11y-focused=\"false\" heading=\"false\" live-region=\"0\" context-clickable=\"false\" content-invalid=\"false\"&gt;\r\n                  &lt;android.view.ViewGroup index=\"0\" package=\"com.saucelabs.mydemoapp.android\" class=\"android.view.ViewGroup\" text=\"\" checkable=\"false\" checked=\"false\" clickable=\"false\" enabled=\"true\" focusable=\"false\" focused=\"false\" long-clickable=\"false\" password=\"false\" scrollable=\"false\" selected=\"false\" bounds=\"[0,194][1080,2337]\" displayed=\"true\" a11y-important=\"false\" screen-reader-focusable=\"false\" drawing-order=\"1\" showing-hint=\"false\" text-entry-key=\"false\" dismissable=\"false\" a11y-focused=\"false\" heading=\"false\" live-region=\"0\" context-clickable=\"false\" content-invalid=\"false\"&gt;\r\n                    &lt;android.widget.TextView index=\"0\" package=\"com.saucelabs.mydemoapp.android\" class=\"android.widget.TextView\" text=\"Products\" content-desc=\"title\" resource-id=\"com.saucelabs.mydemoapp.android:id/productTV\" checkable=\"false\" checked=\"false\" clickable=\"false\" enabled=\"true\" focusable=\"false\" focused=\"false\" long-clickable=\"false\" password=\"false\" scrollable=\"false\" selected=\"false\" bounds=\"[52,273][296,348]\" displayed=\"true\" a11y-important=\"true\" screen-reader-focusable=\"false\" drawing-order=\"1\" showing-hint=\"false\" text-entry-key=\"false\" dismissable=\"false\" a11y-focused=\"false\" heading=\"false\" live-region=\"0\" context-clickable=\"false\" content-invalid=\"false\" /&gt;\r\n                    &lt;android.widget.ScrollView index=\"1\" package=\"com.saucelabs.mydemoapp.android\" class=\"android.widget.ScrollView\" text=\"\" content-desc=\"Scrollview manages views in given screen size\" resource-id=\"com.saucelabs.mydemoapp.android:id/scrollView\" checkable=\"false\" checked=\"false\" clickable=\"false\" enabled=\"true\" focusable=\"true\" focused=\"false\" long-clickable=\"false\" password=\"false\" scrollable=\"true\" selected=\"false\" bounds=\"[31,440][1049,2337]\" displayed=\"true\" a11y-important=\"true\" screen-reader-focusable=\"false\" drawing-order=\"2\" showing-hint=\"false\" text-entry-key=\"false\" dismissable=\"false\" a11y-focused=\"false\" heading=\"false\" live-region=\"0\" context-clickable=\"false\" content-invalid=\"false\"&gt;\r\n                      &lt;android.view.ViewGroup index=\"0\" package=\"com.saucelabs.mydemoapp.android\" class=\"android.view.ViewGroup\" text=\"\" checkable=\"false\" checked=\"false\" clickable=\"false\" enabled=\"true\" focusable=\"false\" focused=\"false\" long-clickable=\"false\" password=\"false\" scrollable=\"false\" selected=\"false\" bounds=\"[31,440][1049,2337]\" displayed=\"true\" a11y-important=\"false\" screen-reader-focusable=\"false\" drawing-order=\"1\" showing-hint=\"false\" text-entry-key=\"false\" dismissable=\"false\" a11y-focused=\"false\" heading=\"false\" live-region=\"0\" context-clickable=\"false\" content-invalid=\"false\"&gt;\r\n                        &lt;androidx.recyclerview.widget.RecyclerView index=\"0\" package=\"com.saucelabs.mydemoapp.android\" class=\"androidx.recyclerview.widget.RecyclerView\" text=\"\" content-desc=\"Displays all products of catalog\" resource-id=\"com.saucelabs.mydemoapp.android:id/productRV\" checkable=\"false\" checked=\"false\" clickable=\"false\" enabled=\"true\" focusable=\"true\" focused=\"false\" long-clickable=\"false\" password=\"false\" scrollable=\"false\" selected=\"false\" bounds=\"[31,440][1049,2337]\" displayed=\"true\" a11y-important=\"true\" screen-reader-focusable=\"false\" drawing-order=\"1\" showing-hint=\"false\" text-entry-key=\"false\" dismissable=\"false\" a11y-focused=\"false\" heading=\"false\" live-region=\"0\" context-clickable=\"false\" content-invalid=\"false\"&gt;\r\n                          &lt;android.view.ViewGroup index=\"0\" package=\"com.saucelabs.mydemoapp.android\" class=\"android.view.ViewGroup\" text=\"\" checkable=\"false\" checked=\"false\" clickable=\"false\" enabled=\"true\" focusable=\"false\" focused=\"false\" long-clickable=\"false\" password=\"false\" scrollable=\"false\" selected=\"false\" bounds=\"[52,440][519,1332]\" displayed=\"true\" a11y-important=\"true\" screen-reader-focusable=\"false\" drawing-order=\"1\" showing-hint=\"false\" text-entry-key=\"false\" dismissable=\"false\" a11y-focused=\"false\" heading=\"false\" live-region=\"0\" context-clickable=\"false\" content-invalid=\"false\"&gt;\r\n                            &lt;android.widget.ImageView index=\"0\" package=\"com.saucelabs.mydemoapp.android\" class=\"android.widget.ImageView\" text=\"\" content-desc=\"Product Image\" resource-id=\"com.saucelabs.mydemoapp.android:id/productIV\" checkable=\"false\" checked=\"false\" clickable=\"true\" enabled=\"true\" focusable=\"true\" focused=\"false\" long-clickable=\"false\" password=\"false\" scrollable=\"false\" selected=\"false\" bounds=\"[52,440][519,1023]\" displayed=\"true\" a11y-important=\"true\" screen-reader-focusable=\"false\" drawing-order=\"1\" showing-hint=\"false\" text-entry-key=\"false\" dismissable=\"false\" a11y-focused=\"false\" heading=\"false\" live-region=\"0\" context-clickable=\"false\" content-invalid=\"false\" /&gt;\r\n                            &lt;android.widget.TextView index=\"1\" package=\"com.saucelabs.mydemoapp.android\" class=\"android.widget.TextView\" text=\"Sauce Labs Backpack\" content-desc=\"Product Title\" resource-id=\"com.saucelabs.mydemoapp.android:id/titleTV\" checkable=\"false\" checked=\"false\" clickable=\"false\" enabled=\"true\" focusable=\"false\" focused=\"false\" long-clickable=\"false\" password=\"false\" scrollable=\"false\" selected=\"false\" bounds=\"[52,1036][411,1087]\" displayed=\"true\" a11y-important=\"true\" screen-reader-focusable=\"false\" drawing-order=\"2\" showing-hint=\"false\" text-entry-key=\"false\" dismissable=\"false\" a11y-focused=\"false\" heading=\"false\" live-region=\"0\" context-clickable=\"false\" content-invalid=\"false\" /&gt;\r\n                            &lt;android.widget.TextView index=\"2\" package=\"com.saucelabs.mydemoapp.android\" class=\"android.widget.TextView\" text=\"$ 29.99\" content-desc=\"Product Price\" resource-id=\"com.saucelabs.mydemoapp.android:id/priceTV\" checkable=\"false\" checked=\"false\" clickable=\"false\" enabled=\"true\" focusable=\"false\" focused=\"false\" long-clickable=\"false\" password=\"false\" scrollable=\"false\" selected=\"false\" bounds=\"[52,1126][230,1197]\" displayed=\"true\" a11y-important=\"true\" screen-reader-focusable=\"false\" drawing-order=\"3\" showing-hint=\"false\" text-entry-key=\"false\" dismissable=\"false\" a11y-focused=\"false\" heading=\"false\" live-region=\"0\" context-clickable=\"false\" content-invalid=\"false\" /&gt;\r\n                            &lt;android.view.ViewGroup index=\"3\" package=\"com.saucelabs.mydemoapp.android\" class=\"android.view.ViewGroup\" text=\"\" resource-id=\"com.saucelabs.mydemoapp.android:id/rattingV\" checkable=\"false\" checked=\"false\" clickable=\"false\" enabled=\"true\" focusable=\"false\" focused=\"false\" long-clickable=\"false\" password=\"false\" scrollable=\"false\" selected=\"false\" bounds=\"[52,1236][369,1289]\" displayed=\"true\" a11y-important=\"false\" screen-reader-focusable=\"false\" drawing-order=\"4\" showing-hint=\"false\" text-entry-key=\"false\" dismissable=\"false\" a11y-focused=\"false\" heading=\"false\" live-region=\"0\" context-clickable=\"false\" content-invalid=\"false\"&gt;\r\n                              &lt;android.widget.LinearLayout index=\"0\" package=\"com.saucelabs.mydemoapp.android\" class=\"android.widget.LinearLayout\" text=\"\" checkable=\"false\" checked=\"false\" clickable=\"false\" enabled=\"true\" focusable=\"false\" focused=\"false\" long-clickable=\"false\" password=\"false\" scrollable=\"false\" selected=\"false\" bounds=\"[52,1236][369,1289]\" displayed=\"true\" a11y-important=\"false\" screen-reader-focusable=\"false\" drawing-order=\"1\" showing-hint=\"false\" text-entry-key=\"false\" dismissable=\"false\" a11y-focused=\"false\" heading=\"false\" live-region=\"0\" context-clickable=\"false\" content-invalid=\"false\"&gt;\r\n                                &lt;android.widget.ImageView index=\"0\" package=\"com.saucelabs.mydemoapp.android\" class=\"android.widget.ImageView\" text=\"\" resource-id=\"com.saucelabs.mydemoapp.android:id/start1IV\" checkable=\"false\" checked=\"false\" clickable=\"true\" enabled=\"true\" focusable=\"true\" focused=\"false\" long-clickable=\"false\" password=\"false\" scrollable=\"false\" selected=\"false\" bounds=\"[52,1236][105,1289]\" displayed=\"true\" a11y-important=\"true\" screen-reader-focusable=\"false\" drawing-order=\"1\" showing-hint=\"false\" text-entry-key=\"false\" dismissable=\"false\" a11y-focused=\"false\" heading=\"false\" live-region=\"0\" context-clickable=\"false\" content-invalid=\"false\" /&gt;\r\n                                &lt;android.widget.ImageView index=\"1\" package=\"com.saucelabs.mydemoapp.android\" class=\"android.widget.ImageView\" text=\"\" resource-id=\"com.saucelabs.mydemoapp.android:id/start2IV\" checkable=\"false\" checked=\"false\" clickable=\"true\" enabled=\"true\" focusable=\"true\" focused=\"false\" long-clickable=\"false\" password=\"false\" scrollable=\"false\" selected=\"false\" bounds=\"[118,1236][171,1289]\" displayed=\"true\" a11y-important=\"true\" screen-reader-focusable=\"false\" drawing-order=\"2\" showing-hint=\"false\" text-entry-key=\"false\" dismissable=\"false\" a11y-focused=\"false\" heading=\"false\" live-region=\"0\" context-clickable=\"false\" content-invalid=\"false\" /&gt;\r\n                                &lt;android.widget.ImageView index=\"2\" package=\"com.saucelabs.mydemoapp.android\" class=\"android.widget.ImageView\" text=\"\" resource-id=\"com.saucelabs.mydemoapp.android:id/start3IV\" checkable=\"false\" checked=\"false\" clickable=\"true\" enabled=\"true\" focusable=\"true\" focused=\"false\" long-clickable=\"false\" password=\"false\" scrollable=\"false\" selected=\"false\" bounds=\"[184,1236][237,1289]\" displayed=\"true\" a11y-important=\"true\" screen-reader-focusable=\"false\" drawing-order=\"3\" showing-hint=\"false\" text-entry-key=\"false\" dismissable=\"false\" a11y-focused=\"false\" heading=\"false\" live-region=\"0\" context-clickable=\"false\" content-invalid=\"false\" /&gt;\r\n                                &lt;android.widget.ImageView index=\"3\" package=\"com.saucelabs.mydemoapp.android\" class=\"android.widget.ImageView\" text=\"\" resource-id=\"com.saucelabs.mydemoapp.android:id/start4IV\" checkable=\"false\" checked=\"false\" clickable=\"true\" enabled=\"true\" focusable=\"true\" focused=\"false\" long-clickable=\"false\" password=\"false\" scrollable=\"false\" selected=\"false\" bounds=\"[250,1236][303,1289]\" displayed=\"true\" a11y-important=\"true\" screen-reader-focusable=\"false\" drawing-order=\"4\" showing-hint=\"false\" text-entry-key=\"false\" dismissable=\"false\" a11y-focused=\"false\" heading=\"false\" live-region=\"0\" context-clickable=\"false\" content-invalid=\"false\" /&gt;\r\n                                &lt;android.widget.ImageView index=\"4\" package=\"com.saucelabs.mydemoapp.android\" class=\"android.widget.ImageView\" text=\"\" resource-id=\"com.saucelabs.mydemoapp.android:id/start5IV\" checkable=\"false\" checked=\"false\" clickable=\"true\" enabled=\"true\" focusable=\"true\" focused=\"false\" long-clickable=\"false\" password=\"false\" scrollable=\"false\" selected=\"false\" bounds=\"[316,1236][369,1289]\" displayed=\"true\" a11y-important=\"true\" screen-reader-focusable=\"false\" drawing-order=\"5\" showing-hint=\"false\" text-entry-key=\"false\" dismissable=\"false\" a11y-focused=\"false\" heading=\"false\" live-region=\"0\" context-clickable=\"false\" content-invalid=\"false\" /&gt;\r\n                              &lt;/android.widget.LinearLayout&gt;\r\n                            &lt;/android.view.ViewGroup&gt;\r\n                          &lt;/android.view.ViewGroup&gt;\r\n                          &lt;android.view.ViewGroup index=\"1\" package=\"com.saucelabs.mydemoapp.android\" class=\"android.view.ViewGroup\" text=\"\" checkable=\"false\" checked=\"false\" clickable=\"false\" enabled=\"true\" focusable=\"false\" focused=\"false\" long-clickable=\"false\" password=\"false\" scrollable=\"false\" selected=\"false\" bounds=\"[561,440][1028,1332]\" displayed=\"true\" a11y-important=\"true\" screen-reader-focusable=\"false\" drawing-order=\"2\" showing-hint=\"false\" text-entry-key=\"false\" dismissable=\"false\" a11y-focused=\"false\" heading=\"false\" live-region=\"0\" context-clickable=\"false\" content-invalid=\"false\"&gt;\r\n                            &lt;android.widget.ImageView index=\"0\" package=\"com.saucelabs.mydemoapp.android\" class=\"android.widget.ImageView\" text=\"\" content-desc=\"Product Image\" resource-id=\"com.saucelabs.mydemoapp.android:id/productIV\" checkable=\"false\" checked=\"false\" clickable=\"true\" enabled=\"true\" focusable=\"true\" focused=\"false\" long-clickable=\"false\" password=\"false\" scrollable=\"false\" selected=\"false\" bounds=\"[561,440][1028,1023]\" displayed=\"true\" a11y-important=\"true\" screen-reader-focusable=\"false\" drawing-order=\"1\" showing-hint=\"false\" text-entry-key=\"false\" dismissable=\"false\" a11y-focused=\"false\" heading=\"false\" live-region=\"0\" context-clickable=\"false\" content-invalid=\"false\" /&gt;\r\n                            &lt;android.widget.TextView index=\"1\" package=\"com.saucelabs.mydemoapp.android\" class=\"android.widget.TextView\" text=\"Sauce Labs Backpack (green)\" content-desc=\"Product Title\" resource-id=\"com.saucelabs.mydemoapp.android:id/titleTV\" checkable=\"false\" checked=\"false\" clickable=\"false\" enabled=\"true\" focusable=\"false\" focused=\"false\" long-clickable=\"false\" password=\"false\" scrollable=\"false\" selected=\"false\" bounds=\"[561,1036][1028,1130]\" displayed=\"true\" a11y-important=\"true\" screen-reader-focusable=\"false\" drawing-order=\"2\" showing-hint=\"false\" text-entry-key=\"false\" dismissable=\"false\" a11y-focused=\"false\" heading=\"false\" live-region=\"0\" context-clickable=\"false\" content-invalid=\"false\" /&gt;\r\n                            &lt;android.widget.TextView index=\"2\" package=\"com.saucelabs.mydemoapp.android\" class=\"android.widget.TextView\" text=\"$ 29.99\" content-desc=\"Product Price\" resource-id=\"com.saucelabs.mydemoapp.android:id/priceTV\" checkable=\"false\" checked=\"false\" clickable=\"false\" enabled=\"true\" focusable=\"false\" focused=\"false\" long-clickable=\"false\" password=\"false\" scrollable=\"false\" selected=\"false\" bounds=\"[561,1169][739,1240]\" displayed=\"true\" a11y-important=\"true\" screen-reader-focusable=\"false\" drawing-order=\"3\" showing-hint=\"false\" text-entry-key=\"false\" dismissable=\"false\" a11y-focused=\"false\" heading=\"false\" live-region=\"0\" context-clickable=\"false\" content-invalid=\"false\" /&gt;\r\n                            &lt;android.view.ViewGroup index=\"3\" package=\"com.saucelabs.mydemoapp.android\" class=\"android.view.ViewGroup\" text=\"\" resource-id=\"com.saucelabs.mydemoapp.android:id/rattingV\" checkable=\"false\" checked=\"false\" clickable=\"false\" enabled=\"true\" focusable=\"false\" focused=\"false\" long-clickable=\"false\" password=\"false\" scrollable=\"false\" selected=\"false\" bounds=\"[561,1279][878,1332]\" displayed=\"true\" a11y-important=\"false\" screen-reader-focusable=\"false\" drawing-order=\"4\" showing-hint=\"false\" text-entry-key=\"false\" dismissable=\"false\" a11y-focused=\"false\" heading=\"false\" live-region=\"0\" context-clickable=\"false\" content-invalid=\"false\"&gt;\r\n                              &lt;android.widget.LinearLayout index=\"0\" package=\"com.saucelabs.mydemoapp.android\" class=\"android.widget.LinearLayout\" text=\"\" checkable=\"false\" checked=\"false\" clickable=\"false\" enabled=\"true\" focusable=\"false\" focused=\"false\" long-clickable=\"false\" password=\"false\" scrollable=\"false\" selected=\"false\" bounds=\"[561,1279][878,1332]\" displayed=\"true\" a11y-important=\"false\" screen-reader-focusable=\"false\" drawing-order=\"1\" showing-hint=\"false\" text-entry-key=\"false\" dismissable=\"false\" a11y-focused=\"false\" heading=\"false\" live-region=\"0\" context-clickable=\"false\" content-invalid=\"false\"&gt;\r\n                                &lt;android.widget.ImageView index=\"0\" package=\"com.saucelabs.mydemoapp.android\" class=\"android.widget.ImageView\" text=\"\" resource-id=\"com.saucelabs.mydemoapp.android:id/start1IV\" checkable=\"false\" checked=\"false\" clickable=\"true\" enabled=\"true\" focusable=\"true\" focused=\"false\" long-clickable=\"false\" password=\"false\" scrollable=\"false\" selected=\"false\" bounds=\"[561,1279][614,1332]\" displayed=\"true\" a11y-important=\"true\" screen-reader-focusable=\"false\" drawing-order=\"1\" showing-hint=\"false\" text-entry-key=\"false\" dismissable=\"false\" a11y-focused=\"false\" heading=\"false\" live-region=\"0\" context-clickable=\"false\" content-invalid=\"false\" /&gt;\r\n                                &lt;android.widget.ImageView index=\"1\" package=\"com.saucelabs.mydemoapp.android\" class=\"android.widget.ImageView\" text=\"\" resource-id=\"com.saucelabs.mydemoapp.android:id/start2IV\" checkable=\"false\" checked=\"false\" clickable=\"true\" enabled=\"true\" focusable=\"true\" focused=\"false\" long-clickable=\"false\" password=\"false\" scrollable=\"false\" selected=\"false\" bounds=\"[627,1279][680,1332]\" displayed=\"true\" a11y-important=\"true\" screen-reader-focusable=\"false\" drawing-order=\"2\" showing-hint=\"false\" text-entry-key=\"false\" dismissable=\"false\" a11y-focused=\"false\" heading=\"false\" live-region=\"0\" context-clickable=\"false\" content-invalid=\"false\" /&gt;\r\n                                &lt;android.widget.ImageView index=\"2\" package=\"com.saucelabs.mydemoapp.android\" class=\"android.widget.ImageView\" text=\"\" resource-id=\"com.saucelabs.mydemoapp.android:id/start3IV\" checkable=\"false\" checked=\"false\" clickable=\"true\" enabled=\"true\" focusable=\"true\" focused=\"false\" long-clickable=\"false\" password=\"false\" scrollable=\"false\" selected=\"false\" bounds=\"[693,1279][746,1332]\" displayed=\"true\" a11y-important=\"true\" screen-reader-focusable=\"false\" drawing-order=\"3\" showing-hint=\"false\" text-entry-key=\"false\" dismissable=\"false\" a11y-focused=\"false\" heading=\"false\" live-region=\"0\" context-clickable=\"false\" content-invalid=\"false\" /&gt;\r\n                                &lt;android.widget.ImageView index=\"3\" package=\"com.saucelabs.mydemoapp.android\" class=\"android.widget.ImageView\" text=\"\" resource-id=\"com.saucelabs.mydemoapp.android:id/start4IV\" checkable=\"false\" checked=\"false\" clickable=\"true\" enabled=\"true\" focusable=\"true\" focused=\"false\" long-clickable=\"false\" password=\"false\" scrollable=\"false\" selected=\"false\" bounds=\"[759,1279][812,1332]\" displayed=\"true\" a11y-important=\"true\" screen-reader-focusable=\"false\" drawing-order=\"4\" showing-hint=\"false\" text-entry-key=\"false\" dismissable=\"false\" a11y-focused=\"false\" heading=\"false\" live-region=\"0\" context-clickable=\"false\" content-invalid=\"false\" /&gt;\r\n                                &lt;android.widget.ImageView index=\"4\" package=\"com.saucelabs.mydemoapp.android\" class=\"android.widget.ImageView\" text=\"\" resource-id=\"com.saucelabs.mydemoapp.android:id/start5IV\" checkable=\"false\" checked=\"false\" clickable=\"true\" enabled=\"true\" focusable=\"true\" focused=\"false\" long-clickable=\"false\" password=\"false\" scrollable=\"false\" selected=\"false\" bounds=\"[825,1279][878,1332]\" displayed=\"true\" a11y-important=\"true\" screen-reader-focusable=\"false\" drawing-order=\"5\" showing-hint=\"false\" text-entry-key=\"false\" dismissable=\"false\" a11y-focused=\"false\" heading=\"false\" live-region=\"0\" context-clickable=\"false\" content-invalid=\"false\" /&gt;\r\n                              &lt;/android.widget.LinearLayout&gt;\r\n                            &lt;/android.view.ViewGroup&gt;\r\n                          &lt;/android.view.ViewGroup&gt;\r\n                          &lt;android.view.ViewGroup index=\"2\" package=\"com.saucelabs.mydemoapp.android\" class=\"android.view.ViewGroup\" text=\"\" checkable=\"false\" checked=\"false\" clickable=\"false\" enabled=\"true\" focusable=\"false\" focused=\"false\" long-clickable=\"false\" password=\"false\" scrollable=\"false\" selected=\"false\" bounds=\"[52,1385][519,2277]\" displayed=\"true\" a11y-important=\"true\" screen-reader-focusable=\"false\" drawing-order=\"3\" showing-hint=\"false\" text-entry-key=\"false\" dismissable=\"false\" a11y-focused=\"false\" heading=\"false\" live-region=\"0\" context-clickable=\"false\" content-invalid=\"false\"&gt;\r\n                            &lt;android.widget.ImageView index=\"0\" package=\"com.saucelabs.mydemoapp.android\" class=\"android.widget.ImageView\" text=\"\" content-desc=\"Product Image\" resource-id=\"com.saucelabs.mydemoapp.android:id/productIV\" checkable=\"false\" checked=\"false\" clickable=\"true\" enabled=\"true\" focusable=\"true\" focused=\"false\" long-clickable=\"false\" password=\"false\" scrollable=\"false\" selected=\"false\" bounds=\"[52,1385][519,1968]\" displayed=\"true\" a11y-important=\"true\" screen-reader-focusable=\"false\" drawing-order=\"1\" showing-hint=\"false\" text-entry-key=\"false\" dismissable=\"false\" a11y-focused=\"false\" heading=\"false\" live-region=\"0\" context-clickable=\"false\" content-invalid=\"false\" /&gt;\r\n                            &lt;android.widget.TextView index=\"1\" package=\"com.saucelabs.mydemoapp.android\" class=\"android.widget.TextView\" text=\"Sauce Labs Backpack (orange)\" content-desc=\"Product Title\" resource-id=\"com.saucelabs.mydemoapp.android:id/titleTV\" checkable=\"false\" checked=\"false\" clickable=\"false\" enabled=\"true\" focusable=\"false\" focused=\"false\" long-clickable=\"false\" password=\"false\" scrollable=\"false\" selected=\"false\" bounds=\"[52,1981][519,2075]\" displayed=\"true\" a11y-important=\"true\" screen-reader-focusable=\"false\" drawing-order=\"2\" showing-hint=\"false\" text-entry-key=\"false\" dismissable=\"false\" a11y-focused=\"false\" heading=\"false\" live-region=\"0\" context-clickable=\"false\" content-invalid=\"false\" /&gt;\r\n                            &lt;android.widget.TextView index=\"2\" package=\"com.saucelabs.mydemoapp.android\" class=\"android.widget.TextView\" text=\"$ 29.99\" content-desc=\"Product Price\" resource-id=\"com.saucelabs.mydemoapp.android:id/priceTV\" checkable=\"false\" checked=\"false\" clickable=\"false\" enabled=\"true\" focusable=\"false\" focused=\"false\" long-clickable=\"false\" password=\"false\" scrollable=\"false\" selected=\"false\" bounds=\"[52,2114][230,2185]\" displayed=\"true\" a11y-important=\"true\" screen-reader-focusable=\"false\" drawing-order=\"3\" showing-hint=\"false\" text-entry-key=\"false\" dismissable=\"false\" a11y-focused=\"false\" heading=\"false\" live-region=\"0\" context-clickable=\"false\" content-invalid=\"false\" /&gt;\r\n                            &lt;android.view.ViewGroup index=\"3\" package=\"com.saucelabs.mydemoapp.android\" class=\"android.view.ViewGroup\" text=\"\" resource-id=\"com.saucelabs.mydemoapp.android:id/rattingV\" checkable=\"false\" checked=\"false\" clickable=\"false\" enabled=\"true\" focusable=\"false\" focused=\"false\" long-clickable=\"false\" password=\"false\" scrollable=\"false\" selected=\"false\" bounds=\"[52,2224][369,2277]\" displayed=\"true\" a11y-important=\"false\" screen-reader-focusable=\"false\" drawing-order=\"4\" showing-hint=\"false\" text-entry-key=\"false\" dismissable=\"false\" a11y-focused=\"false\" heading=\"false\" live-region=\"0\" context-clickable=\"false\" content-invalid=\"false\"&gt;\r\n                              &lt;android.widget.LinearLayout index=\"0\" package=\"com.saucelabs.mydemoapp.android\" class=\"android.widget.LinearLayout\" text=\"\" checkable=\"false\" checked=\"false\" clickable=\"false\" enabled=\"true\" focusable=\"false\" focused=\"false\" long-clickable=\"false\" password=\"false\" scrollable=\"false\" selected=\"false\" bounds=\"[52,2224][369,2277]\" displayed=\"true\" a11y-important=\"false\" screen-reader-focusable=\"false\" drawing-order=\"1\" showing-hint=\"false\" text-entry-key=\"false\" dismissable=\"false\" a11y-focused=\"false\" heading=\"false\" live-region=\"0\" context-clickable=\"false\" content-invalid=\"false\"&gt;\r\n                                &lt;android.widget.ImageView index=\"0\" package=\"com.saucelabs.mydemoapp.android\" class=\"android.widget.ImageView\" text=\"\" resource-id=\"com.saucelabs.mydemoapp.android:id/start1IV\" checkable=\"false\" checked=\"false\" clickable=\"true\" enabled=\"true\" focusable=\"true\" focused=\"false\" long-clickable=\"false\" password=\"false\" scrollable=\"false\" selected=\"false\" bounds=\"[52,2224][105,2277]\" displayed=\"true\" a11y-important=\"true\" screen-reader-focusable=\"false\" drawing-order=\"1\" showing-hint=\"false\" text-entry-key=\"false\" dismissable=\"false\" a11y-focused=\"false\" heading=\"false\" live-region=\"0\" context-clickable=\"false\" content-invalid=\"false\" /&gt;\r\n                                &lt;android.widget.ImageView index=\"1\" package=\"com.saucelabs.mydemoapp.android\" class=\"android.widget.ImageView\" text=\"\" resource-id=\"com.saucelabs.mydemoapp.android:id/start2IV\" checkable=\"false\" checked=\"false\" clickable=\"true\" enabled=\"true\" focusable=\"true\" focused=\"false\" long-clickable=\"false\" password=\"false\" scrollable=\"false\" selected=\"false\" bounds=\"[118,2224][171,2277]\" displayed=\"true\" a11y-important=\"true\" screen-reader-focusable=\"false\" drawing-order=\"2\" showing-hint=\"false\" text-entry-key=\"false\" dismissable=\"false\" a11y-focused=\"false\" heading=\"false\" live-region=\"0\" context-clickable=\"false\" content-invalid=\"false\" /&gt;\r\n                                &lt;android.widget.ImageView index=\"2\" package=\"com.saucelabs.mydemoapp.android\" class=\"android.widget.ImageView\" text=\"\" resource-id=\"com.saucelabs.mydemoapp.android:id/start3IV\" checkable=\"false\" checked=\"false\" clickable=\"true\" enabled=\"true\" focusable=\"true\" focused=\"false\" long-clickable=\"false\" password=\"false\" scrollable=\"false\" selected=\"false\" bounds=\"[184,2224][237,2277]\" displayed=\"true\" a11y-important=\"true\" screen-reader-focusable=\"false\" drawing-order=\"3\" showing-hint=\"false\" text-entry-key=\"false\" dismissable=\"false\" a11y-focused=\"false\" heading=\"false\" live-region=\"0\" context-clickable=\"false\" content-invalid=\"false\" /&gt;\r\n                                &lt;android.widget.ImageView index=\"3\" package=\"com.saucelabs.mydemoapp.android\" class=\"android.widget.ImageView\" text=\"\" resource-id=\"com.saucelabs.mydemoapp.android:id/start4IV\" checkable=\"false\" checked=\"false\" clickable=\"true\" enabled=\"true\" focusable=\"true\" focused=\"false\" long-clickable=\"false\" password=\"false\" scrollable=\"false\" selected=\"false\" bounds=\"[250,2224][303,2277]\" displayed=\"true\" a11y-important=\"true\" screen-reader-focusable=\"false\" drawing-order=\"4\" showing-hint=\"false\" text-entry-key=\"false\" dismissable=\"false\" a11y-focused=\"false\" heading=\"false\" live-region=\"0\" context-clickable=\"false\" content-invalid=\"false\" /&gt;\r\n                                &lt;android.widget.ImageView index=\"4\" package=\"com.saucelabs.mydemoapp.android\" class=\"android.widget.ImageView\" text=\"\" resource-id=\"com.saucelabs.mydemoapp.android:id/start5IV\" checkable=\"false\" checked=\"false\" clickable=\"true\" enabled=\"true\" focusable=\"true\" focused=\"false\" long-clickable=\"false\" password=\"false\" scrollable=\"false\" selected=\"false\" bounds=\"[316,2224][369,2277]\" displayed=\"true\" a11y-important=\"true\" screen-reader-focusable=\"false\" drawing-order=\"5\" showing-hint=\"false\" text-entry-key=\"false\" dismissable=\"false\" a11y-focused=\"false\" heading=\"false\" live-region=\"0\" context-clickable=\"false\" content-invalid=\"false\" /&gt;\r\n                              &lt;/android.widget.LinearLayout&gt;\r\n                            &lt;/android.view.ViewGroup&gt;\r\n                          &lt;/android.view.ViewGroup&gt;\r\n                          &lt;android.view.ViewGroup index=\"3\" package=\"com.saucelabs.mydemoapp.android\" class=\"android.view.ViewGroup\" text=\"\" checkable=\"false\" checked=\"false\" clickable=\"false\" enabled=\"true\" focusable=\"false\" focused=\"false\" long-clickable=\"false\" password=\"false\" scrollable=\"false\" selected=\"false\" bounds=\"[561,1385][1028,2277]\" displayed=\"true\" a11y-important=\"true\" screen-reader-focusable=\"false\" drawing-order=\"4\" showing-hint=\"false\" text-entry-key=\"false\" dismissable=\"false\" a11y-focused=\"false\" heading=\"false\" live-region=\"0\" context-clickable=\"false\" content-invalid=\"false\"&gt;\r\n                            &lt;android.widget.ImageView index=\"0\" package=\"com.saucelabs.mydemoapp.android\" class=\"android.widget.ImageView\" text=\"\" content-desc=\"Product Image\" resource-id=\"com.saucelabs.mydemoapp.android:id/productIV\" checkable=\"false\" checked=\"false\" clickable=\"true\" enabled=\"true\" focusable=\"true\" focused=\"false\" long-clickable=\"false\" password=\"false\" scrollable=\"false\" selected=\"false\" bounds=\"[561,1385][1028,1968]\" displayed=\"true\" a11y-important=\"true\" screen-reader-focusable=\"false\" drawing-order=\"1\" showing-hint=\"false\" text-entry-key=\"false\" dismissable=\"false\" a11y-focused=\"false\" heading=\"false\" live-region=\"0\" context-clickable=\"false\" content-invalid=\"false\" /&gt;\r\n                            &lt;android.widget.TextView index=\"1\" package=\"com.saucelabs.mydemoapp.android\" class=\"android.widget.TextView\" text=\"Sauce Labs Backpack (red)\" content-desc=\"Product Title\" resource-id=\"com.saucelabs.mydemoapp.android:id/titleTV\" checkable=\"false\" checked=\"false\" clickable=\"false\" enabled=\"true\" focusable=\"false\" focused=\"false\" long-clickable=\"false\" password=\"false\" scrollable=\"false\" selected=\"false\" bounds=\"[561,1981][1009,2032]\" displayed=\"true\" a11y-important=\"true\" screen-reader-focusable=\"false\" drawing-order=\"2\" showing-hint=\"false\" text-entry-key=\"false\" dismissable=\"false\" a11y-focused=\"false\" heading=\"false\" live-region=\"0\" context-clickable=\"false\" content-invalid=\"false\" /&gt;\r\n                            &lt;android.widget.TextView index=\"2\" package=\"com.saucelabs.mydemoapp.android\" class=\"android.widget.TextView\" text=\"$ 29.99\" content-desc=\"Product Price\" resource-id=\"com.saucelabs.mydemoapp.android:id/priceTV\" checkable=\"false\" checked=\"false\" clickable=\"false\" enabled=\"true\" focusable=\"false\" focused=\"false\" long-clickable=\"false\" password=\"false\" scrollable=\"false\" selected=\"false\" bounds=\"[561,2071][739,2142]\" displayed=\"true\" a11y-important=\"true\" screen-reader-focusable=\"false\" drawing-order=\"3\" showing-hint=\"false\" text-entry-key=\"false\" dismissable=\"false\" a11y-focused=\"false\" heading=\"false\" live-region=\"0\" context-clickable=\"false\" content-invalid=\"false\" /&gt;\r\n                            &lt;android.view.ViewGroup index=\"3\" package=\"com.saucelabs.mydemoapp.android\" class=\"android.view.ViewGroup\" text=\"\" resource-id=\"com.saucelabs.mydemoapp.android:id/rattingV\" checkable=\"false\" checked=\"false\" clickable=\"false\" enabled=\"true\" focusable=\"false\" focused=\"false\" long-clickable=\"false\" password=\"false\" scrollable=\"false\" selected=\"false\" bounds=\"[561,2181][878,2234]\" displayed=\"true\" a11y-important=\"false\" screen-reader-focusable=\"false\" drawing-order=\"4\" showing-hint=\"false\" text-entry-key=\"false\" dismissable=\"false\" a11y-focused=\"false\" heading=\"false\" live-region=\"0\" context-clickable=\"false\" content-invalid=\"false\"&gt;\r\n                              &lt;android.widget.LinearLayout index=\"0\" package=\"com.saucelabs.mydemoapp.android\" class=\"android.widget.LinearLayout\" text=\"\" checkable=\"false\" checked=\"false\" clickable=\"false\" enabled=\"true\" focusable=\"false\" focused=\"false\" long-clickable=\"false\" password=\"false\" scrollable=\"false\" selected=\"false\" bounds=\"[561,2181][878,2234]\" displayed=\"true\" a11y-important=\"false\" screen-reader-focusable=\"false\" drawing-order=\"1\" showing-hint=\"false\" text-entry-key=\"false\" dismissable=\"false\" a11y-focused=\"false\" heading=\"false\" live-region=\"0\" context-clickable=\"false\" content-invalid=\"false\"&gt;\r\n                                &lt;android.widget.ImageView index=\"0\" package=\"com.saucelabs.mydemoapp.android\" class=\"android.widget.ImageView\" text=\"\" resource-id=\"com.saucelabs.mydemoapp.android:id/start1IV\" checkable=\"false\" checked=\"false\" clickable=\"true\" enabled=\"true\" focusable=\"true\" focused=\"false\" long-clickable=\"false\" password=\"false\" scrollable=\"false\" selected=\"false\" bounds=\"[561,2181][614,2234]\" displayed=\"true\" a11y-important=\"true\" screen-reader-focusable=\"false\" drawing-order=\"1\" showing-hint=\"false\" text-entry-key=\"false\" dismissable=\"false\" a11y-focused=\"false\" heading=\"false\" live-region=\"0\" context-clickable=\"false\" content-invalid=\"false\" /&gt;\r\n                                &lt;android.widget.ImageView index=\"1\" package=\"com.saucelabs.mydemoapp.android\" class=\"android.widget.ImageView\" text=\"\" resource-id=\"com.saucelabs.mydemoapp.android:id/start2IV\" checkable=\"false\" checked=\"false\" clickable=\"true\" enabled=\"true\" focusable=\"true\" focused=\"false\" long-clickable=\"false\" password=\"false\" scrollable=\"false\" selected=\"false\" bounds=\"[627,2181][680,2234]\" displayed=\"true\" a11y-important=\"true\" screen-reader-focusable=\"false\" drawing-order=\"2\" showing-hint=\"false\" text-entry-key=\"false\" dismissable=\"false\" a11y-focused=\"false\" heading=\"false\" live-region=\"0\" context-clickable=\"false\" content-invalid=\"false\" /&gt;\r\n                                &lt;android.widget.ImageView index=\"2\" package=\"com.saucelabs.mydemoapp.android\" class=\"android.widget.ImageView\" text=\"\" resource-id=\"com.saucelabs.mydemoapp.android:id/start3IV\" checkable=\"false\" checked=\"false\" clickable=\"true\" enabled=\"true\" focusable=\"true\" focused=\"false\" long-clickable=\"false\" password=\"false\" scrollable=\"false\" selected=\"false\" bounds=\"[693,2181][746,2234]\" displayed=\"true\" a11y-important=\"true\" screen-reader-focusable=\"false\" drawing-order=\"3\" showing-hint=\"false\" text-entry-key=\"false\" dismissable=\"false\" a11y-focused=\"false\" heading=\"false\" live-region=\"0\" context-clickable=\"false\" content-invalid=\"false\" /&gt;\r\n                                &lt;android.widget.ImageView index=\"3\" package=\"com.saucelabs.mydemoapp.android\" class=\"android.widget.ImageView\" text=\"\" resource-id=\"com.saucelabs.mydemoapp.android:id/start4IV\" checkable=\"false\" checked=\"false\" clickable=\"true\" enabled=\"true\" focusable=\"true\" focused=\"false\" long-clickable=\"false\" password=\"false\" scrollable=\"false\" selected=\"false\" bounds=\"[759,2181][812,2234]\" displayed=\"true\" a11y-important=\"true\" screen-reader-focusable=\"false\" drawing-order=\"4\" showing-hint=\"false\" text-entry-key=\"false\" dismissable=\"false\" a11y-focused=\"false\" heading=\"false\" live-region=\"0\" context-clickable=\"false\" content-invalid=\"false\" /&gt;\r\n                                &lt;android.widget.ImageView index=\"4\" package=\"com.saucelabs.mydemoapp.android\" class=\"android.widget.ImageView\" text=\"\" resource-id=\"com.saucelabs.mydemoapp.android:id/start5IV\" checkable=\"false\" checked=\"false\" clickable=\"true\" enabled=\"true\" focusable=\"true\" focused=\"false\" long-clickable=\"false\" password=\"false\" scrollable=\"false\" selected=\"false\" bounds=\"[825,2181][878,2234]\" displayed=\"true\" a11y-important=\"true\" screen-reader-focusable=\"false\" drawing-order=\"5\" showing-hint=\"false\" text-entry-key=\"false\" dismissable=\"false\" a11y-focused=\"false\" heading=\"false\" live-region=\"0\" context-clickable=\"false\" content-invalid=\"false\" /&gt;\r\n                              &lt;/android.widget.LinearLayout&gt;\r\n                            &lt;/android.view.ViewGroup&gt;\r\n                          &lt;/android.view.ViewGroup&gt;\r\n                          &lt;android.view.ViewGroup index=\"4\" package=\"com.saucelabs.mydemoapp.android\" class=\"android.view.ViewGroup\" text=\"\" checkable=\"false\" checked=\"false\" clickable=\"false\" enabled=\"true\" focusable=\"false\" focused=\"false\" long-clickable=\"false\" password=\"false\" scrollable=\"false\" selected=\"false\" bounds=\"[52,2330][519,2337]\" displayed=\"true\" a11y-important=\"true\" screen-reader-focusable=\"false\" drawing-order=\"5\" showing-hint=\"false\" text-entry-key=\"false\" dismissable=\"false\" a11y-focused=\"false\" heading=\"false\" live-region=\"0\" context-clickable=\"false\" content-invalid=\"false\"&gt;\r\n                            &lt;android.widget.ImageView index=\"0\" package=\"com.saucelabs.mydemoapp.android\" class=\"android.widget.ImageView\" text=\"\" content-desc=\"Product Image\" resource-id=\"com.saucelabs.mydemoapp.android:id/productIV\" checkable=\"false\" checked=\"false\" clickable=\"true\" enabled=\"true\" focusable=\"true\" focused=\"false\" long-clickable=\"false\" password=\"false\" scrollable=\"false\" selected=\"false\" bounds=\"[52,2330][519,2337]\" displayed=\"true\" a11y-important=\"true\" screen-reader-focusable=\"false\" drawing-order=\"1\" showing-hint=\"false\" text-entry-key=\"false\" dismissable=\"false\" a11y-focused=\"false\" heading=\"false\" live-region=\"0\" context-clickable=\"false\" content-invalid=\"false\" /&gt;\r\n                          &lt;/android.view.ViewGroup&gt;\r\n                          &lt;android.view.ViewGroup index=\"5\" package=\"com.saucelabs.mydemoapp.android\" class=\"android.view.ViewGroup\" text=\"\" checkable=\"false\" checked=\"false\" clickable=\"false\" enabled=\"true\" focusable=\"false\" focused=\"false\" long-clickable=\"false\" password=\"false\" scrollable=\"false\" selected=\"false\" bounds=\"[561,2330][1028,2337]\" displayed=\"true\" a11y-important=\"true\" screen-reader-focusable=\"false\" drawing-order=\"6\" showing-hint=\"false\" text-entry-key=\"false\" dismissable=\"false\" a11y-focused=\"false\" heading=\"false\" live-region=\"0\" context-clickable=\"false\" content-invalid=\"false\"&gt;\r\n                            &lt;android.widget.ImageView index=\"0\" package=\"com.saucelabs.mydemoapp.android\" class=\"android.widget.ImageView\" text=\"\" content-desc=\"Product Image\" resource-id=\"com.saucelabs.mydemoapp.android:id/productIV\" checkable=\"false\" checked=\"false\" clickable=\"true\" enabled=\"true\" focusable=\"true\" focused=\"false\" long-clickable=\"false\" password=\"false\" scrollable=\"false\" selected=\"false\" bounds=\"[561,2330][1028,2337]\" displayed=\"true\" a11y-important=\"true\" screen-reader-focusable=\"false\" drawing-order=\"1\" showing-hint=\"false\" text-entry-key=\"false\" dismissable=\"false\" a11y-focused=\"false\" heading=\"false\" live-region=\"0\" context-clickable=\"false\" content-invalid=\"false\" /&gt;\r\n                          &lt;/android.view.ViewGroup&gt;\r\n                        &lt;/androidx.recyclerview.widget.RecyclerView&gt;\r\n                      &lt;/android.view.ViewGroup&gt;\r\n                    &lt;/android.widget.ScrollView&gt;\r\n                  &lt;/android.view.ViewGroup&gt;\r\n                &lt;/android.widget.FrameLayout&gt;\r\n              &lt;/android.view.ViewGroup&gt;\r\n            &lt;/androidx.drawerlayout.widget.DrawerLayout&gt;\r\n          &lt;/android.widget.FrameLayout&gt;\r\n        &lt;/android.widget.LinearLayout&gt;\r\n      &lt;/android.widget.FrameLayout&gt;\r\n    &lt;/android.widget.LinearLayout&gt;\r\n    &lt;android.view.View index=\"2\" package=\"com.saucelabs.mydemoapp.android\" class=\"android.view.View\" text=\"\" resource-id=\"android:id/navigationBarBackground\" checkable=\"false\" checked=\"false\" clickable=\"false\" enabled=\"true\" focusable=\"false\" focused=\"false\" long-clickable=\"false\" password=\"false\" scrollable=\"false\" selected=\"false\" bounds=\"[0,2337][1080,2400]\" displayed=\"true\" a11y-important=\"false\" screen-reader-focusable=\"false\" drawing-order=\"2\" showing-hint=\"false\" text-entry-key=\"false\" dismissable=\"false\" a11y-focused=\"false\" heading=\"false\" live-region=\"0\" context-clickable=\"false\" content-invalid=\"false\" /&gt;\r\n  &lt;/android.widget.FrameLayout&gt;\r\n&lt;/hierarchy&gt;"} | headers=HTTPHeaderDict({'X-Powered-By': 'Express', 'Content-Type': 'application/json; charset=utf-8', 'Content-Length': '51618', 'ETag': 'W/"c9a2-hxjYMmvTCpk2hwL4BVCIjhoxD+Q"', 'Date': 'Wed, 12 Nov 2025 21:58:16 GMT', 'Connection': 'keep-alive', 'Keep-Alive': 'timeout=600'})</msg>
<msg time="2025-11-12T18:58:16.243300" level="DEBUG">Finished Request</msg>
<msg time="2025-11-12T18:58:16.243300" level="TRACE">Return: None</msg>
<arg>text=Products</arg>
<doc>Waits until the ``text`` appears on the current page.</doc>
<status status="PASS" start="2025-11-12T18:58:14.060543" elapsed="2.182757"/>
</kw>
<msg time="2025-11-12T18:58:16.243300" level="TRACE">Return: None</msg>
<doc>Teste para iniciar sessão com credenciais válidas.</doc>
<status status="PASS" start="2025-11-12T18:58:00.817634" elapsed="15.425666"/>
</kw>
<kw name="Acessar página de Login" owner="login">
<msg time="2025-11-12T18:58:16.244341" level="TRACE">Arguments: [  ]</msg>
<kw name="Click Element" owner="AppiumLibrary">
<msg time="2025-11-12T18:58:16.244341" level="TRACE">Arguments: [ 'xpath=//*[@content-desc="View menu"]' ]</msg>
<msg time="2025-11-12T18:58:16.245333" level="INFO">Clicking element 'xpath=//*[@content-desc="View menu"]'.</msg>
<msg time="2025-11-12T18:58:16.245333" level="DEBUG">POST http://localhost:4723/session/2898e994-8d93-42a6-adbf-0b7b6f8ff109/elements {'using': 'xpath', 'value': '//*[@content-desc="View menu"]'}</msg>
<msg time="2025-11-12T18:58:16.245333" level="DEBUG">Starting new HTTP connection (1): localhost:4723</msg>
<msg time="2025-11-12T18:58:18.432230" level="DEBUG">http://localhost:4723 "POST /session/2898e994-8d93-42a6-adbf-0b7b6f8ff109/elements HTTP/1.1" 200 0</msg>
<msg time="2025-11-12T18:58:18.432230" level="DEBUG">Remote response: status=200 | data={"value":[{"element-6066-11e4-a52e-4f735466cecf":"00000000-0000-03f5-ffff-ffff00000013","ELEMENT":"00000000-0000-03f5-ffff-ffff00000013"}]} | headers=HTTPHeaderDict({'X-Powered-By': 'Express', 'Vary': 'X-HTTP-Method-Override', 'Content-Type': 'application/json; charset=utf-8', 'Content-Length': '139', 'ETag': 'W/"8b-FCnqTCTgQNXkqPSD94bjr2hpBCU"', 'Date': 'Wed, 12 Nov 2025 21:58:18 GMT', 'Connection': 'keep-alive', 'Keep-Alive': 'timeout=600'})</msg>
<msg time="2025-11-12T18:58:18.432230" level="DEBUG">Finished Request</msg>
<msg time="2025-11-12T18:58:18.432230" level="DEBUG">POST http://localhost:4723/session/2898e994-8d93-42a6-adbf-0b7b6f8ff109/element/00000000-0000-03f5-ffff-ffff00000013/click {}</msg>
<msg time="2025-11-12T18:58:18.433256" level="DEBUG">Starting new HTTP connection (1): localhost:4723</msg>
<msg time="2025-11-12T18:58:21.481064" level="DEBUG">http://localhost:4723 "POST /session/2898e994-8d93-42a6-adbf-0b7b6f8ff109/element/00000000-0000-03f5-ffff-ffff00000013/click HTTP/1.1" 200 0</msg>
<msg time="2025-11-12T18:58:21.481064" level="DEBUG">Remote response: status=200 | data={"value":null} | headers=HTTPHeaderDict({'X-Powered-By': 'Express', 'Vary': 'X-HTTP-Method-Override', 'Content-Type': 'application/json; charset=utf-8', 'Content-Length': '14', 'ETag': 'W/"e-9/1BuKMgFObM1mWJm+YjxtXJnUM"', 'Date': 'Wed, 12 Nov 2025 21:58:21 GMT', 'Connection': 'keep-alive', 'Keep-Alive': 'timeout=600'})</msg>
<msg time="2025-11-12T18:58:21.481064" level="DEBUG">Finished Request</msg>
<msg time="2025-11-12T18:58:21.482104" level="INFO">xpath criteria: //*[@content-desc="View menu"]</msg>
<msg time="2025-11-12T18:58:21.482104" level="TRACE">Return: None</msg>
<arg>xpath=//*[@content-desc="View menu"]</arg>
<doc>Clicks the element identified by ``locator``.</doc>
<status status="PASS" start="2025-11-12T18:58:16.244341" elapsed="5.237763"/>
</kw>
<kw name="Click Element" owner="AppiumLibrary">
<msg time="2025-11-12T18:58:21.482104" level="TRACE">Arguments: [ 'xpath=//*[@content-desc="Login Menu Item"]' ]</msg>
<msg time="2025-11-12T18:58:21.484103" level="INFO">Clicking element 'xpath=//*[@content-desc="Login Menu Item"]'.</msg>
<msg time="2025-11-12T18:58:21.484103" level="DEBUG">POST http://localhost:4723/session/2898e994-8d93-42a6-adbf-0b7b6f8ff109/elements {'using': 'xpath', 'value': '//*[@content-desc="Login Menu Item"]'}</msg>
<msg time="2025-11-12T18:58:21.484103" level="DEBUG">Starting new HTTP connection (1): localhost:4723</msg>
<msg time="2025-11-12T18:58:23.690640" level="DEBUG">http://localhost:4723 "POST /session/2898e994-8d93-42a6-adbf-0b7b6f8ff109/elements HTTP/1.1" 200 0</msg>
<msg time="2025-11-12T18:58:23.690640" level="DEBUG">Remote response: status=200 | data={"value":[{"element-6066-11e4-a52e-4f735466cecf":"00000000-0000-03f5-ffff-ffff00000059","ELEMENT":"00000000-0000-03f5-ffff-ffff00000059"}]} | headers=HTTPHeaderDict({'X-Powered-By': 'Express', 'Vary': 'X-HTTP-Method-Override', 'Content-Type': 'application/json; charset=utf-8', 'Content-Length': '139', 'ETag': 'W/"8b-1qm5mwloXpjtvTEIxVl5YRVy4EM"', 'Date': 'Wed, 12 Nov 2025 21:58:23 GMT', 'Connection': 'keep-alive', 'Keep-Alive': 'timeout=600'})</msg>
<msg time="2025-11-12T18:58:23.690640" level="DEBUG">Finished Request</msg>
<msg time="2025-11-12T18:58:23.690640" level="DEBUG">POST http://localhost:4723/session/2898e994-8d93-42a6-adbf-0b7b6f8ff109/element/00000000-0000-03f5-ffff-ffff00000059/click {}</msg>
<msg time="2025-11-12T18:58:23.692146" level="DEBUG">Starting new HTTP connection (1): localhost:4723</msg>
<msg time="2025-11-12T18:58:25.836155" level="DEBUG">http://localhost:4723 "POST /session/2898e994-8d93-42a6-adbf-0b7b6f8ff109/element/00000000-0000-03f5-ffff-ffff00000059/click HTTP/1.1" 200 0</msg>
<msg time="2025-11-12T18:58:25.836155" level="DEBUG">Remote response: status=200 | data={"value":null} | headers=HTTPHeaderDict({'X-Powered-By': 'Express', 'Vary': 'X-HTTP-Method-Override', 'Content-Type': 'application/json; charset=utf-8', 'Content-Length': '14', 'ETag': 'W/"e-9/1BuKMgFObM1mWJm+YjxtXJnUM"', 'Date': 'Wed, 12 Nov 2025 21:58:25 GMT', 'Connection': 'keep-alive', 'Keep-Alive': 'timeout=600'})</msg>
<msg time="2025-11-12T18:58:25.836155" level="DEBUG">Finished Request</msg>
<msg time="2025-11-12T18:58:25.837154" level="INFO">xpath criteria: //*[@content-desc="Login Menu Item"]</msg>
<msg time="2025-11-12T18:58:25.837154" level="TRACE">Return: None</msg>
<arg>xpath=//*[@content-desc="Login Menu Item"]</arg>
<doc>Clicks the element identified by ``locator``.</doc>
<status status="PASS" start="2025-11-12T18:58:21.482104" elapsed="4.355050"/>
</kw>
<kw name="Wait Until Element Is Visible" owner="AppiumLibrary">
<msg time="2025-11-12T18:58:25.837154" level="TRACE">Arguments: [ 'id=com.saucelabs.mydemoapp.android:id/loginTV' ]</msg>
<msg time="2025-11-12T18:58:25.838154" level="DEBUG">POST http://localhost:4723/session/2898e994-8d93-42a6-adbf-0b7b6f8ff109/elements {'using': 'id', 'value': 'com.saucelabs.mydemoapp.android:id/loginTV'}</msg>
<msg time="2025-11-12T18:58:25.838154" level="DEBUG">Starting new HTTP connection (1): localhost:4723</msg>
<msg time="2025-11-12T18:58:27.912313" level="DEBUG">http://localhost:4723 "POST /session/2898e994-8d93-42a6-adbf-0b7b6f8ff109/elements HTTP/1.1" 200 0</msg>
<msg time="2025-11-12T18:58:27.912313" level="DEBUG">Remote response: status=200 | data={"value":[{"element-6066-11e4-a52e-4f735466cecf":"00000000-0000-03f6-ffff-ffff00000178","ELEMENT":"00000000-0000-03f6-ffff-ffff00000178"}]} | headers=HTTPHeaderDict({'X-Powered-By': 'Express', 'Vary': 'X-HTTP-Method-Override', 'Content-Type': 'application/json; charset=utf-8', 'Content-Length': '139', 'ETag': 'W/"8b-WyQNZv+RGAGh96Bs0sp/pGflEw4"', 'Date': 'Wed, 12 Nov 2025 21:58:27 GMT', 'Connection': 'keep-alive', 'Keep-Alive': 'timeout=600'})</msg>
<msg time="2025-11-12T18:58:27.912313" level="DEBUG">Finished Request</msg>
<msg time="2025-11-12T18:58:27.912313" level="DEBUG">GET http://localhost:4723/session/2898e994-8d93-42a6-adbf-0b7b6f8ff109/element/00000000-0000-03f6-ffff-ffff00000178/displayed {}</msg>
<msg time="2025-11-12T18:58:27.912313" level="DEBUG">Starting new HTTP connection (1): localhost:4723</msg>
<msg time="2025-11-12T18:58:29.987133" level="DEBUG">http://localhost:4723 "GET /session/2898e994-8d93-42a6-adbf-0b7b6f8ff109/element/00000000-0000-03f6-ffff-ffff00000178/displayed HTTP/1.1" 200 0</msg>
<msg time="2025-11-12T18:58:29.987133" level="DEBUG">Remote response: status=200 | data={"value":true} | headers=HTTPHeaderDict({'X-Powered-By': 'Express', 'Content-Type': 'application/json; charset=utf-8', 'Content-Length': '14', 'ETag': 'W/"e-2ZHvAWebNQpyjGZTg6uyV8/spTo"', 'Date': 'Wed, 12 Nov 2025 21:58:29 GMT', 'Connection': 'keep-alive', 'Keep-Alive': 'timeout=600'})</msg>
<msg time="2025-11-12T18:58:29.987133" level="DEBUG">Finished Request</msg>
<msg time="2025-11-12T18:58:29.987133" level="INFO">criteria is com.saucelabs.mydemoapp.android:id/loginTV</msg>
<msg time="2025-11-12T18:58:29.988135" level="TRACE">Return: None</msg>
<arg>id=com.saucelabs.mydemoapp.android:id/loginTV</arg>
<doc>Waits until the element specified by the ``locator`` is visible.</doc>
<status status="PASS" start="2025-11-12T18:58:25.837154" elapsed="4.150981"/>
</kw>
<msg time="2025-11-12T18:58:29.988135" level="TRACE">Return: None</msg>
<status status="PASS" start="2025-11-12T18:58:16.244341" elapsed="13.743794"/>
</kw>
<kw name="Fazer Login" owner="login">
<msg time="2025-11-12T18:58:29.988884" level="TRACE">Arguments: [ ${email}='bod@example.com' | ${password}='10203040' ]</msg>
<kw name="Input Text" owner="AppiumLibrary">
<msg time="2025-11-12T18:58:29.988884" level="TRACE">Arguments: [ 'id=com.saucelabs.mydemoapp.android:id/nameET' | text='bod@example.com' ]</msg>
<msg time="2025-11-12T18:58:29.990714" level="INFO">Typing text 'bod@example.com' into text field 'id=com.saucelabs.mydemoapp.android:id/nameET'</msg>
<msg time="2025-11-12T18:58:29.990714" level="DEBUG">POST http://localhost:4723/session/2898e994-8d93-42a6-adbf-0b7b6f8ff109/elements {'using': 'id', 'value': 'com.saucelabs.mydemoapp.android:id/nameET'}</msg>
<msg time="2025-11-12T18:58:29.990714" level="DEBUG">Starting new HTTP connection (1): localhost:4723</msg>
<msg time="2025-11-12T18:58:32.057633" level="DEBUG">http://localhost:4723 "POST /session/2898e994-8d93-42a6-adbf-0b7b6f8ff109/elements HTTP/1.1" 200 0</msg>
<msg time="2025-11-12T18:58:32.058636" level="DEBUG">Remote response: status=200 | data={"value":[{"element-6066-11e4-a52e-4f735466cecf":"00000000-0000-03f6-ffff-ffff0000017c","ELEMENT":"00000000-0000-03f6-ffff-ffff0000017c"}]} | headers=HTTPHeaderDict({'X-Powered-By': 'Express', 'Vary': 'X-HTTP-Method-Override', 'Content-Type': 'application/json; charset=utf-8', 'Content-Length': '139', 'ETag': 'W/"8b-xZHaGVVtu6mXEV6z1mFPguwBoPw"', 'Date': 'Wed, 12 Nov 2025 21:58:32 GMT', 'Connection': 'keep-alive', 'Keep-Alive': 'timeout=600'})</msg>
<msg time="2025-11-12T18:58:32.058636" level="DEBUG">Finished Request</msg>
<msg time="2025-11-12T18:58:32.058636" level="DEBUG">POST http://localhost:4723/session/2898e994-8d93-42a6-adbf-0b7b6f8ff109/element/00000000-0000-03f6-ffff-ffff0000017c/value {'text': 'bod@example.com', 'value': ['b', 'o', 'd', '@', 'e', 'x', 'a', 'm', 'p', 'l', 'e', '.', 'c', 'o', 'm']}</msg>
<msg time="2025-11-12T18:58:32.058636" level="DEBUG">Starting new HTTP connection (1): localhost:4723</msg>
<msg time="2025-11-12T18:58:34.165957" level="DEBUG">http://localhost:4723 "POST /session/2898e994-8d93-42a6-adbf-0b7b6f8ff109/element/00000000-0000-03f6-ffff-ffff0000017c/value HTTP/1.1" 200 0</msg>
<msg time="2025-11-12T18:58:34.165957" level="DEBUG">Remote response: status=200 | data={"value":null} | headers=HTTPHeaderDict({'X-Powered-By': 'Express', 'Vary': 'X-HTTP-Method-Override', 'Content-Type': 'application/json; charset=utf-8', 'Content-Length': '14', 'ETag': 'W/"e-9/1BuKMgFObM1mWJm+YjxtXJnUM"', 'Date': 'Wed, 12 Nov 2025 21:58:34 GMT', 'Connection': 'keep-alive', 'Keep-Alive': 'timeout=600'})</msg>
<msg time="2025-11-12T18:58:34.165957" level="DEBUG">Finished Request</msg>
<msg time="2025-11-12T18:58:34.166956" level="INFO">criteria is com.saucelabs.mydemoapp.android:id/nameET</msg>
<msg time="2025-11-12T18:58:34.166956" level="TRACE">Return: None</msg>
<arg>id=com.saucelabs.mydemoapp.android:id/nameET</arg>
<arg>text=${email}</arg>
<doc>Types the given ``text`` into the text field identified by ``locator``.</doc>
<status status="PASS" start="2025-11-12T18:58:29.988884" elapsed="4.178072"/>
</kw>
<kw name="Input Text" owner="AppiumLibrary">
<msg time="2025-11-12T18:58:34.166956" level="TRACE">Arguments: [ 'id=com.saucelabs.mydemoapp.android:id/passwordET' | text='10203040' ]</msg>
<msg time="2025-11-12T18:58:34.167955" level="INFO">Typing text '10203040' into text field 'id=com.saucelabs.mydemoapp.android:id/passwordET'</msg>
<msg time="2025-11-12T18:58:34.167955" level="DEBUG">POST http://localhost:4723/session/2898e994-8d93-42a6-adbf-0b7b6f8ff109/elements {'using': 'id', 'value': 'com.saucelabs.mydemoapp.android:id/passwordET'}</msg>
<msg time="2025-11-12T18:58:34.168955" level="DEBUG">Starting new HTTP connection (1): localhost:4723</msg>
<msg time="2025-11-12T18:58:36.272659" level="DEBUG">http://localhost:4723 "POST /session/2898e994-8d93-42a6-adbf-0b7b6f8ff109/elements HTTP/1.1" 200 0</msg>
<msg time="2025-11-12T18:58:36.272659" level="DEBUG">Remote response: status=200 | data={"value":[{"element-6066-11e4-a52e-4f735466cecf":"00000000-0000-03f6-ffff-ffff00000181","ELEMENT":"00000000-0000-03f6-ffff-ffff00000181"}]} | headers=HTTPHeaderDict({'X-Powered-By': 'Express', 'Vary': 'X-HTTP-Method-Override', 'Content-Type': 'application/json; charset=utf-8', 'Content-Length': '139', 'ETag': 'W/"8b-bQbWwXLoRWlU9WB1IPRW0Ikdu7o"', 'Date': 'Wed, 12 Nov 2025 21:58:36 GMT', 'Connection': 'keep-alive', 'Keep-Alive': 'timeout=600'})</msg>
<msg time="2025-11-12T18:58:36.272659" level="DEBUG">Finished Request</msg>
<msg time="2025-11-12T18:58:36.273658" level="DEBUG">POST http://localhost:4723/session/2898e994-8d93-42a6-adbf-0b7b6f8ff109/element/00000000-0000-03f6-ffff-ffff00000181/value {'text': '10203040', 'value': ['1', '0', '2', '0', '3', '0', '4', '0']}</msg>
<msg time="2025-11-12T18:58:36.273658" level="DEBUG">Starting new HTTP connection (1): localhost:4723</msg>
<msg time="2025-11-12T18:58:38.555003" level="DEBUG">http://localhost:4723 "POST /session/2898e994-8d93-42a6-adbf-0b7b6f8ff109/element/00000000-0000-03f6-ffff-ffff00000181/value HTTP/1.1" 200 0</msg>
<msg time="2025-11-12T18:58:38.555003" level="DEBUG">Remote response: status=200 | data={"value":null} | headers=HTTPHeaderDict({'X-Powered-By': 'Express', 'Vary': 'X-HTTP-Method-Override', 'Content-Type': 'application/json; charset=utf-8', 'Content-Length': '14', 'ETag': 'W/"e-9/1BuKMgFObM1mWJm+YjxtXJnUM"', 'Date': 'Wed, 12 Nov 2025 21:58:38 GMT', 'Connection': 'keep-alive', 'Keep-Alive': 'timeout=600'})</msg>
<msg time="2025-11-12T18:58:38.555003" level="DEBUG">Finished Request</msg>
<msg time="2025-11-12T18:58:38.556001" level="INFO">criteria is com.saucelabs.mydemoapp.android:id/passwordET</msg>
<msg time="2025-11-12T18:58:38.556001" level="TRACE">Return: None</msg>
<arg>id=com.saucelabs.mydemoapp.android:id/passwordET</arg>
<arg>text=${password}</arg>
<doc>Types the given ``text`` into the text field identified by ``locator``.</doc>
<status status="PASS" start="2025-11-12T18:58:34.166956" elapsed="4.389045"/>
</kw>
<kw name="Click Element" owner="AppiumLibrary">
<msg time="2025-11-12T18:58:38.556001" level="TRACE">Arguments: [ 'id=com.saucelabs.mydemoapp.android:id/loginBtn' ]</msg>
<msg time="2025-11-12T18:58:38.557002" level="INFO">Clicking element 'id=com.saucelabs.mydemoapp.android:id/loginBtn'.</msg>
<msg time="2025-11-12T18:58:38.557002" level="DEBUG">POST http://localhost:4723/session/2898e994-8d93-42a6-adbf-0b7b6f8ff109/elements {'using': 'id', 'value': 'com.saucelabs.mydemoapp.android:id/loginBtn'}</msg>
<msg time="2025-11-12T18:58:38.557002" level="DEBUG">Starting new HTTP connection (1): localhost:4723</msg>
<msg time="2025-11-12T18:58:40.622776" level="DEBUG">http://localhost:4723 "POST /session/2898e994-8d93-42a6-adbf-0b7b6f8ff109/elements HTTP/1.1" 200 0</msg>
<msg time="2025-11-12T18:58:40.622776" level="DEBUG">Remote response: status=200 | data={"value":[{"element-6066-11e4-a52e-4f735466cecf":"00000000-0000-03f6-ffff-ffff00000186","ELEMENT":"00000000-0000-03f6-ffff-ffff00000186"}]} | headers=HTTPHeaderDict({'X-Powered-By': 'Express', 'Vary': 'X-HTTP-Method-Override', 'Content-Type': 'application/json; charset=utf-8', 'Content-Length': '139', 'ETag': 'W/"8b-0qT7nXnZfQVN4madtfinhaXCxM0"', 'Date': 'Wed, 12 Nov 2025 21:58:40 GMT', 'Connection': 'keep-alive', 'Keep-Alive': 'timeout=600'})</msg>
<msg time="2025-11-12T18:58:40.622776" level="DEBUG">Finished Request</msg>
<msg time="2025-11-12T18:58:40.622776" level="DEBUG">POST http://localhost:4723/session/2898e994-8d93-42a6-adbf-0b7b6f8ff109/element/00000000-0000-03f6-ffff-ffff00000186/click {}</msg>
<msg time="2025-11-12T18:58:40.623777" level="DEBUG">Starting new HTTP connection (1): localhost:4723</msg>
<msg time="2025-11-12T18:58:42.735336" level="DEBUG">http://localhost:4723 "POST /session/2898e994-8d93-42a6-adbf-0b7b6f8ff109/element/00000000-0000-03f6-ffff-ffff00000186/click HTTP/1.1" 200 0</msg>
<msg time="2025-11-12T18:58:42.736337" level="DEBUG">Remote response: status=200 | data={"value":null} | headers=HTTPHeaderDict({'X-Powered-By': 'Express', 'Vary': 'X-HTTP-Method-Override', 'Content-Type': 'application/json; charset=utf-8', 'Content-Length': '14', 'ETag': 'W/"e-9/1BuKMgFObM1mWJm+YjxtXJnUM"', 'Date': 'Wed, 12 Nov 2025 21:58:42 GMT', 'Connection': 'keep-alive', 'Keep-Alive': 'timeout=600'})</msg>
<msg time="2025-11-12T18:58:42.736337" level="DEBUG">Finished Request</msg>
<msg time="2025-11-12T18:58:42.736337" level="INFO">criteria is com.saucelabs.mydemoapp.android:id/loginBtn</msg>
<msg time="2025-11-12T18:58:42.736337" level="TRACE">Return: None</msg>
<arg>id=com.saucelabs.mydemoapp.android:id/loginBtn</arg>
<doc>Clicks the element identified by ``locator``.</doc>
<status status="PASS" start="2025-11-12T18:58:38.556001" elapsed="4.180336"/>
</kw>
<msg time="2025-11-12T18:58:42.736337" level="TRACE">Return: None</msg>
<arg>email=bod@example.com</arg>
<arg>password=10203040</arg>
<status status="PASS" start="2025-11-12T18:58:29.988884" elapsed="12.747453"/>
</kw>
<kw name="Acessar página Reset App State e cancelar" owner="resetAppState">
<msg time="2025-11-12T18:58:42.737336" level="TRACE">Arguments: [  ]</msg>
<kw name="Click Element" owner="AppiumLibrary">
<msg time="2025-11-12T18:58:42.737336" level="TRACE">Arguments: [ 'xpath=//*[@content-desc="View menu"]' ]</msg>
<msg time="2025-11-12T18:58:42.738338" level="INFO">Clicking element 'xpath=//*[@content-desc="View menu"]'.</msg>
<msg time="2025-11-12T18:58:42.738338" level="DEBUG">POST http://localhost:4723/session/2898e994-8d93-42a6-adbf-0b7b6f8ff109/elements {'using': 'xpath', 'value': '//*[@content-desc="View menu"]'}</msg>
<msg time="2025-11-12T18:58:42.739335" level="DEBUG">Starting new HTTP connection (1): localhost:4723</msg>
<msg time="2025-11-12T18:58:44.905517" level="DEBUG">http://localhost:4723 "POST /session/2898e994-8d93-42a6-adbf-0b7b6f8ff109/elements HTTP/1.1" 200 0</msg>
<msg time="2025-11-12T18:58:44.906521" level="DEBUG">Remote response: status=200 | data={"value":[{"element-6066-11e4-a52e-4f735466cecf":"00000000-0000-03f8-ffff-ffff000001c9","ELEMENT":"00000000-0000-03f8-ffff-ffff000001c9"}]} | headers=HTTPHeaderDict({'X-Powered-By': 'Express', 'Vary': 'X-HTTP-Method-Override', 'Content-Type': 'application/json; charset=utf-8', 'Content-Length': '139', 'ETag': 'W/"8b-fAjtTvsF6krIBP20gqo8HOjBdeI"', 'Date': 'Wed, 12 Nov 2025 21:58:44 GMT', 'Connection': 'keep-alive', 'Keep-Alive': 'timeout=600'})</msg>
<msg time="2025-11-12T18:58:44.906521" level="DEBUG">Finished Request</msg>
<msg time="2025-11-12T18:58:44.906521" level="DEBUG">POST http://localhost:4723/session/2898e994-8d93-42a6-adbf-0b7b6f8ff109/element/00000000-0000-03f8-ffff-ffff000001c9/click {}</msg>
<msg time="2025-11-12T18:58:44.906521" level="DEBUG">Starting new HTTP connection (1): localhost:4723</msg>
<msg time="2025-11-12T18:58:47.937610" level="DEBUG">http://localhost:4723 "POST /session/2898e994-8d93-42a6-adbf-0b7b6f8ff109/element/00000000-0000-03f8-ffff-ffff000001c9/click HTTP/1.1" 200 0</msg>
[...]
                              &lt;android.widget.LinearLayout index=\"0\" package=\"com.saucelabs.mydemoapp.android\" class=\"android.widget.LinearLayout\" text=\"\" checkable=\"false\" checked=\"false\" clickable=\"false\" enabled=\"true\" focusable=\"false\" focused=\"false\" long-clickable=\"false\" password=\"false\" scrollable=\"false\" selected=\"false\" bounds=\"[52,2224][369,2277]\" displayed=\"true\" a11y-important=\"false\" screen-reader-focusable=\"false\" drawing-order=\"1\" showing-hint=\"false\" text-entry-key=\"false\" dismissable=\"false\" a11y-focused=\"false\" heading=\"false\" live-region=\"0\" context-clickable=\"false\" content-invalid=\"false\"&gt;\r\n                                &lt;android.widget.ImageView index=\"0\" package=\"com.saucelabs.mydemoapp.android\" class=\"android.widget.ImageView\" text=\"\" resource-id=\"com.saucelabs.mydemoapp.android:id/start1IV\" checkable=\"false\" checked=\"false\" clickable=\"true\" enabled=\"true\" focusable=\"true\" focused=\"false\" long-clickable=\"false\" password=\"false\" scrollable=\"false\" selected=\"false\" bounds=\"[52,2224][105,2277]\" displayed=\"true\" a11y-important=\"true\" screen-reader-focusable=\"false\" drawing-order=\"1\" showing-hint=\"false\" text-entry-key=\"false\" dismissable=\"false\" a11y-focused=\"false\" heading=\"false\" live-region=\"0\" context-clickable=\"false\" content-invalid=\"false\" /&gt;\r\n                                &lt;android.widget.ImageView index=\"1\" package=\"com.saucelabs.mydemoapp.android\" class=\"android.widget.ImageView\" text=\"\" resource-id=\"com.saucelabs.mydemoapp.android:id/start2IV\" checkable=\"false\" checked=\"false\" clickable=\"true\" enabled=\"true\" focusable=\"true\" focused=\"false\" long-clickable=\"false\" password=\"false\" scrollable=\"false\" selected=\"false\" bounds=\"[118,2224][171,2277]\" displayed=\"true\" a11y-important=\"true\" screen-reader-focusable=\"false\" drawing-order=\"2\" showing-hint=\"false\" text-entry-key=\"false\" dismissable=\"false\" a11y-focused=\"false\" heading=\"false\" live-region=\"0\" context-clickable=\"false\" content-invalid=\"false\" /&gt;\r\n                                &lt;android.widget.ImageView index=\"2\" package=\"com.saucelabs.mydemoapp.android\" class=\"android.widget.ImageView\" text=\"\" resource-id=\"com.saucelabs.mydemoapp.android:id/start3IV\" checkable=\"false\" checked=\"false\" clickable=\"true\" enabled=\"true\" focusable=\"true\" focused=\"false\" long-clickable=\"false\" password=\"false\" scrollable=\"false\" selected=\"false\" bounds=\"[184,2224][237,2277]\" displayed=\"true\" a11y-important=\"true\" screen-reader-focusable=\"false\" drawing-order=\"3\" showing-hint=\"false\" text-entry-key=\"false\" dismissable=\"false\" a11y-focused=\"false\" heading=\"false\" live-region=\"0\" context-clickable=\"false\" content-invalid=\"false\" /&gt;\r\n                                &lt;android.widget.ImageView index=\"3\" package=\"com.saucelabs.mydemoapp.android\" class=\"android.widget.ImageView\" text=\"\" resource-id=\"com.saucelabs.mydemoapp.android:id/start4IV\" checkable=\"false\" checked=\"false\" clickable=\"true\" enabled=\"true\" focusable=\"true\" focused=\"false\" long-clickable=\"false\" password=\"false\" scrollable=\"false\" selected=\"false\" bounds=\"[250,2224][303,2277]\" displayed=\"true\" a11y-important=\"true\" screen-reader-focusable=\"false\" drawing-order=\"4\" showing-hint=\"false\" text-entry-key=\"false\" dismissable=\"false\" a11y-focused=\"false\" heading=\"false\" live-region=\"0\" context-clickable=\"false\" content-invalid=\"false\" /&gt;\r\n                                &lt;android.widget.ImageView index=\"4\" package=\"com.saucelabs.mydemoapp.android\" class=\"android.widget.ImageView\" text=\"\" resource-id=\"com.saucelabs.mydemoapp.android:id/start5IV\" checkable=\"false\" checked=\"false\" clickable=\"true\" enabled=\"true\" focusable=\"true\" focused=\"false\" long-clickable=\"false\" password=\"false\" scrollable=\"false\" selected=\"false\" bounds=\"[316,2224][369,2277]\" displayed=\"true\" a11y-important=\"true\" screen-reader-focusable=\"false\" drawing-order=\"5\" showing-hint=\"false\" text-entry-key=\"false\" dismissable=\"false\" a11y-focused=\"false\" heading=\"false\" live-region=\"0\" context-clickable=\"false\" content-invalid=\"false\" /&gt;\r\n                              &lt;/android.widget.LinearLayout&gt;\r\n                            &lt;/android.view.ViewGroup&gt;\r\n                          &lt;/android.view.ViewGroup&gt;\r\n                          &lt;android.view.ViewGroup index=\"3\" package=\"com.saucelabs.mydemoapp.android\" class=\"android.view.ViewGroup\" text=\"\" checkable=\"false\" checked=\"false\" clickable=\"false\" enabled=\"true\" focusable=\"false\" focused=\"false\" long-clickable=\"false\" password=\"false\" scrollable=\"false\" selected=\"false\" bounds=\"[561,1385][1028,2277]\" displayed=\"true\" a11y-important=\"true\" screen-reader-focusable=\"false\" drawing-order=\"4\" showing-hint=\"false\" text-entry-key=\"false\" dismissable=\"false\" a11y-focused=\"false\" heading=\"false\" live-region=\"0\" context-clickable=\"false\" content-invalid=\"false\"&gt;\r\n                            &lt;android.widget.ImageView index=\"0\" package=\"com.saucelabs.mydemoapp.android\" class=\"android.widget.ImageView\" text=\"\" content-desc=\"Product Image\" resource-id=\"com.saucelabs.mydemoapp.android:id/productIV\" checkable=\"false\" checked=\"false\" clickable=\"true\" enabled=\"true\" focusable=\"true\" focused=\"false\" long-clickable=\"false\" password=\"false\" scrollable=\"false\" selected=\"false\" bounds=\"[561,1385][1028,1968]\" displayed=\"true\" a11y-important=\"true\" screen-reader-focusable=\"false\" drawing-order=\"1\" showing-hint=\"false\" text-entry-key=\"false\" dismissable=\"false\" a11y-focused=\"false\" heading=\"false\" live-region=\"0\" context-clickable=\"false\" content-invalid=\"false\" /&gt;\r\n                            &lt;android.widget.TextView index=\"1\" package=\"com.saucelabs.mydemoapp.android\" class=\"android.widget.TextView\" text=\"Sauce Labs Backpack (red)\" content-desc=\"Product Title\" resource-id=\"com.saucelabs.mydemoapp.android:id/titleTV\" checkable=\"false\" checked=\"false\" clickable=\"false\" enabled=\"true\" focusable=\"false\" focused=\"false\" long-clickable=\"false\" password=\"false\" scrollable=\"false\" selected=\"false\" bounds=\"[561,1981][1009,2032]\" displayed=\"true\" a11y-important=\"true\" screen-reader-focusable=\"false\" drawing-order=\"2\" showing-hint=\"false\" text-entry-key=\"false\" dismissable=\"false\" a11y-focused=\"false\" heading=\"false\" live-region=\"0\" context-clickable=\"false\" content-invalid=\"false\" /&gt;\r\n                            &lt;android.widget.TextView index=\"2\" package=\"com.saucelabs.mydemoapp.android\" class=\"android.widget.TextView\" text=\"$ 29.99\" content-desc=\"Product Price\" resource-id=\"com.saucelabs.mydemoapp.android:id/priceTV\" checkable=\"false\" checked=\"false\" clickable=\"false\" enabled=\"true\" focusable=\"false\" focused=\"false\" long-clickable=\"false\" password=\"false\" scrollable=\"false\" selected=\"false\" bounds=\"[561,2071][739,2142]\" displayed=\"true\" a11y-important=\"true\" screen-reader-focusable=\"false\" drawing-order=\"3\" showing-hint=\"false\" text-entry-key=\"false\" dismissable=\"false\" a11y-focused=\"false\" heading=\"false\" live-region=\"0\" context-clickable=\"false\" content-invalid=\"false\" /&gt;\r\n                            &lt;android.view.ViewGroup index=\"3\" package=\"com.saucelabs.mydemoapp.android\" class=\"android.view.ViewGroup\" text=\"\" resource-id=\"com.saucelabs.mydemoapp.android:id/rattingV\" checkable=\"false\" checked=\"false\" clickable=\"false\" enabled=\"true\" focusable=\"false\" focused=\"false\" long-clickable=\"false\" password=\"false\" scrollable=\"false\" selected=\"false\" bounds=\"[561,2181][878,2234]\" displayed=\"true\" a11y-important=\"false\" screen-reader-focusable=\"false\" drawing-order=\"4\" showing-hint=\"false\" text-entry-key=\"false\" dismissable=\"false\" a11y-focused=\"false\" heading=\"false\" live-region=\"0\" context-clickable=\"false\" content-invalid=\"false\"&gt;\r\n                              &lt;android.widget.LinearLayout index=\"0\" package=\"com.saucelabs.mydemoapp.android\" class=\"android.widget.LinearLayout\" text=\"\" checkable=\"false\" checked=\"false\" clickable=\"false\" enabled=\"true\" focusable=\"false\" focused=\"false\" long-clickable=\"false\" password=\"false\" scrollable=\"false\" selected=\"false\" bounds=\"[561,2181][878,2234]\" displayed=\"true\" a11y-important=\"false\" screen-reader-focusable=\"false\" drawing-order=\"1\" showing-hint=\"false\" text-entry-key=\"false\" dismissable=\"false\" a11y-focused=\"false\" heading=\"false\" live-region=\"0\" context-clickable=\"false\" content-invalid=\"false\"&gt;\r\n                                &lt;android.widget.ImageView index=\"0\" package=\"com.saucelabs.mydemoapp.android\" class=\"android.widget.ImageView\" text=\"\" resource-id=\"com.saucelabs.mydemoapp.android:id/start1IV\" checkable=\"false\" checked=\"false\" clickable=\"true\" enabled=\"true\" focusable=\"true\" focused=\"false\" long-clickable=\"false\" password=\"false\" scrollable=\"false\" selected=\"false\" bounds=\"[561,2181][614,2234]\" displayed=\"true\" a11y-important=\"true\" screen-reader-focusable=\"false\" drawing-order=\"1\" showing-hint=\"false\" text-entry-key=\"false\" dismissable=\"false\" a11y-focused=\"false\" heading=\"false\" live-region=\"0\" context-clickable=\"false\" content-invalid=\"false\" /&gt;\r\n                                &lt;android.widget.ImageView index=\"1\" package=\"com.saucelabs.mydemoapp.android\" class=\"android.widget.ImageView\" text=\"\" resource-id=\"com.saucelabs.mydemoapp.android:id/start2IV\" checkable=\"false\" checked=\"false\" clickable=\"true\" enabled=\"true\" focusable=\"true\" focused=\"false\" long-clickable=\"false\" password=\"false\" scrollable=\"false\" selected=\"false\" bounds=\"[627,2181][680,2234]\" displayed=\"true\" a11y-important=\"true\" screen-reader-focusable=\"false\" drawing-order=\"2\" showing-hint=\"false\" text-entry-key=\"false\" dismissable=\"false\" a11y-focused=\"false\" heading=\"false\" live-region=\"0\" context-clickable=\"false\" content-invalid=\"false\" /&gt;\r\n                                &lt;android.widget.ImageView index=\"2\" package=\"com.saucelabs.mydemoapp.android\" class=\"android.widget.ImageView\" text=\"\" resource-id=\"com.saucelabs.mydemoapp.android:id/start3IV\" checkable=\"false\" checked=\"false\" clickable=\"true\" enabled=\"true\" focusable=\"true\" focused=\"false\" long-clickable=\"false\" password=\"false\" scrollable=\"false\" selected=\"false\" bounds=\"[693,2181][746,2234]\" displayed=\"true\" a11y-important=\"true\" screen-reader-focusable=\"false\" drawing-order=\"3\" showing-hint=\"false\" text-entry-key=\"false\" dismissable=\"false\" a11y-focused=\"false\" heading=\"false\" live-region=\"0\" context-clickable=\"false\" content-invalid=\"false\" /&gt;\r\n                                &lt;android.widget.ImageView index=\"3\" package=\"com.saucelabs.mydemoapp.android\" class=\"android.widget.ImageView\" text=\"\" resource-id=\"com.saucelabs.mydemoapp.android:id/start4IV\" checkable=\"false\" checked=\"false\" clickable=\"true\" enabled=\"true\" focusable=\"true\" focused=\"false\" long-clickable=\"false\" password=\"false\" scrollable=\"false\" selected=\"false\" bounds=\"[759,2181][812,2234]\" displayed=\"true\" a11y-important=\"true\" screen-reader-focusable=\"false\" drawing-order=\"4\" showing-hint=\"false\" text-entry-key=\"false\" dismissable=\"false\" a11y-focused=\"false\" heading=\"false\" live-region=\"0\" context-clickable=\"false\" content-invalid=\"false\" /&gt;\r\n                                &lt;android.widget.ImageView index=\"4\" package=\"com.saucelabs.mydemoapp.android\" class=\"android.widget.ImageView\" text=\"\" resource-id=\"com.saucelabs.mydemoapp.android:id/start5IV\" checkable=\"false\" checked=\"false\" clickable=\"true\" enabled=\"true\" focusable=\"true\" focused=\"false\" long-clickable=\"false\" password=\"false\" scrollable=\"false\" selected=\"false\" bounds=\"[825,2181][878,2234]\" displayed=\"true\" a11y-important=\"true\" screen-reader-focusable=\"false\" drawing-order=\"5\" showing-hint=\"false\" text-entry-key=\"false\" dismissable=\"false\" a11y-focused=\"false\" heading=\"false\" live-region=\"0\" context-clickable=\"false\" content-invalid=\"false\" /&gt;\r\n                              &lt;/android.widget.LinearLayout&gt;\r\n                            &lt;/android.view.ViewGroup&gt;\r\n                          &lt;/android.view.ViewGroup&gt;\r\n                          &lt;android.view.ViewGroup index=\"4\" package=\"com.saucelabs.mydemoapp.android\" class=\"android.view.ViewGroup\" text=\"\" checkable=\"false\" checked=\"false\" clickable=\"false\" enabled=\"true\" focusable=\"false\" focused=\"false\" long-clickable=\"false\" password=\"false\" scrollable=\"false\" selected=\"false\" bounds=\"[52,2330][519,2337]\" displayed=\"true\" a11y-important=\"true\" screen-reader-focusable=\"false\" drawing-order=\"5\" showing-hint=\"false\" text-entry-key=\"false\" dismissable=\"false\" a11y-focused=\"false\" heading=\"false\" live-region=\"0\" context-clickable=\"false\" content-invalid=\"false\"&gt;\r\n                            &lt;android.widget.ImageView index=\"0\" package=\"com.saucelabs.mydemoapp.android\" class=\"android.widget.ImageView\" text=\"\" content-desc=\"Product Image\" resource-id=\"com.saucelabs.mydemoapp.android:id/productIV\" checkable=\"false\" checked=\"false\" clickable=\"true\" enabled=\"true\" focusable=\"true\" focused=\"false\" long-clickable=\"false\" password=\"false\" scrollable=\"false\" selected=\"false\" bounds=\"[52,2330][519,2337]\" displayed=\"true\" a11y-important=\"true\" screen-reader-focusable=\"false\" drawing-order=\"1\" showing-hint=\"false\" text-entry-key=\"false\" dismissable=\"false\" a11y-focused=\"false\" heading=\"false\" live-region=\"0\" context-clickable=\"false\" content-invalid=\"false\" /&gt;\r\n                          &lt;/android.view.ViewGroup&gt;\r\n                          &lt;android.view.ViewGroup index=\"5\" package=\"com.saucelabs.mydemoapp.android\" class=\"android.view.ViewGroup\" text=\"\" checkable=\"false\" checked=\"false\" clickable=\"false\" enabled=\"true\" focusable=\"false\" focused=\"false\" long-clickable=\"false\" password=\"false\" scrollable=\"false\" selected=\"false\" bounds=\"[561,2330][1028,2337]\" displayed=\"true\" a11y-important=\"true\" screen-reader-focusable=\"false\" drawing-order=\"6\" showing-hint=\"false\" text-entry-key=\"false\" dismissable=\"false\" a11y-focused=\"false\" heading=\"false\" live-region=\"0\" context-clickable=\"false\" content-invalid=\"false\"&gt;\r\n                            &lt;android.widget.ImageView index=\"0\" package=\"com.saucelabs.mydemoapp.android\" class=\"android.widget.ImageView\" text=\"\" content-desc=\"Product Image\" resource-id=\"com.saucelabs.mydemoapp.android:id/productIV\" checkable=\"false\" checked=\"false\" clickable=\"true\" enabled=\"true\" focusable=\"true\" focused=\"false\" long-clickable=\"false\" password=\"false\" scrollable=\"false\" selected=\"false\" bounds=\"[561,2330][1028,2337]\" displayed=\"true\" a11y-important=\"true\" screen-reader-focusable=\"false\" drawing-order=\"1\" showing-hint=\"false\" text-entry-key=\"false\" dismissable=\"false\" a11y-focused=\"false\" heading=\"false\" live-region=\"0\" context-clickable=\"false\" content-invalid=\"false\" /&gt;\r\n                          &lt;/android.view.ViewGroup&gt;\r\n                        &lt;/androidx.recyclerview.widget.RecyclerView&gt;\r\n                      &lt;/android.view.ViewGroup&gt;\r\n                    &lt;/android.widget.ScrollView&gt;\r\n                  &lt;/android.view.ViewGroup&gt;\r\n                &lt;/android.widget.FrameLayout&gt;\r\n              &lt;/android.view.ViewGroup&gt;\r\n            &lt;/androidx.drawerlayout.widget.DrawerLayout&gt;\r\n          &lt;/android.widget.FrameLayout&gt;\r\n        &lt;/android.widget.LinearLayout&gt;\r\n      &lt;/android.widget.FrameLayout&gt;\r\n    &lt;/android.widget.LinearLayout&gt;\r\n    &lt;android.view.View index=\"2\" package=\"com.saucelabs.mydemoapp.android\" class=\"android.view.View\" text=\"\" resource-id=\"android:id/navigationBarBackground\" checkable=\"false\" checked=\"false\" clickable=\"false\" enabled=\"true\" focusable=\"false\" focused=\"false\" long-clickable=\"false\" password=\"false\" scrollable=\"false\" selected=\"false\" bounds=\"[0,2337][1080,2400]\" displayed=\"true\" a11y-important=\"false\" screen-reader-focusable=\"false\" drawing-order=\"2\" showing-hint=\"false\" text-entry-key=\"false\" dismissable=\"false\" a11y-focused=\"false\" heading=\"false\" live-region=\"0\" context-clickable=\"false\" content-invalid=\"false\" /&gt;\r\n  &lt;/android.widget.FrameLayout&gt;\r\n&lt;/hierarchy&gt;"} | headers=HTTPHeaderDict({'X-Powered-By': 'Express', 'Content-Type': 'application/json; charset=utf-8', 'Content-Length': '51618', 'ETag': 'W/"c9a2-hxjYMmvTCpk2hwL4BVCIjhoxD+Q"', 'Date': 'Wed, 12 Nov 2025 22:00:17 GMT', 'Connection': 'keep-alive', 'Keep-Alive': 'timeout=600'})</msg>
<msg time="2025-11-12T19:00:17.699745" level="DEBUG">Finished Request</msg>
<msg time="2025-11-12T19:00:17.699745" level="TRACE">Return: None</msg>
<arg>text=Products</arg>
<doc>Waits until the ``text`` appears on the current page.</doc>
<status status="PASS" start="2025-11-12T19:00:15.523663" elapsed="2.176082"/>
</kw>
<msg time="2025-11-12T19:00:17.699745" level="TRACE">Return: None</msg>
<status status="PASS" start="2025-11-12T19:00:09.239345" elapsed="8.460400"/>
</kw>
<kw name="Encerrar Sessão" owner="home" type="TEARDOWN">
<msg time="2025-11-12T19:00:17.700717" level="TRACE">Arguments: [  ]</msg>
<kw name="Close Application" owner="AppiumLibrary">
<msg time="2025-11-12T19:00:17.700717" level="TRACE">Arguments: [  ]</msg>
<msg time="2025-11-12T19:00:17.701227" level="DEBUG">Closing application with session id d31ea359-3232-4c5d-804f-91624e937ac6</msg>
<msg time="2025-11-12T19:00:17.701227" level="DEBUG">DELETE http://localhost:4723/session/d31ea359-3232-4c5d-804f-91624e937ac6 {}</msg>
<msg time="2025-11-12T19:00:17.701227" level="DEBUG">Starting new HTTP connection (1): localhost:4723</msg>
<msg time="2025-11-12T19:00:20.301348" level="DEBUG">http://localhost:4723 "DELETE /session/d31ea359-3232-4c5d-804f-91624e937ac6 HTTP/1.1" 200 0</msg>
<msg time="2025-11-12T19:00:20.301348" level="DEBUG">Remote response: status=200 | data={"value":null} | headers=HTTPHeaderDict({'X-Powered-By': 'Express', 'Content-Type': 'application/json; charset=utf-8', 'Content-Length': '14', 'ETag': 'W/"e-9/1BuKMgFObM1mWJm+YjxtXJnUM"', 'Date': 'Wed, 12 Nov 2025 22:00:20 GMT', 'Connection': 'keep-alive', 'Keep-Alive': 'timeout=600'})</msg>
<msg time="2025-11-12T19:00:20.302342" level="DEBUG">Finished Request</msg>
<msg time="2025-11-12T19:00:20.302342" level="TRACE">Return: None</msg>
<doc>Closes the current application and the webdriver session.</doc>
<status status="PASS" start="2025-11-12T19:00:17.700717" elapsed="2.601625"/>
</kw>
<msg time="2025-11-12T19:00:20.302342" level="TRACE">Return: None</msg>
<status status="PASS" start="2025-11-12T19:00:17.700717" elapsed="2.601625"/>
</kw>
<status status="PASS" start="2025-11-12T18:59:07.668253" elapsed="72.634089"/>
</test>
<status status="PASS" start="2025-11-12T18:58:00.222511" elapsed="140.081830"/>
</suite>
<statistics>
<total>
<stat pass="2" fail="0" skip="0">All Tests</stat>
</total>
<tag>
</tag>
<suite>
<stat pass="2" fail="0" skip="0" id="s1" name="resetAppState">resetAppState</stat>
</suite>
</statistics>
<errors>
</errors>
</robot>
