<?xml version="1.0" encoding="UTF-8"?>
<robot generator="Robot 7.0.1 (Python 3.11.5 on win32)" generated="2025-11-01T15:52:44.490457" rpa="false" schemaversion="5">
<suite id="s1" name="Login" source="C:\Projects\appium-project\src\tests\modelos\login.robot">
<test id="s1-t1" name="Login com sucesso" line="8">
<kw name="Iniciar Sessão" owner="home" type="SETUP">
<msg time="2025-11-01T15:52:45.038367" level="TRACE">Arguments: [  ]</msg>
<kw name="Open Application" owner="AppiumLibrary">
<msg time="2025-11-01T15:52:45.039406" level="TRACE">Arguments: [ 'http://localhost:4723' | platformName='Android' | deviceName='Android Emulator' | automationName='UiAutomator2' | app='C:\\Projects\\appium-project/apps/sauceLab_NEW_2.2.0-25.apk' | udid='emulator-5554' | autoGrantPermissions='true' ]</msg>
<msg time="2025-11-01T15:52:45.039406" level="DEBUG">POST http://localhost:4723/session {'capabilities': {'firstMatch': [{}], 'alwaysMatch': {'platformName': 'Android', 'appium:deviceName': 'Android Emulator', 'appium:automationName': 'UiAutomator2', 'appium:app': 'C:\\Projects\\appium-project/apps/sauceLab_NEW_2.2.0-25.apk', 'appium:udid': 'emulator-5554', 'appium:autoGrantPermissions': 'true'}}}</msg>
<msg time="2025-11-01T15:52:45.040405" level="DEBUG">Starting new HTTP connection (1): localhost:4723</msg>
<msg time="2025-11-01T15:52:53.672554" level="DEBUG">http://localhost:4723 "POST /session HTTP/1.1" 200 0</msg>
<msg time="2025-11-01T15:52:53.672554" level="DEBUG">Remote response: status=200 | data={"value":{"capabilities":{"platformName":"Android","deviceName":"emulator-5554","automationName":"UiAutomator2","app":"C:\\Projects\\appium-project/apps/sauceLab_NEW_2.2.0-25.apk","udid":"emulator-5554","autoGrantPermissions":true,"platform":"LINUX","webStorageEnabled":false,"takesScreenshot":true,"javascriptEnabled":true,"databaseEnabled":false,"networkConnectionEnabled":true,"locationContextEnabled":false,"warnings":{},"desired":{"platformName":"Android","deviceName":"Android Emulator","automationName":"UiAutomator2","app":"C:\\Projects\\appium-project/apps/sauceLab_NEW_2.2.0-25.apk","udid":"emulator-5554","autoGrantPermissions":true},"deviceUDID":"emulator-5554","appPackage":"com.saucelabs.mydemoapp.android","appActivity":"com.saucelabs.mydemoapp.android.view.activities.SplashActivity","pixelRatio":"2.625","statBarHeight":63,"viewportRect":{"left":0,"top":63,"width":1080,"height":2337},"deviceApiLevel":35,"platformVersion":"15","deviceManufacturer":"Google","deviceModel":"sdk_gphone64_x86_64","deviceScreenSize":"1080x2400","deviceScreenDensity":420},"sessionId":"038e7e9c-c299-411e-ae70-293b0bfbfd91"}} | headers=HTTPHeaderDict({'X-Powered-By': 'Express', 'Vary': 'X-HTTP-Method-Override', 'Content-Type': 'application/json; charset=utf-8', 'Content-Length': '1121', 'ETag': 'W/"461-+H8s4st8/Zeb2hepSX0wx7W85CU"', 'Date': 'Sat, 01 Nov 2025 18:52:53 GMT', 'Connection': 'keep-alive', 'Keep-Alive': 'timeout=600'})</msg>
<msg time="2025-11-01T15:52:53.672554" level="DEBUG">Finished Request</msg>
<msg time="2025-11-01T15:52:53.674061" level="DEBUG">Opened application with session id 038e7e9c-c299-411e-ae70-293b0bfbfd91</msg>
<msg time="2025-11-01T15:52:53.674061" level="TRACE">Return: 1</msg>
<arg>http://localhost:4723</arg>
<arg>platformName=Android</arg>
<arg>deviceName=Android Emulator</arg>
<arg>automationName=UiAutomator2</arg>
<arg>app=${EXECDIR}/apps/sauceLab_NEW_2.2.0-25.apk</arg>
<arg>udid=emulator-5554</arg>
<arg>autoGrantPermissions=true</arg>
<doc>Opens a new application to the given Appium server.
Capabilities of appium server, Android and iOS,
Please check https://appium.io/docs/en/2.19/guides/caps/
| *Option*            | *Man.* | *Description*     |
| remote_url          | Yes    | Appium server url |
| alias               | No     | alias             |</doc>
<status status="PASS" start="2025-11-01T15:52:45.039406" elapsed="8.634655"/>
</kw>
<kw name="Wait Until Element Is Visible" owner="AppiumLibrary">
<msg time="2025-11-01T15:52:53.674061" level="TRACE">Arguments: [ 'xpath=//*[@content-desc="App logo and name"]' ]</msg>
<msg time="2025-11-01T15:52:53.674061" level="DEBUG">POST http://localhost:4723/session/038e7e9c-c299-411e-ae70-293b0bfbfd91/elements {'using': 'xpath', 'value': '//*[@content-desc="App logo and name"]'}</msg>
<msg time="2025-11-01T15:52:53.675068" level="DEBUG">Starting new HTTP connection (1): localhost:4723</msg>
<msg time="2025-11-01T15:52:56.462333" level="DEBUG">http://localhost:4723 "POST /session/038e7e9c-c299-411e-ae70-293b0bfbfd91/elements HTTP/1.1" 200 0</msg>
<msg time="2025-11-01T15:52:56.463331" level="DEBUG">Remote response: status=200 | data={"value":[{"element-6066-11e4-a52e-4f735466cecf":"00000000-0000-0145-ffff-ffff0000001a","ELEMENT":"00000000-0000-0145-ffff-ffff0000001a"}]} | headers=HTTPHeaderDict({'X-Powered-By': 'Express', 'Vary': 'X-HTTP-Method-Override', 'Content-Type': 'application/json; charset=utf-8', 'Content-Length': '139', 'ETag': 'W/"8b-Ah9D/l9hEyjDhiL/wGOjjhKB+js"', 'Date': 'Sat, 01 Nov 2025 18:52:56 GMT', 'Connection': 'keep-alive', 'Keep-Alive': 'timeout=600'})</msg>
<msg time="2025-11-01T15:52:56.463331" level="DEBUG">Finished Request</msg>
<msg time="2025-11-01T15:52:56.463331" level="DEBUG">GET http://localhost:4723/session/038e7e9c-c299-411e-ae70-293b0bfbfd91/element/00000000-0000-0145-ffff-ffff0000001a/displayed {}</msg>
<msg time="2025-11-01T15:52:56.463331" level="DEBUG">Starting new HTTP connection (1): localhost:4723</msg>
<msg time="2025-11-01T15:52:58.581561" level="DEBUG">http://localhost:4723 "GET /session/038e7e9c-c299-411e-ae70-293b0bfbfd91/element/00000000-0000-0145-ffff-ffff0000001a/displayed HTTP/1.1" 200 0</msg>
<msg time="2025-11-01T15:52:58.581561" level="DEBUG">Remote response: status=200 | data={"value":true} | headers=HTTPHeaderDict({'X-Powered-By': 'Express', 'Content-Type': 'application/json; charset=utf-8', 'Content-Length': '14', 'ETag': 'W/"e-2ZHvAWebNQpyjGZTg6uyV8/spTo"', 'Date': 'Sat, 01 Nov 2025 18:52:58 GMT', 'Connection': 'keep-alive', 'Keep-Alive': 'timeout=600'})</msg>
<msg time="2025-11-01T15:52:58.581561" level="DEBUG">Finished Request</msg>
<msg time="2025-11-01T15:52:58.581561" level="INFO">xpath criteria: //*[@content-desc="App logo and name"]</msg>
<msg time="2025-11-01T15:52:58.581561" level="TRACE">Return: None</msg>
<arg>xpath=//*[@content-desc="App logo and name"]</arg>
<doc>Waits until the element specified by the ``locator`` is visible.</doc>
<status status="PASS" start="2025-11-01T15:52:53.674061" elapsed="4.907500"/>
</kw>
<kw name="Wait Until Page Contains" owner="AppiumLibrary">
<msg time="2025-11-01T15:52:58.582529" level="TRACE">Arguments: [ text='Products' ]</msg>
<msg time="2025-11-01T15:52:58.582529" level="DEBUG">GET http://localhost:4723/session/038e7e9c-c299-411e-ae70-293b0bfbfd91/source {}</msg>
<msg time="2025-11-01T15:52:58.582529" level="DEBUG">Starting new HTTP connection (1): localhost:4723</msg>
<msg time="2025-11-01T15:53:00.787634" level="DEBUG">http://localhost:4723 "GET /session/038e7e9c-c299-411e-ae70-293b0bfbfd91/source HTTP/1.1" 200 0</msg>
<msg time="2025-11-01T15:53:00.788727" level="DEBUG">Remote response: status=200 | data={"value":"&lt;?xml version='1.0' encoding='UTF-8' standalone='yes' ?&gt;\r\n&lt;hierarchy index=\"0\" class=\"hierarchy\" rotation=\"0\" width=\"1080\" height=\"2400\"&gt;\r\n  &lt;android.widget.FrameLayout index=\"0\" package=\"com.saucelabs.mydemoapp.android\" class=\"android.widget.FrameLayout\" text=\"\" checkable=\"false\" checked=\"false\" clickable=\"false\" enabled=\"true\" focusable=\"false\" focused=\"false\" long-clickable=\"false\" password=\"false\" scrollable=\"false\" selected=\"false\" bounds=\"[0,0][1080,2400]\" displayed=\"true\" a11y-important=\"true\" screen-reader-focusable=\"false\" drawing-order=\"0\" showing-hint=\"false\" text-entry-key=\"false\" dismissable=\"false\" a11y-focused=\"false\" heading=\"false\" live-region=\"0\" context-clickable=\"false\" content-invalid=\"false\"&gt;\r\n    &lt;android.widget.LinearLayout index=\"0\" package=\"com.saucelabs.mydemoapp.android\" class=\"android.widget.LinearLayout\" text=\"\" checkable=\"false\" checked=\"false\" clickable=\"false\" enabled=\"true\" focusable=\"false\" focused=\"false\" long-clickable=\"false\" password=\"false\" scrollable=\"false\" selected=\"false\" bounds=\"[0,0][1080,2337]\" displayed=\"true\" a11y-important=\"false\" screen-reader-focusable=\"false\" drawing-order=\"1\" showing-hint=\"false\" text-entry-key=\"false\" dismissable=\"false\" a11y-focused=\"false\" heading=\"false\" live-region=\"0\" context-clickable=\"false\" content-invalid=\"false\"&gt;\r\n      &lt;android.widget.FrameLayout index=\"0\" package=\"com.saucelabs.mydemoapp.android\" class=\"android.widget.FrameLayout\" text=\"\" checkable=\"false\" checked=\"false\" clickable=\"false\" enabled=\"true\" focusable=\"false\" focused=\"false\" long-clickable=\"false\" password=\"false\" scrollable=\"false\" selected=\"false\" bounds=\"[0,63][1080,2337]\" displayed=\"true\" a11y-important=\"false\" screen-reader-focusable=\"false\" drawing-order=\"2\" showing-hint=\"false\" text-entry-key=\"false\" dismissable=\"false\" a11y-focused=\"false\" heading=\"false\" live-region=\"0\" context-clickable=\"false\" content-invalid=\"false\"&gt;\r\n        &lt;android.widget.LinearLayout index=\"0\" package=\"com.saucelabs.mydemoapp.android\" class=\"android.widget.LinearLayout\" text=\"\" resource-id=\"com.saucelabs.mydemoapp.android:id/action_bar_root\" checkable=\"false\" checked=\"false\" clickable=\"false\" enabled=\"true\" focusable=\"false\" focused=\"false\" long-clickable=\"false\" password=\"false\" scrollable=\"false\" selected=\"false\" bounds=\"[0,63][1080,2337]\" displayed=\"true\" a11y-important=\"false\" screen-reader-focusable=\"false\" drawing-order=\"1\" showing-hint=\"false\" text-entry-key=\"false\" dismissable=\"false\" a11y-focused=\"false\" heading=\"false\" live-region=\"0\" context-clickable=\"false\" content-invalid=\"false\"&gt;\r\n          &lt;android.widget.FrameLayout index=\"0\" package=\"com.saucelabs.mydemoapp.android\" class=\"android.widget.FrameLayout\" text=\"\" resource-id=\"android:id/content\" checkable=\"false\" checked=\"false\" clickable=\"false\" enabled=\"true\" focusable=\"false\" focused=\"false\" long-clickable=\"false\" password=\"false\" scrollable=\"false\" selected=\"false\" bounds=\"[0,63][1080,2337]\" displayed=\"true\" a11y-important=\"false\" screen-reader-focusable=\"false\" drawing-order=\"2\" showing-hint=\"false\" text-entry-key=\"false\" dismissable=\"false\" a11y-focused=\"false\" heading=\"false\" live-region=\"0\" context-clickable=\"false\" content-invalid=\"false\"&gt;\r\n            &lt;androidx.drawerlayout.widget.DrawerLayout index=\"0\" package=\"com.saucelabs.mydemoapp.android\" class=\"androidx.drawerlayout.widget.DrawerLayout\" text=\"\" resource-id=\"com.saucelabs.mydemoapp.android:id/container\" checkable=\"false\" checked=\"false\" clickable=\"false\" enabled=\"true\" focusable=\"false\" focused=\"false\" long-clickable=\"false\" password=\"false\" scrollable=\"false\" selected=\"false\" bounds=\"[0,63][1080,2337]\" displayed=\"true\" a11y-important=\"true\" screen-reader-focusable=\"false\" drawing-order=\"1\" showing-hint=\"false\" text-entry-key=\"false\" dismissable=\"false\" a11y-focused=\"false\" heading=\"false\" live-region=\"0\" context-clickable=\"false\" content-invalid=\"false\"&gt;\r\n              &lt;android.view.ViewGroup index=\"0\" package=\"com.saucelabs.mydemoapp.android\" class=\"android.view.ViewGroup\" text=\"\" checkable=\"false\" checked=\"false\" clickable=\"false\" enabled=\"true\" focusable=\"false\" focused=\"false\" long-clickable=\"false\" password=\"false\" scrollable=\"false\" selected=\"false\" bounds=\"[0,63][1080,2337]\" displayed=\"true\" a11y-important=\"true\" screen-reader-focusable=\"false\" drawing-order=\"1\" showing-hint=\"false\" text-entry-key=\"false\" dismissable=\"false\" a11y-focused=\"false\" heading=\"false\" live-region=\"0\" context-clickable=\"false\" content-invalid=\"false\"&gt;\r\n                &lt;android.view.ViewGroup index=\"0\" package=\"com.saucelabs.mydemoapp.android\" class=\"android.view.ViewGroup\" text=\"\" resource-id=\"com.saucelabs.mydemoapp.android:id/header\" checkable=\"false\" checked=\"false\" clickable=\"false\" enabled=\"true\" focusable=\"false\" focused=\"false\" long-clickable=\"false\" password=\"false\" scrollable=\"false\" selected=\"false\" bounds=\"[0,63][1080,194]\" displayed=\"true\" a11y-important=\"false\" screen-reader-focusable=\"false\" drawing-order=\"1\" showing-hint=\"false\" text-entry-key=\"false\" dismissable=\"false\" a11y-focused=\"false\" heading=\"false\" live-region=\"0\" context-clickable=\"false\" content-invalid=\"false\"&gt;\r\n                  &lt;android.widget.ImageView index=\"0\" package=\"com.saucelabs.mydemoapp.android\" class=\"android.widget.ImageView\" text=\"\" content-desc=\"App logo and name\" resource-id=\"com.saucelabs.mydemoapp.android:id/mTvTitle\" checkable=\"false\" checked=\"false\" clickable=\"false\" enabled=\"true\" focusable=\"false\" focused=\"false\" long-clickable=\"false\" password=\"false\" scrollable=\"false\" selected=\"false\" bounds=\"[0,102][1080,155]\" displayed=\"true\" a11y-important=\"true\" screen-reader-focusable=\"false\" drawing-order=\"4\" showing-hint=\"false\" text-entry-key=\"false\" dismissable=\"false\" a11y-focused=\"false\" heading=\"false\" live-region=\"0\" context-clickable=\"false\" content-invalid=\"false\" /&gt;\r\n                  &lt;android.widget.ImageView index=\"1\" package=\"com.saucelabs.mydemoapp.android\" class=\"android.widget.ImageView\" text=\"\" content-desc=\"View menu\" resource-id=\"com.saucelabs.mydemoapp.android:id/menuIV\" checkable=\"false\" checked=\"false\" clickable=\"true\" enabled=\"true\" focusable=\"true\" focused=\"false\" long-clickable=\"false\" password=\"false\" scrollable=\"false\" selected=\"false\" bounds=\"[32,89][111,168]\" displayed=\"true\" a11y-important=\"true\" screen-reader-focusable=\"false\" drawing-order=\"1\" showing-hint=\"false\" text-entry-key=\"false\" dismissable=\"false\" a11y-focused=\"false\" heading=\"false\" live-region=\"0\" context-clickable=\"false\" content-invalid=\"false\" /&gt;\r\n                  &lt;android.widget.ImageView index=\"2\" package=\"com.saucelabs.mydemoapp.android\" class=\"android.widget.ImageView\" text=\"\" content-desc=\"Shows current sorting order and displays available sorting options\" resource-id=\"com.saucelabs.mydemoapp.android:id/sortIV\" checkable=\"false\" checked=\"false\" clickable=\"true\" enabled=\"true\" focusable=\"true\" focused=\"false\" long-clickable=\"false\" password=\"false\" scrollable=\"false\" selected=\"false\" bounds=\"[874,97][937,160]\" displayed=\"true\" a11y-important=\"true\" screen-reader-focusable=\"false\" drawing-order=\"2\" showing-hint=\"false\" text-entry-key=\"false\" dismissable=\"false\" a11y-focused=\"false\" heading=\"false\" live-region=\"0\" context-clickable=\"false\" content-invalid=\"false\" /&gt;\r\n                  &lt;android.widget.RelativeLayout index=\"3\" package=\"com.saucelabs.mydemoapp.android\" class=\"android.widget.RelativeLayout\" text=\"\" content-desc=\"View cart\" resource-id=\"com.saucelabs.mydemoapp.android:id/cartRL\" checkable=\"false\" checked=\"false\" clickable=\"true\" enabled=\"true\" focusable=\"true\" focused=\"false\" long-clickable=\"false\" password=\"false\" scrollable=\"false\" selected=\"false\" bounds=\"[969,89][1048,168]\" displayed=\"true\" a11y-important=\"true\" screen-reader-focusable=\"false\" drawing-order=\"3\" showing-hint=\"false\" text-entry-key=\"false\" dismissable=\"false\" a11y-focused=\"false\" heading=\"false\" live-region=\"0\" context-clickable=\"false\" content-invalid=\"false\"&gt;\r\n                    &lt;android.widget.ImageView index=\"0\" package=\"com.saucelabs.mydemoapp.android\" class=\"android.widget.ImageView\" text=\"\" content-desc=\"Displays number of items in your cart\" resource-id=\"com.saucelabs.mydemoapp.android:id/cartIV\" checkable=\"false\" checked=\"false\" clickable=\"false\" enabled=\"true\" focusable=\"false\" focused=\"false\" long-clickable=\"false\" password=\"false\" scrollable=\"false\" selected=\"false\" bounds=\"[969,97][1027,160]\" displayed=\"true\" a11y-important=\"true\" screen-reader-focusable=\"false\" drawing-order=\"1\" showing-hint=\"false\" text-entry-key=\"false\" dismissable=\"false\" a11y-focused=\"false\" heading=\"false\" live-region=\"0\" context-clickable=\"false\" content-invalid=\"false\" /&gt;\r\n                  &lt;/android.widget.RelativeLayout&gt;\r\n                  &lt;android.view.View index=\"4\" package=\"com.saucelabs.mydemoapp.android\" class=\"android.view.View\" text=\"\" checkable=\"false\" checked=\"false\" clickable=\"false\" enabled=\"true\" focusable=\"false\" focused=\"false\" long-clickable=\"false\" password=\"false\" scrollable=\"false\" selected=\"false\" bounds=\"[0,193][1080,194]\" displayed=\"true\" a11y-important=\"false\" screen-reader-focusable=\"false\" drawing-order=\"5\" showing-hint=\"false\" text-entry-key=\"false\" dismissable=\"false\" a11y-focused=\"false\" heading=\"false\" live-region=\"0\" context-clickable=\"false\" content-invalid=\"false\" /&gt;\r\n                &lt;/android.view.ViewGroup&gt;\r\n                &lt;android.widget.FrameLayout index=\"1\" package=\"com.saucelabs.mydemoapp.android\" class=\"android.widget.FrameLayout\" text=\"\" content-desc=\"Container for fragments\" resource-id=\"com.saucelabs.mydemoapp.android:id/fragment_container\" checkable=\"false\" checked=\"false\" clickable=\"false\" enabled=\"true\" focusable=\"false\" focused=\"false\" long-clickable=\"false\" password=\"false\" scrollable=\"false\" selected=\"false\" bounds=\"[0,194][1080,2337]\" displayed=\"true\" a11y-important=\"true\" screen-reader-focusable=\"false\" drawing-order=\"2\" showing-hint=\"false\" text-entry-key=\"false\" dismissable=\"false\" a11y-focused=\"false\" heading=\"false\" live-region=\"0\" context-clickable=\"false\" content-invalid=\"false\"&gt;\r\n                  &lt;android.view.ViewGroup index=\"0\" package=\"com.saucelabs.mydemoapp.android\" class=\"android.view.ViewGroup\" text=\"\" checkable=\"false\" checked=\"false\" clickable=\"false\" enabled=\"true\" focusable=\"false\" focused=\"false\" long-clickable=\"false\" password=\"false\" scrollable=\"false\" selected=\"false\" bounds=\"[0,194][1080,2337]\" displayed=\"true\" a11y-important=\"false\" screen-reader-focusable=\"false\" drawing-order=\"1\" showing-hint=\"false\" text-entry-key=\"false\" dismissable=\"false\" a11y-focused=\"false\" heading=\"false\" live-region=\"0\" context-clickable=\"false\" content-invalid=\"false\"&gt;\r\n                    &lt;android.widget.TextView index=\"0\" package=\"com.saucelabs.mydemoapp.android\" class=\"android.widget.TextView\" text=\"Products\" content-desc=\"title\" resource-id=\"com.saucelabs.mydemoapp.android:id/productTV\" checkable=\"false\" checked=\"false\" clickable=\"false\" enabled=\"true\" focusable=\"false\" focused=\"false\" long-clickable=\"false\" password=\"false\" scrollable=\"false\" selected=\"false\" bounds=\"[52,273][296,348]\" displayed=\"true\" a11y-important=\"true\" screen-reader-focusable=\"false\" drawing-order=\"1\" showing-hint=\"false\" text-entry-key=\"false\" dismissable=\"false\" a11y-focused=\"false\" heading=\"false\" live-region=\"0\" context-clickable=\"false\" content-invalid=\"false\" /&gt;\r\n                    &lt;android.widget.ScrollView index=\"1\" package=\"com.saucelabs.mydemoapp.android\" class=\"android.widget.ScrollView\" text=\"\" content-desc=\"Scrollview manages views in given screen size\" resource-id=\"com.saucelabs.mydemoapp.android:id/scrollView\" checkable=\"false\" checked=\"false\" clickable=\"false\" enabled=\"true\" focusable=\"true\" focused=\"false\" long-clickable=\"false\" password=\"false\" scrollable=\"true\" selected=\"false\" bounds=\"[31,440][1049,2337]\" displayed=\"true\" a11y-important=\"true\" screen-reader-focusable=\"false\" drawing-order=\"2\" showing-hint=\"false\" text-entry-key=\"false\" dismissable=\"false\" a11y-focused=\"false\" heading=\"false\" live-region=\"0\" context-clickable=\"false\" content-invalid=\"false\"&gt;\r\n                      &lt;android.view.ViewGroup index=\"0\" package=\"com.saucelabs.mydemoapp.android\" class=\"android.view.ViewGroup\" text=\"\" checkable=\"false\" checked=\"false\" clickable=\"false\" enabled=\"true\" focusable=\"false\" focused=\"false\" long-clickable=\"false\" password=\"false\" scrollable=\"false\" selected=\"false\" bounds=\"[31,440][1049,2337]\" displayed=\"true\" a11y-important=\"false\" screen-reader-focusable=\"false\" drawing-order=\"1\" showing-hint=\"false\" text-entry-key=\"false\" dismissable=\"false\" a11y-focused=\"false\" heading=\"false\" live-region=\"0\" context-clickable=\"false\" content-invalid=\"false\"&gt;\r\n                        &lt;androidx.recyclerview.widget.RecyclerView index=\"0\" package=\"com.saucelabs.mydemoapp.android\" class=\"androidx.recyclerview.widget.RecyclerView\" text=\"\" content-desc=\"Displays all products of catalog\" resource-id=\"com.saucelabs.mydemoapp.android:id/productRV\" checkable=\"false\" checked=\"false\" clickable=\"false\" enabled=\"true\" focusable=\"true\" focused=\"false\" long-clickable=\"false\" password=\"false\" scrollable=\"false\" selected=\"false\" bounds=\"[31,440][1049,2337]\" displayed=\"true\" a11y-important=\"true\" screen-reader-focusable=\"false\" drawing-order=\"1\" showing-hint=\"false\" text-entry-key=\"false\" dismissable=\"false\" a11y-focused=\"false\" heading=\"false\" live-region=\"0\" context-clickable=\"false\" content-invalid=\"false\"&gt;\r\n                          &lt;android.view.ViewGroup index=\"0\" package=\"com.saucelabs.mydemoapp.android\" class=\"android.view.ViewGroup\" text=\"\" checkable=\"false\" checked=\"false\" clickable=\"false\" enabled=\"true\" focusable=\"false\" focused=\"false\" long-clickable=\"false\" password=\"false\" scrollable=\"false\" selected=\"false\" bounds=\"[52,440][519,1332]\" displayed=\"true\" a11y-important=\"true\" screen-reader-focusable=\"false\" drawing-order=\"1\" showing-hint=\"false\" text-entry-key=\"false\" dismissable=\"false\" a11y-focused=\"false\" heading=\"false\" live-region=\"0\" context-clickable=\"false\" content-invalid=\"false\"&gt;\r\n                            &lt;android.widget.ImageView index=\"0\" package=\"com.saucelabs.mydemoapp.android\" class=\"android.widget.ImageView\" text=\"\" content-desc=\"Product Image\" resource-id=\"com.saucelabs.mydemoapp.android:id/productIV\" checkable=\"false\" checked=\"false\" clickable=\"true\" enabled=\"true\" focusable=\"true\" focused=\"false\" long-clickable=\"false\" password=\"false\" scrollable=\"false\" selected=\"false\" bounds=\"[52,440][519,1023]\" displayed=\"true\" a11y-important=\"true\" screen-reader-focusable=\"false\" drawing-order=\"1\" showing-hint=\"false\" text-entry-key=\"false\" dismissable=\"false\" a11y-focused=\"false\" heading=\"false\" live-region=\"0\" context-clickable=\"false\" content-invalid=\"false\" /&gt;\r\n                            &lt;android.widget.TextView index=\"1\" package=\"com.saucelabs.mydemoapp.android\" class=\"android.widget.TextView\" text=\"Sauce Labs Backpack\" content-desc=\"Product Title\" resource-id=\"com.saucelabs.mydemoapp.android:id/titleTV\" checkable=\"false\" checked=\"false\" clickable=\"false\" enabled=\"true\" focusable=\"false\" focused=\"false\" long-clickable=\"false\" password=\"false\" scrollable=\"false\" selected=\"false\" bounds=\"[52,1036][411,1087]\" displayed=\"true\" a11y-important=\"true\" screen-reader-focusable=\"false\" drawing-order=\"2\" showing-hint=\"false\" text-entry-key=\"false\" dismissable=\"false\" a11y-focused=\"false\" heading=\"false\" live-region=\"0\" context-clickable=\"false\" content-invalid=\"false\" /&gt;\r\n                            &lt;android.widget.TextView index=\"2\" package=\"com.saucelabs.mydemoapp.android\" class=\"android.widget.TextView\" text=\"$ 29.99\" content-desc=\"Product Price\" resource-id=\"com.saucelabs.mydemoapp.android:id/priceTV\" checkable=\"false\" checked=\"false\" clickable=\"false\" enabled=\"true\" focusable=\"false\" focused=\"false\" long-clickable=\"false\" password=\"false\" scrollable=\"false\" selected=\"false\" bounds=\"[52,1126][230,1197]\" displayed=\"true\" a11y-important=\"true\" screen-reader-focusable=\"false\" drawing-order=\"3\" showing-hint=\"false\" text-entry-key=\"false\" dismissable=\"false\" a11y-focused=\"false\" heading=\"false\" live-region=\"0\" context-clickable=\"false\" content-invalid=\"false\" /&gt;\r\n                            &lt;android.view.ViewGroup index=\"3\" package=\"com.saucelabs.mydemoapp.android\" class=\"android.view.ViewGroup\" text=\"\" resource-id=\"com.saucelabs.mydemoapp.android:id/rattingV\" checkable=\"false\" checked=\"false\" clickable=\"false\" enabled=\"true\" focusable=\"false\" focused=\"false\" long-clickable=\"false\" password=\"false\" scrollable=\"false\" selected=\"false\" bounds=\"[52,1236][369,1289]\" displayed=\"true\" a11y-important=\"false\" screen-reader-focusable=\"false\" drawing-order=\"4\" showing-hint=\"false\" text-entry-key=\"false\" dismissable=\"false\" a11y-focused=\"false\" heading=\"false\" live-region=\"0\" context-clickable=\"false\" content-invalid=\"false\"&gt;\r\n                              &lt;android.widget.LinearLayout index=\"0\" package=\"com.saucelabs.mydemoapp.android\" class=\"android.widget.LinearLayout\" text=\"\" checkable=\"false\" checked=\"false\" clickable=\"false\" enabled=\"true\" focusable=\"false\" focused=\"false\" long-clickable=\"false\" password=\"false\" scrollable=\"false\" selected=\"false\" bounds=\"[52,1236][369,1289]\" displayed=\"true\" a11y-important=\"false\" screen-reader-focusable=\"false\" drawing-order=\"1\" showing-hint=\"false\" text-entry-key=\"false\" dismissable=\"false\" a11y-focused=\"false\" heading=\"false\" live-region=\"0\" context-clickable=\"false\" content-invalid=\"false\"&gt;\r\n                                &lt;android.widget.ImageView index=\"0\" package=\"com.saucelabs.mydemoapp.android\" class=\"android.widget.ImageView\" text=\"\" resource-id=\"com.saucelabs.mydemoapp.android:id/start1IV\" checkable=\"false\" checked=\"false\" clickable=\"true\" enabled=\"true\" focusable=\"true\" focused=\"false\" long-clickable=\"false\" password=\"false\" scrollable=\"false\" selected=\"false\" bounds=\"[52,1236][105,1289]\" displayed=\"true\" a11y-important=\"true\" screen-reader-focusable=\"false\" drawing-order=\"1\" showing-hint=\"false\" text-entry-key=\"false\" dismissable=\"false\" a11y-focused=\"false\" heading=\"false\" live-region=\"0\" context-clickable=\"false\" content-invalid=\"false\" /&gt;\r\n                                &lt;android.widget.ImageView index=\"1\" package=\"com.saucelabs.mydemoapp.android\" class=\"android.widget.ImageView\" text=\"\" resource-id=\"com.saucelabs.mydemoapp.android:id/start2IV\" checkable=\"false\" checked=\"false\" clickable=\"true\" enabled=\"true\" focusable=\"true\" focused=\"false\" long-clickable=\"false\" password=\"false\" scrollable=\"false\" selected=\"false\" bounds=\"[118,1236][171,1289]\" displayed=\"true\" a11y-important=\"true\" screen-reader-focusable=\"false\" drawing-order=\"2\" showing-hint=\"false\" text-entry-key=\"false\" dismissable=\"false\" a11y-focused=\"false\" heading=\"false\" live-region=\"0\" context-clickable=\"false\" content-invalid=\"false\" /&gt;\r\n                                &lt;android.widget.ImageView index=\"2\" package=\"com.saucelabs.mydemoapp.android\" class=\"android.widget.ImageView\" text=\"\" resource-id=\"com.saucelabs.mydemoapp.android:id/start3IV\" checkable=\"false\" checked=\"false\" clickable=\"true\" enabled=\"true\" focusable=\"true\" focused=\"false\" long-clickable=\"false\" password=\"false\" scrollable=\"false\" selected=\"false\" bounds=\"[184,1236][237,1289]\" displayed=\"true\" a11y-important=\"true\" screen-reader-focusable=\"false\" drawing-order=\"3\" showing-hint=\"false\" text-entry-key=\"false\" dismissable=\"false\" a11y-focused=\"false\" heading=\"false\" live-region=\"0\" context-clickable=\"false\" content-invalid=\"false\" /&gt;\r\n                                &lt;android.widget.ImageView index=\"3\" package=\"com.saucelabs.mydemoapp.android\" class=\"android.widget.ImageView\" text=\"\" resource-id=\"com.saucelabs.mydemoapp.android:id/start4IV\" checkable=\"false\" checked=\"false\" clickable=\"true\" enabled=\"true\" focusable=\"true\" focused=\"false\" long-clickable=\"false\" password=\"false\" scrollable=\"false\" selected=\"false\" bounds=\"[250,1236][303,1289]\" displayed=\"true\" a11y-important=\"true\" screen-reader-focusable=\"false\" drawing-order=\"4\" showing-hint=\"false\" text-entry-key=\"false\" dismissable=\"false\" a11y-focused=\"false\" heading=\"false\" live-region=\"0\" context-clickable=\"false\" content-invalid=\"false\" /&gt;\r\n                                &lt;android.widget.ImageView index=\"4\" package=\"com.saucelabs.mydemoapp.android\" class=\"android.widget.ImageView\" text=\"\" resource-id=\"com.saucelabs.mydemoapp.android:id/start5IV\" checkable=\"false\" checked=\"false\" clickable=\"true\" enabled=\"true\" focusable=\"true\" focused=\"false\" long-clickable=\"false\" password=\"false\" scrollable=\"false\" selected=\"false\" bounds=\"[316,1236][369,1289]\" displayed=\"true\" a11y-important=\"true\" screen-reader-focusable=\"false\" drawing-order=\"5\" showing-hint=\"false\" text-entry-key=\"false\" dismissable=\"false\" a11y-focused=\"false\" heading=\"false\" live-region=\"0\" context-clickable=\"false\" content-invalid=\"false\" /&gt;\r\n                              &lt;/android.widget.LinearLayout&gt;\r\n                            &lt;/android.view.ViewGroup&gt;\r\n                          &lt;/android.view.ViewGroup&gt;\r\n                          &lt;android.view.ViewGroup index=\"1\" package=\"com.saucelabs.mydemoapp.android\" class=\"android.view.ViewGroup\" text=\"\" checkable=\"false\" checked=\"false\" clickable=\"false\" enabled=\"true\" focusable=\"false\" focused=\"false\" long-clickable=\"false\" password=\"false\" scrollable=\"false\" selected=\"false\" bounds=\"[561,440][1028,1332]\" displayed=\"true\" a11y-important=\"true\" screen-reader-focusable=\"false\" drawing-order=\"2\" showing-hint=\"false\" text-entry-key=\"false\" dismissable=\"false\" a11y-focused=\"false\" heading=\"false\" live-region=\"0\" context-clickable=\"false\" content-invalid=\"false\"&gt;\r\n                            &lt;android.widget.ImageView index=\"0\" package=\"com.saucelabs.mydemoapp.android\" class=\"android.widget.ImageView\" text=\"\" content-desc=\"Product Image\" resource-id=\"com.saucelabs.mydemoapp.android:id/productIV\" checkable=\"false\" checked=\"false\" clickable=\"true\" enabled=\"true\" focusable=\"true\" focused=\"false\" long-clickable=\"false\" password=\"false\" scrollable=\"false\" selected=\"false\" bounds=\"[561,440][1028,1023]\" displayed=\"true\" a11y-important=\"true\" screen-reader-focusable=\"false\" drawing-order=\"1\" showing-hint=\"false\" text-entry-key=\"false\" dismissable=\"false\" a11y-focused=\"false\" heading=\"false\" live-region=\"0\" context-clickable=\"false\" content-invalid=\"false\" /&gt;\r\n                            &lt;android.widget.TextView index=\"1\" package=\"com.saucelabs.mydemoapp.android\" class=\"android.widget.TextView\" text=\"Sauce Labs Backpack (green)\" content-desc=\"Product Title\" resource-id=\"com.saucelabs.mydemoapp.android:id/titleTV\" checkable=\"false\" checked=\"false\" clickable=\"false\" enabled=\"true\" focusable=\"false\" focused=\"false\" long-clickable=\"false\" password=\"false\" scrollable=\"false\" selected=\"false\" bounds=\"[561,1036][1028,1130]\" displayed=\"true\" a11y-important=\"true\" screen-reader-focusable=\"false\" drawing-order=\"2\" showing-hint=\"false\" text-entry-key=\"false\" dismissable=\"false\" a11y-focused=\"false\" heading=\"false\" live-region=\"0\" context-clickable=\"false\" content-invalid=\"false\" /&gt;\r\n                            &lt;android.widget.TextView index=\"2\" package=\"com.saucelabs.mydemoapp.android\" class=\"android.widget.TextView\" text=\"$ 29.99\" content-desc=\"Product Price\" resource-id=\"com.saucelabs.mydemoapp.android:id/priceTV\" checkable=\"false\" checked=\"false\" clickable=\"false\" enabled=\"true\" focusable=\"false\" focused=\"false\" long-clickable=\"false\" password=\"false\" scrollable=\"false\" selected=\"false\" bounds=\"[561,1169][739,1240]\" displayed=\"true\" a11y-important=\"true\" screen-reader-focusable=\"false\" drawing-order=\"3\" showing-hint=\"false\" text-entry-key=\"false\" dismissable=\"false\" a11y-focused=\"false\" heading=\"false\" live-region=\"0\" context-clickable=\"false\" content-invalid=\"false\" /&gt;\r\n                            &lt;android.view.ViewGroup index=\"3\" package=\"com.saucelabs.mydemoapp.android\" class=\"android.view.ViewGroup\" text=\"\" resource-id=\"com.saucelabs.mydemoapp.android:id/rattingV\" checkable=\"false\" checked=\"false\" clickable=\"false\" enabled=\"true\" focusable=\"false\" focused=\"false\" long-clickable=\"false\" password=\"false\" scrollable=\"false\" selected=\"false\" bounds=\"[561,1279][878,1332]\" displayed=\"true\" a11y-important=\"false\" screen-reader-focusable=\"false\" drawing-order=\"4\" showing-hint=\"false\" text-entry-key=\"false\" dismissable=\"false\" a11y-focused=\"false\" heading=\"false\" live-region=\"0\" context-clickable=\"false\" content-invalid=\"false\"&gt;\r\n                              &lt;android.widget.LinearLayout index=\"0\" package=\"com.saucelabs.mydemoapp.android\" class=\"android.widget.LinearLayout\" text=\"\" checkable=\"false\" checked=\"false\" clickable=\"false\" enabled=\"true\" focusable=\"false\" focused=\"false\" long-clickable=\"false\" password=\"false\" scrollable=\"false\" selected=\"false\" bounds=\"[561,1279][878,1332]\" displayed=\"true\" a11y-important=\"false\" screen-reader-focusable=\"false\" drawing-order=\"1\" showing-hint=\"false\" text-entry-key=\"false\" dismissable=\"false\" a11y-focused=\"false\" heading=\"false\" live-region=\"0\" context-clickable=\"false\" content-invalid=\"false\"&gt;\r\n                                &lt;android.widget.ImageView index=\"0\" package=\"com.saucelabs.mydemoapp.android\" class=\"android.widget.ImageView\" text=\"\" resource-id=\"com.saucelabs.mydemoapp.android:id/start1IV\" checkable=\"false\" checked=\"false\" clickable=\"true\" enabled=\"true\" focusable=\"true\" focused=\"false\" long-clickable=\"false\" password=\"false\" scrollable=\"false\" selected=\"false\" bounds=\"[561,1279][614,1332]\" displayed=\"true\" a11y-important=\"true\" screen-reader-focusable=\"false\" drawing-order=\"1\" showing-hint=\"false\" text-entry-key=\"false\" dismissable=\"false\" a11y-focused=\"false\" heading=\"false\" live-region=\"0\" context-clickable=\"false\" content-invalid=\"false\" /&gt;\r\n                                &lt;android.widget.ImageView index=\"1\" package=\"com.saucelabs.mydemoapp.android\" class=\"android.widget.ImageView\" text=\"\" resource-id=\"com.saucelabs.mydemoapp.android:id/start2IV\" checkable=\"false\" checked=\"false\" clickable=\"true\" enabled=\"true\" focusable=\"true\" focused=\"false\" long-clickable=\"false\" password=\"false\" scrollable=\"false\" selected=\"false\" bounds=\"[627,1279][680,1332]\" displayed=\"true\" a11y-important=\"true\" screen-reader-focusable=\"false\" drawing-order=\"2\" showing-hint=\"false\" text-entry-key=\"false\" dismissable=\"false\" a11y-focused=\"false\" heading=\"false\" live-region=\"0\" context-clickable=\"false\" content-invalid=\"false\" /&gt;\r\n                                &lt;android.widget.ImageView index=\"2\" package=\"com.saucelabs.mydemoapp.android\" class=\"android.widget.ImageView\" text=\"\" resource-id=\"com.saucelabs.mydemoapp.android:id/start3IV\" checkable=\"false\" checked=\"false\" clickable=\"true\" enabled=\"true\" focusable=\"true\" focused=\"false\" long-clickable=\"false\" password=\"false\" scrollable=\"false\" selected=\"false\" bounds=\"[693,1279][746,1332]\" displayed=\"true\" a11y-important=\"true\" screen-reader-focusable=\"false\" drawing-order=\"3\" showing-hint=\"false\" text-entry-key=\"false\" dismissable=\"false\" a11y-focused=\"false\" heading=\"false\" live-region=\"0\" context-clickable=\"false\" content-invalid=\"false\" /&gt;\r\n                                &lt;android.widget.ImageView index=\"3\" package=\"com.saucelabs.mydemoapp.android\" class=\"android.widget.ImageView\" text=\"\" resource-id=\"com.saucelabs.mydemoapp.android:id/start4IV\" checkable=\"false\" checked=\"false\" clickable=\"true\" enabled=\"true\" focusable=\"true\" focused=\"false\" long-clickable=\"false\" password=\"false\" scrollable=\"false\" selected=\"false\" bounds=\"[759,1279][812,1332]\" displayed=\"true\" a11y-important=\"true\" screen-reader-focusable=\"false\" drawing-order=\"4\" showing-hint=\"false\" text-entry-key=\"false\" dismissable=\"false\" a11y-focused=\"false\" heading=\"false\" live-region=\"0\" context-clickable=\"false\" content-invalid=\"false\" /&gt;\r\n                                &lt;android.widget.ImageView index=\"4\" package=\"com.saucelabs.mydemoapp.android\" class=\"android.widget.ImageView\" text=\"\" resource-id=\"com.saucelabs.mydemoapp.android:id/start5IV\" checkable=\"false\" checked=\"false\" clickable=\"true\" enabled=\"true\" focusable=\"true\" focused=\"false\" long-clickable=\"false\" password=\"false\" scrollable=\"false\" selected=\"false\" bounds=\"[825,1279][878,1332]\" displayed=\"true\" a11y-important=\"true\" screen-reader-focusable=\"false\" drawing-order=\"5\" showing-hint=\"false\" text-entry-key=\"false\" dismissable=\"false\" a11y-focused=\"false\" heading=\"false\" live-region=\"0\" context-clickable=\"false\" content-invalid=\"false\" /&gt;\r\n                              &lt;/android.widget.LinearLayout&gt;\r\n                            &lt;/android.view.ViewGroup&gt;\r\n                          &lt;/android.view.ViewGroup&gt;\r\n                          &lt;android.view.ViewGroup index=\"2\" package=\"com.saucelabs.mydemoapp.android\" class=\"android.view.ViewGroup\" text=\"\" checkable=\"false\" checked=\"false\" clickable=\"false\" enabled=\"true\" focusable=\"false\" focused=\"false\" long-clickable=\"false\" password=\"false\" scrollable=\"false\" selected=\"false\" bounds=\"[52,1385][519,2277]\" displayed=\"true\" a11y-important=\"true\" screen-reader-focusable=\"false\" drawing-order=\"3\" showing-hint=\"false\" text-entry-key=\"false\" dismissable=\"false\" a11y-focused=\"false\" heading=\"false\" live-region=\"0\" context-clickable=\"false\" content-invalid=\"false\"&gt;\r\n                            &lt;android.widget.ImageView index=\"0\" package=\"com.saucelabs.mydemoapp.android\" class=\"android.widget.ImageView\" text=\"\" content-desc=\"Product Image\" resource-id=\"com.saucelabs.mydemoapp.android:id/productIV\" checkable=\"false\" checked=\"false\" clickable=\"true\" enabled=\"true\" focusable=\"true\" focused=\"false\" long-clickable=\"false\" password=\"false\" scrollable=\"false\" selected=\"false\" bounds=\"[52,1385][519,1968]\" displayed=\"true\" a11y-important=\"true\" screen-reader-focusable=\"false\" drawing-order=\"1\" showing-hint=\"false\" text-entry-key=\"false\" dismissable=\"false\" a11y-focused=\"false\" heading=\"false\" live-region=\"0\" context-clickable=\"false\" content-invalid=\"false\" /&gt;\r\n                            &lt;android.widget.TextView index=\"1\" package=\"com.saucelabs.mydemoapp.android\" class=\"android.widget.TextView\" text=\"Sauce Labs Backpack (orange)\" content-desc=\"Product Title\" resource-id=\"com.saucelabs.mydemoapp.android:id/titleTV\" checkable=\"false\" checked=\"false\" clickable=\"false\" enabled=\"true\" focusable=\"false\" focused=\"false\" long-clickable=\"false\" password=\"false\" scrollable=\"false\" selected=\"false\" bounds=\"[52,1981][519,2075]\" displayed=\"true\" a11y-important=\"true\" screen-reader-focusable=\"false\" drawing-order=\"2\" showing-hint=\"false\" text-entry-key=\"false\" dismissable=\"false\" a11y-focused=\"false\" heading=\"false\" live-region=\"0\" context-clickable=\"false\" content-invalid=\"false\" /&gt;\r\n                            &lt;android.widget.TextView index=\"2\" package=\"com.saucelabs.mydemoapp.android\" class=\"android.widget.TextView\" text=\"$ 29.99\" content-desc=\"Product Price\" resource-id=\"com.saucelabs.mydemoapp.android:id/priceTV\" checkable=\"false\" checked=\"false\" clickable=\"false\" enabled=\"true\" focusable=\"false\" focused=\"false\" long-clickable=\"false\" password=\"false\" scrollable=\"false\" selected=\"false\" bounds=\"[52,2114][230,2185]\" displayed=\"true\" a11y-important=\"true\" screen-reader-focusable=\"false\" drawing-order=\"3\" showing-hint=\"false\" text-entry-key=\"false\" dismissable=\"false\" a11y-focused=\"false\" heading=\"false\" live-region=\"0\" context-clickable=\"false\" content-invalid=\"false\" /&gt;\r\n                            &lt;android.view.ViewGroup index=\"3\" package=\"com.saucelabs.mydemoapp.android\" class=\"android.view.ViewGroup\" text=\"\" resource-id=\"com.saucelabs.mydemoapp.android:id/rattingV\" checkable=\"false\" checked=\"false\" clickable=\"false\" enabled=\"true\" focusable=\"false\" focused=\"false\" long-clickable=\"false\" password=\"false\" scrollable=\"false\" selected=\"false\" bounds=\"[52,2224][369,2277]\" displayed=\"true\" a11y-important=\"false\" screen-reader-focusable=\"false\" drawing-order=\"4\" showing-hint=\"false\" text-entry-key=\"false\" dismissable=\"false\" a11y-focused=\"false\" heading=\"false\" live-region=\"0\" context-clickable=\"false\" content-invalid=\"false\"&gt;\r\n                              &lt;android.widget.LinearLayout index=\"0\" package=\"com.saucelabs.mydemoapp.android\" class=\"android.widget.LinearLayout\" text=\"\" checkable=\"false\" checked=\"false\" clickable=\"false\" enabled=\"true\" focusable=\"false\" focused=\"false\" long-clickable=\"false\" password=\"false\" scrollable=\"false\" selected=\"false\" bounds=\"[52,2224][369,2277]\" displayed=\"true\" a11y-important=\"false\" screen-reader-focusable=\"false\" drawing-order=\"1\" showing-hint=\"false\" text-entry-key=\"false\" dismissable=\"false\" a11y-focused=\"false\" heading=\"false\" live-region=\"0\" context-clickable=\"false\" content-invalid=\"false\"&gt;\r\n                                &lt;android.widget.ImageView index=\"0\" package=\"com.saucelabs.mydemoapp.android\" class=\"android.widget.ImageView\" text=\"\" resource-id=\"com.saucelabs.mydemoapp.android:id/start1IV\" checkable=\"false\" checked=\"false\" clickable=\"true\" enabled=\"true\" focusable=\"true\" focused=\"false\" long-clickable=\"false\" password=\"false\" scrollable=\"false\" selected=\"false\" bounds=\"[52,2224][105,2277]\" displayed=\"true\" a11y-important=\"true\" screen-reader-focusable=\"false\" drawing-order=\"1\" showing-hint=\"false\" text-entry-key=\"false\" dismissable=\"false\" a11y-focused=\"false\" heading=\"false\" live-region=\"0\" context-clickable=\"false\" content-invalid=\"false\" /&gt;\r\n                                &lt;android.widget.ImageView index=\"1\" package=\"com.saucelabs.mydemoapp.android\" class=\"android.widget.ImageView\" text=\"\" resource-id=\"com.saucelabs.mydemoapp.android:id/start2IV\" checkable=\"false\" checked=\"false\" clickable=\"true\" enabled=\"true\" focusable=\"true\" focused=\"false\" long-clickable=\"false\" password=\"false\" scrollable=\"false\" selected=\"false\" bounds=\"[118,2224][171,2277]\" displayed=\"true\" a11y-important=\"true\" screen-reader-focusable=\"false\" drawing-order=\"2\" showing-hint=\"false\" text-entry-key=\"false\" dismissable=\"false\" a11y-focused=\"false\" heading=\"false\" live-region=\"0\" context-clickable=\"false\" content-invalid=\"false\" /&gt;\r\n                                &lt;android.widget.ImageView index=\"2\" package=\"com.saucelabs.mydemoapp.android\" class=\"android.widget.ImageView\" text=\"\" resource-id=\"com.saucelabs.mydemoapp.android:id/start3IV\" checkable=\"false\" checked=\"false\" clickable=\"true\" enabled=\"true\" focusable=\"true\" focused=\"false\" long-clickable=\"false\" password=\"false\" scrollable=\"false\" selected=\"false\" bounds=\"[184,2224][237,2277]\" displayed=\"true\" a11y-important=\"true\" screen-reader-focusable=\"false\" drawing-order=\"3\" showing-hint=\"false\" text-entry-key=\"false\" dismissable=\"false\" a11y-focused=\"false\" heading=\"false\" live-region=\"0\" context-clickable=\"false\" content-invalid=\"false\" /&gt;\r\n                                &lt;android.widget.ImageView index=\"3\" package=\"com.saucelabs.mydemoapp.android\" class=\"android.widget.ImageView\" text=\"\" resource-id=\"com.saucelabs.mydemoapp.android:id/start4IV\" checkable=\"false\" checked=\"false\" clickable=\"true\" enabled=\"true\" focusable=\"true\" focused=\"false\" long-clickable=\"false\" password=\"false\" scrollable=\"false\" selected=\"false\" bounds=\"[250,2224][303,2277]\" displayed=\"true\" a11y-important=\"true\" screen-reader-focusable=\"false\" drawing-order=\"4\" showing-hint=\"false\" text-entry-key=\"false\" dismissable=\"false\" a11y-focused=\"false\" heading=\"false\" live-region=\"0\" context-clickable=\"false\" content-invalid=\"false\" /&gt;\r\n                                &lt;android.widget.ImageView index=\"4\" package=\"com.saucelabs.mydemoapp.android\" class=\"android.widget.ImageView\" text=\"\" resource-id=\"com.saucelabs.mydemoapp.android:id/start5IV\" checkable=\"false\" checked=\"false\" clickable=\"true\" enabled=\"true\" focusable=\"true\" focused=\"false\" long-clickable=\"false\" password=\"false\" scrollable=\"false\" selected=\"false\" bounds=\"[316,2224][369,2277]\" displayed=\"true\" a11y-important=\"true\" screen-reader-focusable=\"false\" drawing-order=\"5\" showing-hint=\"false\" text-entry-key=\"false\" dismissable=\"false\" a11y-focused=\"false\" heading=\"false\" live-region=\"0\" context-clickable=\"false\" content-invalid=\"false\" /&gt;\r\n                              &lt;/android.widget.LinearLayout&gt;\r\n                            &lt;/android.view.ViewGroup&gt;\r\n                          &lt;/android.view.ViewGroup&gt;\r\n                          &lt;android.view.ViewGroup index=\"3\" package=\"com.saucelabs.mydemoapp.android\" class=\"android.view.ViewGroup\" text=\"\" checkable=\"false\" checked=\"false\" clickable=\"false\" enabled=\"true\" focusable=\"false\" focused=\"false\" long-clickable=\"false\" password=\"false\" scrollable=\"false\" selected=\"false\" bounds=\"[561,1385][1028,2277]\" displayed=\"true\" a11y-important=\"true\" screen-reader-focusable=\"false\" drawing-order=\"4\" showing-hint=\"false\" text-entry-key=\"false\" dismissable=\"false\" a11y-focused=\"false\" heading=\"false\" live-region=\"0\" context-clickable=\"false\" content-invalid=\"false\"&gt;\r\n                            &lt;android.widget.ImageView index=\"0\" package=\"com.saucelabs.mydemoapp.android\" class=\"android.widget.ImageView\" text=\"\" content-desc=\"Product Image\" resource-id=\"com.saucelabs.mydemoapp.android:id/productIV\" checkable=\"false\" checked=\"false\" clickable=\"true\" enabled=\"true\" focusable=\"true\" focused=\"false\" long-clickable=\"false\" password=\"false\" scrollable=\"false\" selected=\"false\" bounds=\"[561,1385][1028,1968]\" displayed=\"true\" a11y-important=\"true\" screen-reader-focusable=\"false\" drawing-order=\"1\" showing-hint=\"false\" text-entry-key=\"false\" dismissable=\"false\" a11y-focused=\"false\" heading=\"false\" live-region=\"0\" context-clickable=\"false\" content-invalid=\"false\" /&gt;\r\n                            &lt;android.widget.TextView index=\"1\" package=\"com.saucelabs.mydemoapp.android\" class=\"android.widget.TextView\" text=\"Sauce Labs Backpack (red)\" content-desc=\"Product Title\" resource-id=\"com.saucelabs.mydemoapp.android:id/titleTV\" checkable=\"false\" checked=\"false\" clickable=\"false\" enabled=\"true\" focusable=\"false\" focused=\"false\" long-clickable=\"false\" password=\"false\" scrollable=\"false\" selected=\"false\" bounds=\"[561,1981][1009,2032]\" displayed=\"true\" a11y-important=\"true\" screen-reader-focusable=\"false\" drawing-order=\"2\" showing-hint=\"false\" text-entry-key=\"false\" dismissable=\"false\" a11y-focused=\"false\" heading=\"false\" live-region=\"0\" context-clickable=\"false\" content-invalid=\"false\" /&gt;\r\n                            &lt;android.widget.TextView index=\"2\" package=\"com.saucelabs.mydemoapp.android\" class=\"android.widget.TextView\" text=\"$ 29.99\" content-desc=\"Product Price\" resource-id=\"com.saucelabs.mydemoapp.android:id/priceTV\" checkable=\"false\" checked=\"false\" clickable=\"false\" enabled=\"true\" focusable=\"false\" focused=\"false\" long-clickable=\"false\" password=\"false\" scrollable=\"false\" selected=\"false\" bounds=\"[561,2071][739,2142]\" displayed=\"true\" a11y-important=\"true\" screen-reader-focusable=\"false\" drawing-order=\"3\" showing-hint=\"false\" text-entry-key=\"false\" dismissable=\"false\" a11y-focused=\"false\" heading=\"false\" live-region=\"0\" context-clickable=\"false\" content-invalid=\"false\" /&gt;\r\n                            &lt;android.view.ViewGroup index=\"3\" package=\"com.saucelabs.mydemoapp.android\" class=\"android.view.ViewGroup\" text=\"\" resource-id=\"com.saucelabs.mydemoapp.android:id/rattingV\" checkable=\"false\" checked=\"false\" clickable=\"false\" enabled=\"true\" focusable=\"false\" focused=\"false\" long-clickable=\"false\" password=\"false\" scrollable=\"false\" selected=\"false\" bounds=\"[561,2181][878,2234]\" displayed=\"true\" a11y-important=\"false\" screen-reader-focusable=\"false\" drawing-order=\"4\" showing-hint=\"false\" text-entry-key=\"false\" dismissable=\"false\" a11y-focused=\"false\" heading=\"false\" live-region=\"0\" context-clickable=\"false\" content-invalid=\"false\"&gt;\r\n                              &lt;android.widget.LinearLayout index=\"0\" package=\"com.saucelabs.mydemoapp.android\" class=\"android.widget.LinearLayout\" text=\"\" checkable=\"false\" checked=\"false\" clickable=\"false\" enabled=\"true\" focusable=\"false\" focused=\"false\" long-clickable=\"false\" password=\"false\" scrollable=\"false\" selected=\"false\" bounds=\"[561,2181][878,2234]\" displayed=\"true\" a11y-important=\"false\" screen-reader-focusable=\"false\" drawing-order=\"1\" showing-hint=\"false\" text-entry-key=\"false\" dismissable=\"false\" a11y-focused=\"false\" heading=\"false\" live-region=\"0\" context-clickable=\"false\" content-invalid=\"false\"&gt;\r\n                                &lt;android.widget.ImageView index=\"0\" package=\"com.saucelabs.mydemoapp.android\" class=\"android.widget.ImageView\" text=\"\" resource-id=\"com.saucelabs.mydemoapp.android:id/start1IV\" checkable=\"false\" checked=\"false\" clickable=\"true\" enabled=\"true\" focusable=\"true\" focused=\"false\" long-clickable=\"false\" password=\"false\" scrollable=\"false\" selected=\"false\" bounds=\"[561,2181][614,2234]\" displayed=\"true\" a11y-important=\"true\" screen-reader-focusable=\"false\" drawing-order=\"1\" showing-hint=\"false\" text-entry-key=\"false\" dismissable=\"false\" a11y-focused=\"false\" heading=\"false\" live-region=\"0\" context-clickable=\"false\" content-invalid=\"false\" /&gt;\r\n                                &lt;android.widget.ImageView index=\"1\" package=\"com.saucelabs.mydemoapp.android\" class=\"android.widget.ImageView\" text=\"\" resource-id=\"com.saucelabs.mydemoapp.android:id/start2IV\" checkable=\"false\" checked=\"false\" clickable=\"true\" enabled=\"true\" focusable=\"true\" focused=\"false\" long-clickable=\"false\" password=\"false\" scrollable=\"false\" selected=\"false\" bounds=\"[627,2181][680,2234]\" displayed=\"true\" a11y-important=\"true\" screen-reader-focusable=\"false\" drawing-order=\"2\" showing-hint=\"false\" text-entry-key=\"false\" dismissable=\"false\" a11y-focused=\"false\" heading=\"false\" live-region=\"0\" context-clickable=\"false\" content-invalid=\"false\" /&gt;\r\n                                &lt;android.widget.ImageView index=\"2\" package=\"com.saucelabs.mydemoapp.android\" class=\"android.widget.ImageView\" text=\"\" resource-id=\"com.saucelabs.mydemoapp.android:id/start3IV\" checkable=\"false\" checked=\"false\" clickable=\"true\" enabled=\"true\" focusable=\"true\" focused=\"false\" long-clickable=\"false\" password=\"false\" scrollable=\"false\" selected=\"false\" bounds=\"[693,2181][746,2234]\" displayed=\"true\" a11y-important=\"true\" screen-reader-focusable=\"false\" drawing-order=\"3\" showing-hint=\"false\" text-entry-key=\"false\" dismissable=\"false\" a11y-focused=\"false\" heading=\"false\" live-region=\"0\" context-clickable=\"false\" content-invalid=\"false\" /&gt;\r\n                                &lt;android.widget.ImageView index=\"3\" package=\"com.saucelabs.mydemoapp.android\" class=\"android.widget.ImageView\" text=\"\" resource-id=\"com.saucelabs.mydemoapp.android:id/start4IV\" checkable=\"false\" checked=\"false\" clickable=\"true\" enabled=\"true\" focusable=\"true\" focused=\"false\" long-clickable=\"false\" password=\"false\" scrollable=\"false\" selected=\"false\" bounds=\"[759,2181][812,2234]\" displayed=\"true\" a11y-important=\"true\" screen-reader-focusable=\"false\" drawing-order=\"4\" showing-hint=\"false\" text-entry-key=\"false\" dismissable=\"false\" a11y-focused=\"false\" heading=\"false\" live-region=\"0\" context-clickable=\"false\" content-invalid=\"false\" /&gt;\r\n                                &lt;android.widget.ImageView index=\"4\" package=\"com.saucelabs.mydemoapp.android\" class=\"android.widget.ImageView\" text=\"\" resource-id=\"com.saucelabs.mydemoapp.android:id/start5IV\" checkable=\"false\" checked=\"false\" clickable=\"true\" enabled=\"true\" focusable=\"true\" focused=\"false\" long-clickable=\"false\" password=\"false\" scrollable=\"false\" selected=\"false\" bounds=\"[825,2181][878,2234]\" displayed=\"true\" a11y-important=\"true\" screen-reader-focusable=\"false\" drawing-order=\"5\" showing-hint=\"false\" text-entry-key=\"false\" dismissable=\"false\" a11y-focused=\"false\" heading=\"false\" live-region=\"0\" context-clickable=\"false\" content-invalid=\"false\" /&gt;\r\n                              &lt;/android.widget.LinearLayout&gt;\r\n                            &lt;/android.view.ViewGroup&gt;\r\n                          &lt;/android.view.ViewGroup&gt;\r\n                          &lt;android.view.ViewGroup index=\"4\" package=\"com.saucelabs.mydemoapp.android\" class=\"android.view.ViewGroup\" text=\"\" checkable=\"false\" checked=\"false\" clickable=\"false\" enabled=\"true\" focusable=\"false\" focused=\"false\" long-clickable=\"false\" password=\"false\" scrollable=\"false\" selected=\"false\" bounds=\"[52,2330][519,2337]\" displayed=\"true\" a11y-important=\"true\" screen-reader-focusable=\"false\" drawing-order=\"5\" showing-hint=\"false\" text-entry-key=\"false\" dismissable=\"false\" a11y-focused=\"false\" heading=\"false\" live-region=\"0\" context-clickable=\"false\" content-invalid=\"false\"&gt;\r\n                            &lt;android.widget.ImageView index=\"0\" package=\"com.saucelabs.mydemoapp.android\" class=\"android.widget.ImageView\" text=\"\" content-desc=\"Product Image\" resource-id=\"com.saucelabs.mydemoapp.android:id/productIV\" checkable=\"false\" checked=\"false\" clickable=\"true\" enabled=\"true\" focusable=\"true\" focused=\"false\" long-clickable=\"false\" password=\"false\" scrollable=\"false\" selected=\"false\" bounds=\"[52,2330][519,2337]\" displayed=\"true\" a11y-important=\"true\" screen-reader-focusable=\"false\" drawing-order=\"1\" showing-hint=\"false\" text-entry-key=\"false\" dismissable=\"false\" a11y-focused=\"false\" heading=\"false\" live-region=\"0\" context-clickable=\"false\" content-invalid=\"false\" /&gt;\r\n                          &lt;/android.view.ViewGroup&gt;\r\n                          &lt;android.view.ViewGroup index=\"5\" package=\"com.saucelabs.mydemoapp.android\" class=\"android.view.ViewGroup\" text=\"\" checkable=\"false\" checked=\"false\" clickable=\"false\" enabled=\"true\" focusable=\"false\" focused=\"false\" long-clickable=\"false\" password=\"false\" scrollable=\"false\" selected=\"false\" bounds=\"[561,2330][1028,2337]\" displayed=\"true\" a11y-important=\"true\" screen-reader-focusable=\"false\" drawing-order=\"6\" showing-hint=\"false\" text-entry-key=\"false\" dismissable=\"false\" a11y-focused=\"false\" heading=\"false\" live-region=\"0\" context-clickable=\"false\" content-invalid=\"false\"&gt;\r\n                            &lt;android.widget.ImageView index=\"0\" package=\"com.saucelabs.mydemoapp.android\" class=\"android.widget.ImageView\" text=\"\" content-desc=\"Product Image\" resource-id=\"com.saucelabs.mydemoapp.android:id/productIV\" checkable=\"false\" checked=\"false\" clickable=\"true\" enabled=\"true\" focusable=\"true\" focused=\"false\" long-clickable=\"false\" password=\"false\" scrollable=\"false\" selected=\"false\" bounds=\"[561,2330][1028,2337]\" displayed=\"true\" a11y-important=\"true\" screen-reader-focusable=\"false\" drawing-order=\"1\" showing-hint=\"false\" text-entry-key=\"false\" dismissable=\"false\" a11y-focused=\"false\" heading=\"false\" live-region=\"0\" context-clickable=\"false\" content-invalid=\"false\" /&gt;\r\n                          &lt;/android.view.ViewGroup&gt;\r\n                        &lt;/androidx.recyclerview.widget.RecyclerView&gt;\r\n                      &lt;/android.view.ViewGroup&gt;\r\n                    &lt;/android.widget.ScrollView&gt;\r\n                  &lt;/android.view.ViewGroup&gt;\r\n                &lt;/android.widget.FrameLayout&gt;\r\n              &lt;/android.view.ViewGroup&gt;\r\n            &lt;/androidx.drawerlayout.widget.DrawerLayout&gt;\r\n          &lt;/android.widget.FrameLayout&gt;\r\n        &lt;/android.widget.LinearLayout&gt;\r\n      &lt;/android.widget.FrameLayout&gt;\r\n    &lt;/android.widget.LinearLayout&gt;\r\n    &lt;android.view.View index=\"2\" package=\"com.saucelabs.mydemoapp.android\" class=\"android.view.View\" text=\"\" resource-id=\"android:id/navigationBarBackground\" checkable=\"false\" checked=\"false\" clickable=\"false\" enabled=\"true\" focusable=\"false\" focused=\"false\" long-clickable=\"false\" password=\"false\" scrollable=\"false\" selected=\"false\" bounds=\"[0,2337][1080,2400]\" displayed=\"true\" a11y-important=\"false\" screen-reader-focusable=\"false\" drawing-order=\"2\" showing-hint=\"false\" text-entry-key=\"false\" dismissable=\"false\" a11y-focused=\"false\" heading=\"false\" live-region=\"0\" context-clickable=\"false\" content-invalid=\"false\" /&gt;\r\n  &lt;/android.widget.FrameLayout&gt;\r\n&lt;/hierarchy&gt;"} | headers=HTTPHeaderDict({'X-Powered-By': 'Express', 'Content-Type': 'application/json; charset=utf-8', 'Content-Length': '51618', 'ETag': 'W/"c9a2-hxjYMmvTCpk2hwL4BVCIjhoxD+Q"', 'Date': 'Sat, 01 Nov 2025 18:53:00 GMT', 'Connection': 'keep-alive', 'Keep-Alive': 'timeout=600'})</msg>
<msg time="2025-11-01T15:53:00.788727" level="DEBUG">Finished Request</msg>
<msg time="2025-11-01T15:53:00.789729" level="TRACE">Return: None</msg>
<arg>text=Products</arg>
<doc>Waits until the ``text`` appears on the current page.</doc>
<status status="PASS" start="2025-11-01T15:52:58.582529" elapsed="2.207200"/>
</kw>
<msg time="2025-11-01T15:53:00.789729" level="TRACE">Return: None</msg>
<doc>Teste para iniciar sessão com credenciais válidas.</doc>
<status status="PASS" start="2025-11-01T15:52:45.038367" elapsed="15.751362"/>
</kw>
<kw name="Acessar página de Login" owner="login">
<msg time="2025-11-01T15:53:00.790727" level="TRACE">Arguments: [  ]</msg>
<kw name="Click Element" owner="AppiumLibrary">
<msg time="2025-11-01T15:53:00.790727" level="TRACE">Arguments: [ 'xpath=//*[@content-desc="View menu"]' ]</msg>
<msg time="2025-11-01T15:53:00.791726" level="INFO">Clicking element 'xpath=//*[@content-desc="View menu"]'.</msg>
<msg time="2025-11-01T15:53:00.791726" level="DEBUG">POST http://localhost:4723/session/038e7e9c-c299-411e-ae70-293b0bfbfd91/elements {'using': 'xpath', 'value': '//*[@content-desc="View menu"]'}</msg>
<msg time="2025-11-01T15:53:00.791726" level="DEBUG">Starting new HTTP connection (1): localhost:4723</msg>
<msg time="2025-11-01T15:53:02.962549" level="DEBUG">http://localhost:4723 "POST /session/038e7e9c-c299-411e-ae70-293b0bfbfd91/elements HTTP/1.1" 200 0</msg>
<msg time="2025-11-01T15:53:02.962549" level="DEBUG">Remote response: status=200 | data={"value":[{"element-6066-11e4-a52e-4f735466cecf":"00000000-0000-0145-ffff-ffff00000013","ELEMENT":"00000000-0000-0145-ffff-ffff00000013"}]} | headers=HTTPHeaderDict({'X-Powered-By': 'Express', 'Vary': 'X-HTTP-Method-Override', 'Content-Type': 'application/json; charset=utf-8', 'Content-Length': '139', 'ETag': 'W/"8b-0v5uBEUVz6bODDfRpPWkgD/mxnA"', 'Date': 'Sat, 01 Nov 2025 18:53:02 GMT', 'Connection': 'keep-alive', 'Keep-Alive': 'timeout=600'})</msg>
<msg time="2025-11-01T15:53:02.962549" level="DEBUG">Finished Request</msg>
<msg time="2025-11-01T15:53:02.962549" level="DEBUG">POST http://localhost:4723/session/038e7e9c-c299-411e-ae70-293b0bfbfd91/element/00000000-0000-0145-ffff-ffff00000013/click {}</msg>
<msg time="2025-11-01T15:53:02.962549" level="DEBUG">Starting new HTTP connection (1): localhost:4723</msg>
<msg time="2025-11-01T15:53:06.007724" level="DEBUG">http://localhost:4723 "POST /session/038e7e9c-c299-411e-ae70-293b0bfbfd91/element/00000000-0000-0145-ffff-ffff00000013/click HTTP/1.1" 200 0</msg>
<msg time="2025-11-01T15:53:06.007724" level="DEBUG">Remote response: status=200 | data={"value":null} | headers=HTTPHeaderDict({'X-Powered-By': 'Express', 'Vary': 'X-HTTP-Method-Override', 'Content-Type': 'application/json; charset=utf-8', 'Content-Length': '14', 'ETag': 'W/"e-9/1BuKMgFObM1mWJm+YjxtXJnUM"', 'Date': 'Sat, 01 Nov 2025 18:53:06 GMT', 'Connection': 'keep-alive', 'Keep-Alive': 'timeout=600'})</msg>
<msg time="2025-11-01T15:53:06.008745" level="DEBUG">Finished Request</msg>
<msg time="2025-11-01T15:53:06.008745" level="INFO">xpath criteria: //*[@content-desc="View menu"]</msg>
<msg time="2025-11-01T15:53:06.008745" level="TRACE">Return: None</msg>
<arg>xpath=//*[@content-desc="View menu"]</arg>
<doc>Clicks the element identified by ``locator``.</doc>
<status status="PASS" start="2025-11-01T15:53:00.790727" elapsed="5.218018"/>
</kw>
<kw name="Click Element" owner="AppiumLibrary">
<msg time="2025-11-01T15:53:06.009750" level="TRACE">Arguments: [ 'xpath=//*[@content-desc="Login Menu Item"]' ]</msg>
<msg time="2025-11-01T15:53:06.011722" level="INFO">Clicking element 'xpath=//*[@content-desc="Login Menu Item"]'.</msg>
<msg time="2025-11-01T15:53:06.011722" level="DEBUG">POST http://localhost:4723/session/038e7e9c-c299-411e-ae70-293b0bfbfd91/elements {'using': 'xpath', 'value': '//*[@content-desc="Login Menu Item"]'}</msg>
<msg time="2025-11-01T15:53:06.012762" level="DEBUG">Starting new HTTP connection (1): localhost:4723</msg>
<msg time="2025-11-01T15:53:08.167986" level="DEBUG">http://localhost:4723 "POST /session/038e7e9c-c299-411e-ae70-293b0bfbfd91/elements HTTP/1.1" 200 0</msg>
<msg time="2025-11-01T15:53:08.167986" level="DEBUG">Remote response: status=200 | data={"value":[{"element-6066-11e4-a52e-4f735466cecf":"00000000-0000-0145-ffff-ffff00000059","ELEMENT":"00000000-0000-0145-ffff-ffff00000059"}]} | headers=HTTPHeaderDict({'X-Powered-By': 'Express', 'Vary': 'X-HTTP-Method-Override', 'Content-Type': 'application/json; charset=utf-8', 'Content-Length': '139', 'ETag': 'W/"8b-Mv61iEh2VLBX0F/sCkwFcCjcfJ4"', 'Date': 'Sat, 01 Nov 2025 18:53:08 GMT', 'Connection': 'keep-alive', 'Keep-Alive': 'timeout=600'})</msg>
<msg time="2025-11-01T15:53:08.168987" level="DEBUG">Finished Request</msg>
<msg time="2025-11-01T15:53:08.168987" level="DEBUG">POST http://localhost:4723/session/038e7e9c-c299-411e-ae70-293b0bfbfd91/element/00000000-0000-0145-ffff-ffff00000059/click {}</msg>
<msg time="2025-11-01T15:53:08.168987" level="DEBUG">Starting new HTTP connection (1): localhost:4723</msg>
<msg time="2025-11-01T15:53:10.352649" level="DEBUG">http://localhost:4723 "POST /session/038e7e9c-c299-411e-ae70-293b0bfbfd91/element/00000000-0000-0145-ffff-ffff00000059/click HTTP/1.1" 200 0</msg>
<msg time="2025-11-01T15:53:10.352649" level="DEBUG">Remote response: status=200 | data={"value":null} | headers=HTTPHeaderDict({'X-Powered-By': 'Express', 'Vary': 'X-HTTP-Method-Override', 'Content-Type': 'application/json; charset=utf-8', 'Content-Length': '14', 'ETag': 'W/"e-9/1BuKMgFObM1mWJm+YjxtXJnUM"', 'Date': 'Sat, 01 Nov 2025 18:53:10 GMT', 'Connection': 'keep-alive', 'Keep-Alive': 'timeout=600'})</msg>
<msg time="2025-11-01T15:53:10.352649" level="DEBUG">Finished Request</msg>
<msg time="2025-11-01T15:53:10.353649" level="INFO">xpath criteria: //*[@content-desc="Login Menu Item"]</msg>
<msg time="2025-11-01T15:53:10.353649" level="TRACE">Return: None</msg>
<arg>xpath=//*[@content-desc="Login Menu Item"]</arg>
<doc>Clicks the element identified by ``locator``.</doc>
<status status="PASS" start="2025-11-01T15:53:06.009750" elapsed="4.343899"/>
</kw>
<kw name="Wait Until Element Is Visible" owner="AppiumLibrary">
<msg time="2025-11-01T15:53:10.353649" level="TRACE">Arguments: [ 'id=com.saucelabs.mydemoapp.android:id/loginTV' ]</msg>
<msg time="2025-11-01T15:53:10.354157" level="DEBUG">POST http://localhost:4723/session/038e7e9c-c299-411e-ae70-293b0bfbfd91/elements {'using': 'id', 'value': 'com.saucelabs.mydemoapp.android:id/loginTV'}</msg>
<msg time="2025-11-01T15:53:10.354157" level="DEBUG">Starting new HTTP connection (1): localhost:4723</msg>
<msg time="2025-11-01T15:53:12.442120" level="DEBUG">http://localhost:4723 "POST /session/038e7e9c-c299-411e-ae70-293b0bfbfd91/elements HTTP/1.1" 200 0</msg>
<msg time="2025-11-01T15:53:12.442120" level="DEBUG">Remote response: status=200 | data={"value":[{"element-6066-11e4-a52e-4f735466cecf":"00000000-0000-0146-ffff-ffff00000178","ELEMENT":"00000000-0000-0146-ffff-ffff00000178"}]} | headers=HTTPHeaderDict({'X-Powered-By': 'Express', 'Vary': 'X-HTTP-Method-Override', 'Content-Type': 'application/json; charset=utf-8', 'Content-Length': '139', 'ETag': 'W/"8b-zG1tsO9LM5/6kACbPoUBx9FW89M"', 'Date': 'Sat, 01 Nov 2025 18:53:12 GMT', 'Connection': 'keep-alive', 'Keep-Alive': 'timeout=600'})</msg>
<msg time="2025-11-01T15:53:12.442120" level="DEBUG">Finished Request</msg>
<msg time="2025-11-01T15:53:12.443119" level="DEBUG">GET http://localhost:4723/session/038e7e9c-c299-411e-ae70-293b0bfbfd91/element/00000000-0000-0146-ffff-ffff00000178/displayed {}</msg>
<msg time="2025-11-01T15:53:12.443119" level="DEBUG">Starting new HTTP connection (1): localhost:4723</msg>
<msg time="2025-11-01T15:53:14.511022" level="DEBUG">http://localhost:4723 "GET /session/038e7e9c-c299-411e-ae70-293b0bfbfd91/element/00000000-0000-0146-ffff-ffff00000178/displayed HTTP/1.1" 200 0</msg>
<msg time="2025-11-01T15:53:14.512024" level="DEBUG">Remote response: status=200 | data={"value":true} | headers=HTTPHeaderDict({'X-Powered-By': 'Express', 'Content-Type': 'application/json; charset=utf-8', 'Content-Length': '14', 'ETag': 'W/"e-2ZHvAWebNQpyjGZTg6uyV8/spTo"', 'Date': 'Sat, 01 Nov 2025 18:53:14 GMT', 'Connection': 'keep-alive', 'Keep-Alive': 'timeout=600'})</msg>
<msg time="2025-11-01T15:53:14.512024" level="DEBUG">Finished Request</msg>
<msg time="2025-11-01T15:53:14.512024" level="INFO">criteria is com.saucelabs.mydemoapp.android:id/loginTV</msg>
<msg time="2025-11-01T15:53:14.512024" level="TRACE">Return: None</msg>
<arg>id=com.saucelabs.mydemoapp.android:id/loginTV</arg>
<doc>Waits until the element specified by the ``locator`` is visible.</doc>
<status status="PASS" start="2025-11-01T15:53:10.353649" elapsed="4.158375"/>
</kw>
<msg time="2025-11-01T15:53:14.512024" level="TRACE">Return: None</msg>
<status status="PASS" start="2025-11-01T15:53:00.789729" elapsed="13.722295"/>
</kw>
<kw name="Fazer Login" owner="login">
<msg time="2025-11-01T15:53:14.513021" level="TRACE">Arguments: [ ${email}='bod@example.com' | ${password}='10203040' ]</msg>
<kw name="Input Text" owner="AppiumLibrary">
<msg time="2025-11-01T15:53:14.513021" level="TRACE">Arguments: [ 'id=com.saucelabs.mydemoapp.android:id/nameET' | text='bod@example.com' ]</msg>
<msg time="2025-11-01T15:53:14.514021" level="INFO">Typing text 'bod@example.com' into text field 'id=com.saucelabs.mydemoapp.android:id/nameET'</msg>
<msg time="2025-11-01T15:53:14.514021" level="DEBUG">POST http://localhost:4723/session/038e7e9c-c299-411e-ae70-293b0bfbfd91/elements {'using': 'id', 'value': 'com.saucelabs.mydemoapp.android:id/nameET'}</msg>
<msg time="2025-11-01T15:53:14.514525" level="DEBUG">Starting new HTTP connection (1): localhost:4723</msg>
<msg time="2025-11-01T15:53:16.628483" level="DEBUG">http://localhost:4723 "POST /session/038e7e9c-c299-411e-ae70-293b0bfbfd91/elements HTTP/1.1" 200 0</msg>
<msg time="2025-11-01T15:53:16.628483" level="DEBUG">Remote response: status=200 | data={"value":[{"element-6066-11e4-a52e-4f735466cecf":"00000000-0000-0146-ffff-ffff0000017c","ELEMENT":"00000000-0000-0146-ffff-ffff0000017c"}]} | headers=HTTPHeaderDict({'X-Powered-By': 'Express', 'Vary': 'X-HTTP-Method-Override', 'Content-Type': 'application/json; charset=utf-8', 'Content-Length': '139', 'ETag': 'W/"8b-aFtaf9Fw9iegl4rkUyQVykNHwiM"', 'Date': 'Sat, 01 Nov 2025 18:53:16 GMT', 'Connection': 'keep-alive', 'Keep-Alive': 'timeout=600'})</msg>
<msg time="2025-11-01T15:53:16.628483" level="DEBUG">Finished Request</msg>
<msg time="2025-11-01T15:53:16.629483" level="DEBUG">POST http://localhost:4723/session/038e7e9c-c299-411e-ae70-293b0bfbfd91/element/00000000-0000-0146-ffff-ffff0000017c/value {'text': 'bod@example.com', 'value': ['b', 'o', 'd', '@', 'e', 'x', 'a', 'm', 'p', 'l', 'e', '.', 'c', 'o', 'm']}</msg>
<msg time="2025-11-01T15:53:16.629483" level="DEBUG">Starting new HTTP connection (1): localhost:4723</msg>
<msg time="2025-11-01T15:53:18.751196" level="DEBUG">http://localhost:4723 "POST /session/038e7e9c-c299-411e-ae70-293b0bfbfd91/element/00000000-0000-0146-ffff-ffff0000017c/value HTTP/1.1" 200 0</msg>
<msg time="2025-11-01T15:53:18.751196" level="DEBUG">Remote response: status=200 | data={"value":null} | headers=HTTPHeaderDict({'X-Powered-By': 'Express', 'Vary': 'X-HTTP-Method-Override', 'Content-Type': 'application/json; charset=utf-8', 'Content-Length': '14', 'ETag': 'W/"e-9/1BuKMgFObM1mWJm+YjxtXJnUM"', 'Date': 'Sat, 01 Nov 2025 18:53:18 GMT', 'Connection': 'keep-alive', 'Keep-Alive': 'timeout=600'})</msg>
<msg time="2025-11-01T15:53:18.751196" level="DEBUG">Finished Request</msg>
<msg time="2025-11-01T15:53:18.752199" level="INFO">criteria is com.saucelabs.mydemoapp.android:id/nameET</msg>
<msg time="2025-11-01T15:53:18.752199" level="TRACE">Return: None</msg>
<arg>id=com.saucelabs.mydemoapp.android:id/nameET</arg>
<arg>text=${email}</arg>
<doc>Types the given ``text`` into the text field identified by ``locator``.</doc>
<status status="PASS" start="2025-11-01T15:53:14.513021" elapsed="4.239178"/>
</kw>
<kw name="Input Text" owner="AppiumLibrary">
<msg time="2025-11-01T15:53:18.752199" level="TRACE">Arguments: [ 'id=com.saucelabs.mydemoapp.android:id/passwordET' | text='10203040' ]</msg>
<msg time="2025-11-01T15:53:18.753704" level="INFO">Typing text '10203040' into text field 'id=com.saucelabs.mydemoapp.android:id/passwordET'</msg>
<msg time="2025-11-01T15:53:18.753704" level="DEBUG">POST http://localhost:4723/session/038e7e9c-c299-411e-ae70-293b0bfbfd91/elements {'using': 'id', 'value': 'com.saucelabs.mydemoapp.android:id/passwordET'}</msg>
<msg time="2025-11-01T15:53:18.753704" level="DEBUG">Starting new HTTP connection (1): localhost:4723</msg>
<msg time="2025-11-01T15:53:20.879350" level="DEBUG">http://localhost:4723 "POST /session/038e7e9c-c299-411e-ae70-293b0bfbfd91/elements HTTP/1.1" 200 0</msg>
<msg time="2025-11-01T15:53:20.879350" level="DEBUG">Remote response: status=200 | data={"value":[{"element-6066-11e4-a52e-4f735466cecf":"00000000-0000-0146-ffff-ffff00000181","ELEMENT":"00000000-0000-0146-ffff-ffff00000181"}]} | headers=HTTPHeaderDict({'X-Powered-By': 'Express', 'Vary': 'X-HTTP-Method-Override', 'Content-Type': 'application/json; charset=utf-8', 'Content-Length': '139', 'ETag': 'W/"8b-fFyWTz8w3x3nYWEhGs74iFGf1SM"', 'Date': 'Sat, 01 Nov 2025 18:53:20 GMT', 'Connection': 'keep-alive', 'Keep-Alive': 'timeout=600'})</msg>
<msg time="2025-11-01T15:53:20.879350" level="DEBUG">Finished Request</msg>
<msg time="2025-11-01T15:53:20.879350" level="DEBUG">POST http://localhost:4723/session/038e7e9c-c299-411e-ae70-293b0bfbfd91/element/00000000-0000-0146-ffff-ffff00000181/value {'text': '10203040', 'value': ['1', '0', '2', '0', '3', '0', '4', '0']}</msg>
<msg time="2025-11-01T15:53:20.879350" level="DEBUG">Starting new HTTP connection (1): localhost:4723</msg>
<msg time="2025-11-01T15:53:22.968672" level="DEBUG">http://localhost:4723 "POST /session/038e7e9c-c299-411e-ae70-293b0bfbfd91/element/00000000-0000-0146-ffff-ffff00000181/value HTTP/1.1" 200 0</msg>
<msg time="2025-11-01T15:53:22.968672" level="DEBUG">Remote response: status=200 | data={"value":null} | headers=HTTPHeaderDict({'X-Powered-By': 'Express', 'Vary': 'X-HTTP-Method-Override', 'Content-Type': 'application/json; charset=utf-8', 'Content-Length': '14', 'ETag': 'W/"e-9/1BuKMgFObM1mWJm+YjxtXJnUM"', 'Date': 'Sat, 01 Nov 2025 18:53:22 GMT', 'Connection': 'keep-alive', 'Keep-Alive': 'timeout=600'})</msg>
<msg time="2025-11-01T15:53:22.968672" level="DEBUG">Finished Request</msg>
<msg time="2025-11-01T15:53:22.968672" level="INFO">criteria is com.saucelabs.mydemoapp.android:id/passwordET</msg>
<msg time="2025-11-01T15:53:22.970176" level="TRACE">Return: None</msg>
<arg>id=com.saucelabs.mydemoapp.android:id/passwordET</arg>
<arg>text=${password}</arg>
<doc>Types the given ``text`` into the text field identified by ``locator``.</doc>
<status status="PASS" start="2025-11-01T15:53:18.752199" elapsed="4.217977"/>
</kw>
<kw name="Click Element" owner="AppiumLibrary">
<msg time="2025-11-01T15:53:22.970176" level="TRACE">Arguments: [ 'id=com.saucelabs.mydemoapp.android:id/loginBtn' ]</msg>
<msg time="2025-11-01T15:53:22.970176" level="INFO">Clicking element 'id=com.saucelabs.mydemoapp.android:id/loginBtn'.</msg>
<msg time="2025-11-01T15:53:22.971213" level="DEBUG">POST http://localhost:4723/session/038e7e9c-c299-411e-ae70-293b0bfbfd91/elements {'using': 'id', 'value': 'com.saucelabs.mydemoapp.android:id/loginBtn'}</msg>
<msg time="2025-11-01T15:53:22.971213" level="DEBUG">Starting new HTTP connection (1): localhost:4723</msg>
<msg time="2025-11-01T15:53:25.047818" level="DEBUG">http://localhost:4723 "POST /session/038e7e9c-c299-411e-ae70-293b0bfbfd91/elements HTTP/1.1" 200 0</msg>
<msg time="2025-11-01T15:53:25.047818" level="DEBUG">Remote response: status=200 | data={"value":[{"element-6066-11e4-a52e-4f735466cecf":"00000000-0000-0146-ffff-ffff00000186","ELEMENT":"00000000-0000-0146-ffff-ffff00000186"}]} | headers=HTTPHeaderDict({'X-Powered-By': 'Express', 'Vary': 'X-HTTP-Method-Override', 'Content-Type': 'application/json; charset=utf-8', 'Content-Length': '139', 'ETag': 'W/"8b-fLaHU2Po+sAmpz3TAq2eP31vZSA"', 'Date': 'Sat, 01 Nov 2025 18:53:25 GMT', 'Connection': 'keep-alive', 'Keep-Alive': 'timeout=600'})</msg>
<msg time="2025-11-01T15:53:25.048816" level="DEBUG">Finished Request</msg>
<msg time="2025-11-01T15:53:25.048816" level="DEBUG">POST http://localhost:4723/session/038e7e9c-c299-411e-ae70-293b0bfbfd91/element/00000000-0000-0146-ffff-ffff00000186/click {}</msg>
<msg time="2025-11-01T15:53:25.048816" level="DEBUG">Starting new HTTP connection (1): localhost:4723</msg>
<msg time="2025-11-01T15:53:27.164446" level="DEBUG">http://localhost:4723 "POST /session/038e7e9c-c299-411e-ae70-293b0bfbfd91/element/00000000-0000-0146-ffff-ffff00000186/click HTTP/1.1" 200 0</msg>
<msg time="2025-11-01T15:53:27.164967" level="DEBUG">Remote response: status=200 | data={"value":null} | headers=HTTPHeaderDict({'X-Powered-By': 'Express', 'Vary': 'X-HTTP-Method-Override', 'Content-Type': 'application/json; charset=utf-8', 'Content-Length': '14', 'ETag': 'W/"e-9/1BuKMgFObM1mWJm+YjxtXJnUM"', 'Date': 'Sat, 01 Nov 2025 18:53:27 GMT', 'Connection': 'keep-alive', 'Keep-Alive': 'timeout=600'})</msg>
<msg time="2025-11-01T15:53:27.164967" level="DEBUG">Finished Request</msg>
<msg time="2025-11-01T15:53:27.164967" level="INFO">criteria is com.saucelabs.mydemoapp.android:id/loginBtn</msg>
<msg time="2025-11-01T15:53:27.164967" level="TRACE">Return: None</msg>
<arg>id=com.saucelabs.mydemoapp.android:id/loginBtn</arg>
<doc>Clicks the element identified by ``locator``.</doc>
<status status="PASS" start="2025-11-01T15:53:22.970176" elapsed="4.194791"/>
</kw>
<msg time="2025-11-01T15:53:27.164967" level="TRACE">Return: None</msg>
<arg>email=bod@example.com</arg>
<arg>password=10203040</arg>
<status status="PASS" start="2025-11-01T15:53:14.513021" elapsed="12.651946"/>
</kw>
<kw name="Wait Until Page Does Not Contain Element" owner="AppiumLibrary">
<msg time="2025-11-01T15:53:27.165968" level="TRACE">Arguments: [ 'id=com.saucelabs.mydemoapp.android:id/loginTV' ]</msg>
<msg time="2025-11-01T15:53:27.165968" level="DEBUG">POST http://localhost:4723/session/038e7e9c-c299-411e-ae70-293b0bfbfd91/elements {'using': 'id', 'value': 'com.saucelabs.mydemoapp.android:id/loginTV'}</msg>
<msg time="2025-11-01T15:53:27.165968" level="DEBUG">Starting new HTTP connection (1): localhost:4723</msg>
<msg time="2025-11-01T15:53:29.285077" level="DEBUG">http://localhost:4723 "POST /session/038e7e9c-c299-411e-ae70-293b0bfbfd91/elements HTTP/1.1" 200 0</msg>
<msg time="2025-11-01T15:53:29.285077" level="DEBUG">Remote response: status=200 | data={"value":[]} | headers=HTTPHeaderDict({'X-Powered-By': 'Express', 'Vary': 'X-HTTP-Method-Override', 'Content-Type': 'application/json; charset=utf-8', 'Content-Length': '12', 'ETag': 'W/"c-ct3goOI+b+kRZv2R9j2fTtMXwkk"', 'Date': 'Sat, 01 Nov 2025 18:53:29 GMT', 'Connection': 'keep-alive', 'Keep-Alive': 'timeout=600'})</msg>
<msg time="2025-11-01T15:53:29.285077" level="DEBUG">Finished Request</msg>
<msg time="2025-11-01T15:53:29.285077" level="INFO">criteria is com.saucelabs.mydemoapp.android:id/loginTV</msg>
<msg time="2025-11-01T15:53:29.285077" level="TRACE">Return: None</msg>
<arg>id=com.saucelabs.mydemoapp.android:id/loginTV</arg>
<doc>Waits until the element specified by the ``locator`` disappears from the current page.</doc>
<status status="PASS" start="2025-11-01T15:53:27.164967" elapsed="2.120110"/>
</kw>
<kw name="Click Element" owner="AppiumLibrary">
<msg time="2025-11-01T15:53:29.286585" level="TRACE">Arguments: [ 'xpath=//*[@content-desc="View menu"]' ]</msg>
<msg time="2025-11-01T15:53:29.287592" level="INFO">Clicking element 'xpath=//*[@content-desc="View menu"]'.</msg>
<msg time="2025-11-01T15:53:29.287592" level="DEBUG">POST http://localhost:4723/session/038e7e9c-c299-411e-ae70-293b0bfbfd91/elements {'using': 'xpath', 'value': '//*[@content-desc="View menu"]'}</msg>
<msg time="2025-11-01T15:53:29.287592" level="DEBUG">Starting new HTTP connection (1): localhost:4723</msg>
<msg time="2025-11-01T15:53:31.444278" level="DEBUG">http://localhost:4723 "POST /session/038e7e9c-c299-411e-ae70-293b0bfbfd91/elements HTTP/1.1" 200 0</msg>
[...]
<arg>text=${email}</arg>
<doc>Types the given ``text`` into the text field identified by ``locator``.</doc>
<status status="PASS" start="2025-11-01T15:54:59.436394" elapsed="4.688457"/>
</kw>
<kw name="Input Text" owner="AppiumLibrary">
<msg time="2025-11-01T15:55:04.125860" level="TRACE">Arguments: [ 'id=com.saucelabs.mydemoapp.android:id/passwordET' | text='10203040' ]</msg>
<msg time="2025-11-01T15:55:04.126855" level="INFO">Typing text '10203040' into text field 'id=com.saucelabs.mydemoapp.android:id/passwordET'</msg>
<msg time="2025-11-01T15:55:04.126855" level="DEBUG">POST http://localhost:4723/session/17de5195-b37e-4ad6-92d7-aa3e4be82156/elements {'using': 'id', 'value': 'com.saucelabs.mydemoapp.android:id/passwordET'}</msg>
<msg time="2025-11-01T15:55:04.126855" level="DEBUG">Starting new HTTP connection (1): localhost:4723</msg>
<msg time="2025-11-01T15:55:06.196750" level="DEBUG">http://localhost:4723 "POST /session/17de5195-b37e-4ad6-92d7-aa3e4be82156/elements HTTP/1.1" 200 0</msg>
<msg time="2025-11-01T15:55:06.197751" level="DEBUG">Remote response: status=200 | data={"value":[{"element-6066-11e4-a52e-4f735466cecf":"00000000-0000-0162-ffff-ffff00000181","ELEMENT":"00000000-0000-0162-ffff-ffff00000181"}]} | headers=HTTPHeaderDict({'X-Powered-By': 'Express', 'Vary': 'X-HTTP-Method-Override', 'Content-Type': 'application/json; charset=utf-8', 'Content-Length': '139', 'ETag': 'W/"8b-Tgq6POE6aioQ2QunMuRnmggrI/s"', 'Date': 'Sat, 01 Nov 2025 18:55:06 GMT', 'Connection': 'keep-alive', 'Keep-Alive': 'timeout=600'})</msg>
<msg time="2025-11-01T15:55:06.197751" level="DEBUG">Finished Request</msg>
<msg time="2025-11-01T15:55:06.197751" level="DEBUG">POST http://localhost:4723/session/17de5195-b37e-4ad6-92d7-aa3e4be82156/element/00000000-0000-0162-ffff-ffff00000181/value {'text': '10203040', 'value': ['1', '0', '2', '0', '3', '0', '4', '0']}</msg>
<msg time="2025-11-01T15:55:06.197751" level="DEBUG">Starting new HTTP connection (1): localhost:4723</msg>
<msg time="2025-11-01T15:55:08.269014" level="DEBUG">http://localhost:4723 "POST /session/17de5195-b37e-4ad6-92d7-aa3e4be82156/element/00000000-0000-0162-ffff-ffff00000181/value HTTP/1.1" 200 0</msg>
<msg time="2025-11-01T15:55:08.269014" level="DEBUG">Remote response: status=200 | data={"value":null} | headers=HTTPHeaderDict({'X-Powered-By': 'Express', 'Vary': 'X-HTTP-Method-Override', 'Content-Type': 'application/json; charset=utf-8', 'Content-Length': '14', 'ETag': 'W/"e-9/1BuKMgFObM1mWJm+YjxtXJnUM"', 'Date': 'Sat, 01 Nov 2025 18:55:08 GMT', 'Connection': 'keep-alive', 'Keep-Alive': 'timeout=600'})</msg>
<msg time="2025-11-01T15:55:08.270043" level="DEBUG">Finished Request</msg>
<msg time="2025-11-01T15:55:08.270043" level="INFO">criteria is com.saucelabs.mydemoapp.android:id/passwordET</msg>
<msg time="2025-11-01T15:55:08.270043" level="TRACE">Return: None</msg>
<arg>id=com.saucelabs.mydemoapp.android:id/passwordET</arg>
<arg>text=${password}</arg>
<doc>Types the given ``text`` into the text field identified by ``locator``.</doc>
<status status="PASS" start="2025-11-01T15:55:04.125860" elapsed="4.144183"/>
</kw>
<kw name="Click Element" owner="AppiumLibrary">
<msg time="2025-11-01T15:55:08.270043" level="TRACE">Arguments: [ 'id=com.saucelabs.mydemoapp.android:id/loginBtn' ]</msg>
<msg time="2025-11-01T15:55:08.271043" level="INFO">Clicking element 'id=com.saucelabs.mydemoapp.android:id/loginBtn'.</msg>
<msg time="2025-11-01T15:55:08.271043" level="DEBUG">POST http://localhost:4723/session/17de5195-b37e-4ad6-92d7-aa3e4be82156/elements {'using': 'id', 'value': 'com.saucelabs.mydemoapp.android:id/loginBtn'}</msg>
<msg time="2025-11-01T15:55:08.271043" level="DEBUG">Starting new HTTP connection (1): localhost:4723</msg>
<msg time="2025-11-01T15:55:10.394169" level="DEBUG">http://localhost:4723 "POST /session/17de5195-b37e-4ad6-92d7-aa3e4be82156/elements HTTP/1.1" 200 0</msg>
<msg time="2025-11-01T15:55:10.394169" level="DEBUG">Remote response: status=200 | data={"value":[{"element-6066-11e4-a52e-4f735466cecf":"00000000-0000-0162-ffff-ffff00000186","ELEMENT":"00000000-0000-0162-ffff-ffff00000186"}]} | headers=HTTPHeaderDict({'X-Powered-By': 'Express', 'Vary': 'X-HTTP-Method-Override', 'Content-Type': 'application/json; charset=utf-8', 'Content-Length': '139', 'ETag': 'W/"8b-+6ECschIjgPUn2tBckfItCqHEG0"', 'Date': 'Sat, 01 Nov 2025 18:55:10 GMT', 'Connection': 'keep-alive', 'Keep-Alive': 'timeout=600'})</msg>
<msg time="2025-11-01T15:55:10.394169" level="DEBUG">Finished Request</msg>
<msg time="2025-11-01T15:55:10.395260" level="DEBUG">POST http://localhost:4723/session/17de5195-b37e-4ad6-92d7-aa3e4be82156/element/00000000-0000-0162-ffff-ffff00000186/click {}</msg>
<msg time="2025-11-01T15:55:10.395260" level="DEBUG">Starting new HTTP connection (1): localhost:4723</msg>
<msg time="2025-11-01T15:55:12.530123" level="DEBUG">http://localhost:4723 "POST /session/17de5195-b37e-4ad6-92d7-aa3e4be82156/element/00000000-0000-0162-ffff-ffff00000186/click HTTP/1.1" 200 0</msg>
<msg time="2025-11-01T15:55:12.530123" level="DEBUG">Remote response: status=200 | data={"value":null} | headers=HTTPHeaderDict({'X-Powered-By': 'Express', 'Vary': 'X-HTTP-Method-Override', 'Content-Type': 'application/json; charset=utf-8', 'Content-Length': '14', 'ETag': 'W/"e-9/1BuKMgFObM1mWJm+YjxtXJnUM"', 'Date': 'Sat, 01 Nov 2025 18:55:12 GMT', 'Connection': 'keep-alive', 'Keep-Alive': 'timeout=600'})</msg>
<msg time="2025-11-01T15:55:12.531128" level="DEBUG">Finished Request</msg>
<msg time="2025-11-01T15:55:12.531128" level="INFO">criteria is com.saucelabs.mydemoapp.android:id/loginBtn</msg>
<msg time="2025-11-01T15:55:12.531128" level="TRACE">Return: None</msg>
<arg>id=com.saucelabs.mydemoapp.android:id/loginBtn</arg>
<doc>Clicks the element identified by ``locator``.</doc>
<status status="PASS" start="2025-11-01T15:55:08.270043" elapsed="4.261085"/>
</kw>
<msg time="2025-11-01T15:55:12.531128" level="TRACE">Return: None</msg>
<arg>email=bod@example.com</arg>
<arg>password=10203040</arg>
<status status="PASS" start="2025-11-01T15:54:59.436394" elapsed="13.094734"/>
</kw>
<kw name="Click Element" owner="AppiumLibrary">
<msg time="2025-11-01T15:55:12.532127" level="TRACE">Arguments: [ 'xpath=//*[@content-desc="View menu"]' ]</msg>
<msg time="2025-11-01T15:55:12.533211" level="INFO">Clicking element 'xpath=//*[@content-desc="View menu"]'.</msg>
<msg time="2025-11-01T15:55:12.533211" level="DEBUG">POST http://localhost:4723/session/17de5195-b37e-4ad6-92d7-aa3e4be82156/elements {'using': 'xpath', 'value': '//*[@content-desc="View menu"]'}</msg>
<msg time="2025-11-01T15:55:12.534211" level="DEBUG">Starting new HTTP connection (1): localhost:4723</msg>
<msg time="2025-11-01T15:55:14.701822" level="DEBUG">http://localhost:4723 "POST /session/17de5195-b37e-4ad6-92d7-aa3e4be82156/elements HTTP/1.1" 200 0</msg>
<msg time="2025-11-01T15:55:14.702823" level="DEBUG">Remote response: status=200 | data={"value":[{"element-6066-11e4-a52e-4f735466cecf":"00000000-0000-0164-ffff-ffff000001c9","ELEMENT":"00000000-0000-0164-ffff-ffff000001c9"}]} | headers=HTTPHeaderDict({'X-Powered-By': 'Express', 'Vary': 'X-HTTP-Method-Override', 'Content-Type': 'application/json; charset=utf-8', 'Content-Length': '139', 'ETag': 'W/"8b-hK2R6ecIDXhRX7zl5W0Ls2nXFpA"', 'Date': 'Sat, 01 Nov 2025 18:55:14 GMT', 'Connection': 'keep-alive', 'Keep-Alive': 'timeout=600'})</msg>
<msg time="2025-11-01T15:55:14.702823" level="DEBUG">Finished Request</msg>
<msg time="2025-11-01T15:55:14.702823" level="DEBUG">POST http://localhost:4723/session/17de5195-b37e-4ad6-92d7-aa3e4be82156/element/00000000-0000-0164-ffff-ffff000001c9/click {}</msg>
<msg time="2025-11-01T15:55:14.702823" level="DEBUG">Starting new HTTP connection (1): localhost:4723</msg>
<msg time="2025-11-01T15:55:16.816278" level="DEBUG">http://localhost:4723 "POST /session/17de5195-b37e-4ad6-92d7-aa3e4be82156/element/00000000-0000-0164-ffff-ffff000001c9/click HTTP/1.1" 200 0</msg>
<msg time="2025-11-01T15:55:16.817276" level="DEBUG">Remote response: status=200 | data={"value":null} | headers=HTTPHeaderDict({'X-Powered-By': 'Express', 'Vary': 'X-HTTP-Method-Override', 'Content-Type': 'application/json; charset=utf-8', 'Content-Length': '14', 'ETag': 'W/"e-9/1BuKMgFObM1mWJm+YjxtXJnUM"', 'Date': 'Sat, 01 Nov 2025 18:55:16 GMT', 'Connection': 'keep-alive', 'Keep-Alive': 'timeout=600'})</msg>
<msg time="2025-11-01T15:55:16.817276" level="DEBUG">Finished Request</msg>
<msg time="2025-11-01T15:55:16.817276" level="INFO">xpath criteria: //*[@content-desc="View menu"]</msg>
<msg time="2025-11-01T15:55:16.817276" level="TRACE">Return: None</msg>
<arg>xpath=//*[@content-desc="View menu"]</arg>
<doc>Clicks the element identified by ``locator``.</doc>
<status status="PASS" start="2025-11-01T15:55:12.532127" elapsed="4.285149"/>
</kw>
<kw name="Click Element" owner="AppiumLibrary">
<msg time="2025-11-01T15:55:16.818273" level="TRACE">Arguments: [ 'xpath=//*[@content-desc="Logout Menu Item"]' ]</msg>
<msg time="2025-11-01T15:55:16.818273" level="INFO">Clicking element 'xpath=//*[@content-desc="Logout Menu Item"]'.</msg>
<msg time="2025-11-01T15:55:16.819275" level="DEBUG">POST http://localhost:4723/session/17de5195-b37e-4ad6-92d7-aa3e4be82156/elements {'using': 'xpath', 'value': '//*[@content-desc="Logout Menu Item"]'}</msg>
<msg time="2025-11-01T15:55:16.819275" level="DEBUG">Starting new HTTP connection (1): localhost:4723</msg>
<msg time="2025-11-01T15:55:19.058366" level="DEBUG">http://localhost:4723 "POST /session/17de5195-b37e-4ad6-92d7-aa3e4be82156/elements HTTP/1.1" 200 0</msg>
<msg time="2025-11-01T15:55:19.058366" level="DEBUG">Remote response: status=200 | data={"value":[{"element-6066-11e4-a52e-4f735466cecf":"00000000-0000-0164-ffff-ffff0000020f","ELEMENT":"00000000-0000-0164-ffff-ffff0000020f"}]} | headers=HTTPHeaderDict({'X-Powered-By': 'Express', 'Vary': 'X-HTTP-Method-Override', 'Content-Type': 'application/json; charset=utf-8', 'Content-Length': '139', 'ETag': 'W/"8b-CNddJo8p0KsL/lSZchy9nJIVhkA"', 'Date': 'Sat, 01 Nov 2025 18:55:19 GMT', 'Connection': 'keep-alive', 'Keep-Alive': 'timeout=600'})</msg>
<msg time="2025-11-01T15:55:19.058366" level="DEBUG">Finished Request</msg>
<msg time="2025-11-01T15:55:19.058366" level="DEBUG">POST http://localhost:4723/session/17de5195-b37e-4ad6-92d7-aa3e4be82156/element/00000000-0000-0164-ffff-ffff0000020f/click {}</msg>
<msg time="2025-11-01T15:55:19.059366" level="DEBUG">Starting new HTTP connection (1): localhost:4723</msg>
<msg time="2025-11-01T15:55:21.191192" level="DEBUG">http://localhost:4723 "POST /session/17de5195-b37e-4ad6-92d7-aa3e4be82156/element/00000000-0000-0164-ffff-ffff0000020f/click HTTP/1.1" 200 0</msg>
<msg time="2025-11-01T15:55:21.191192" level="DEBUG">Remote response: status=200 | data={"value":null} | headers=HTTPHeaderDict({'X-Powered-By': 'Express', 'Vary': 'X-HTTP-Method-Override', 'Content-Type': 'application/json; charset=utf-8', 'Content-Length': '14', 'ETag': 'W/"e-9/1BuKMgFObM1mWJm+YjxtXJnUM"', 'Date': 'Sat, 01 Nov 2025 18:55:21 GMT', 'Connection': 'keep-alive', 'Keep-Alive': 'timeout=600'})</msg>
<msg time="2025-11-01T15:55:21.191192" level="DEBUG">Finished Request</msg>
<msg time="2025-11-01T15:55:21.191192" level="INFO">xpath criteria: //*[@content-desc="Logout Menu Item"]</msg>
<msg time="2025-11-01T15:55:21.191192" level="TRACE">Return: None</msg>
<arg>xpath=//*[@content-desc="Logout Menu Item"]</arg>
<doc>Clicks the element identified by ``locator``.</doc>
<status status="PASS" start="2025-11-01T15:55:16.818273" elapsed="4.372919"/>
</kw>
<kw name="Click Element" owner="AppiumLibrary">
<msg time="2025-11-01T15:55:21.192194" level="TRACE">Arguments: [ 'xpath=/hierarchy/android.widget.FrameLayout/android.widget.LinearLayout/android.widget.FrameLayout/android.widget.FrameLayout/android.widget.FrameLayout/androidx.appcompat.widget.LinearLayoutCompat/android.widget.ScrollView/android.widget.LinearLayout/android.widget.Button[2]' ]</msg>
<msg time="2025-11-01T15:55:21.193189" level="INFO">Clicking element 'xpath=/hierarchy/android.widget.FrameLayout/android.widget.LinearLayout/android.widget.FrameLayout/android.widget.FrameLayout/android.widget.FrameLayout/androidx.appcompat.widget.LinearLayoutCompat/android.widget.ScrollView/android.widget.LinearLayout/android.widget.Button[2]'.</msg>
<msg time="2025-11-01T15:55:21.193189" level="DEBUG">POST http://localhost:4723/session/17de5195-b37e-4ad6-92d7-aa3e4be82156/elements {'using': 'xpath', 'value': '/hierarchy/android.widget.FrameLayout/android.widget.LinearLayout/android.widget.FrameLayout/android...'}</msg>
<msg time="2025-11-01T15:55:21.193189" level="DEBUG">Starting new HTTP connection (1): localhost:4723</msg>
<msg time="2025-11-01T15:55:23.268031" level="DEBUG">http://localhost:4723 "POST /session/17de5195-b37e-4ad6-92d7-aa3e4be82156/elements HTTP/1.1" 200 0</msg>
<msg time="2025-11-01T15:55:23.268031" level="DEBUG">Remote response: status=200 | data={"value":[{"element-6066-11e4-a52e-4f735466cecf":"00000000-0000-0165-ffff-ffff00000331","ELEMENT":"00000000-0000-0165-ffff-ffff00000331"}]} | headers=HTTPHeaderDict({'X-Powered-By': 'Express', 'Vary': 'X-HTTP-Method-Override', 'Content-Type': 'application/json; charset=utf-8', 'Content-Length': '139', 'ETag': 'W/"8b-1jl6TA6/XmbOMUZYYtZtTsx/vcI"', 'Date': 'Sat, 01 Nov 2025 18:55:23 GMT', 'Connection': 'keep-alive', 'Keep-Alive': 'timeout=600'})</msg>
<msg time="2025-11-01T15:55:23.268031" level="DEBUG">Finished Request</msg>
<msg time="2025-11-01T15:55:23.268031" level="DEBUG">POST http://localhost:4723/session/17de5195-b37e-4ad6-92d7-aa3e4be82156/element/00000000-0000-0165-ffff-ffff00000331/click {}</msg>
<msg time="2025-11-01T15:55:23.269029" level="DEBUG">Starting new HTTP connection (1): localhost:4723</msg>
<msg time="2025-11-01T15:55:25.398418" level="DEBUG">http://localhost:4723 "POST /session/17de5195-b37e-4ad6-92d7-aa3e4be82156/element/00000000-0000-0165-ffff-ffff00000331/click HTTP/1.1" 200 0</msg>
<msg time="2025-11-01T15:55:25.398418" level="DEBUG">Remote response: status=200 | data={"value":null} | headers=HTTPHeaderDict({'X-Powered-By': 'Express', 'Vary': 'X-HTTP-Method-Override', 'Content-Type': 'application/json; charset=utf-8', 'Content-Length': '14', 'ETag': 'W/"e-9/1BuKMgFObM1mWJm+YjxtXJnUM"', 'Date': 'Sat, 01 Nov 2025 18:55:25 GMT', 'Connection': 'keep-alive', 'Keep-Alive': 'timeout=600'})</msg>
<msg time="2025-11-01T15:55:25.398418" level="DEBUG">Finished Request</msg>
<msg time="2025-11-01T15:55:25.398924" level="INFO">xpath criteria: /hierarchy/android.widget.FrameLayout/android.widget.LinearLayout/android.widget.FrameLayout/android.widget.FrameLayout/android.widget.FrameLayout/androidx.appcompat.widget.LinearLayoutCompat/android.widget.ScrollView/android.widget.LinearLayout/android.widget.Button[2]</msg>
<msg time="2025-11-01T15:55:25.398924" level="TRACE">Return: None</msg>
<arg>xpath=/hierarchy/android.widget.FrameLayout/android.widget.LinearLayout/android.widget.FrameLayout/android.widget.FrameLayout/android.widget.FrameLayout/androidx.appcompat.widget.LinearLayoutCompat/android.widget.ScrollView/android.widget.LinearLayout/android.widget.Button[2]</arg>
<doc>Clicks the element identified by ``locator``.</doc>
<status status="PASS" start="2025-11-01T15:55:21.192194" elapsed="4.206730"/>
</kw>
<kw name="Wait Until Element Is Visible" owner="AppiumLibrary">
<msg time="2025-11-01T15:55:25.399935" level="TRACE">Arguments: [ 'id=com.saucelabs.mydemoapp.android:id/loginTV' ]</msg>
<msg time="2025-11-01T15:55:25.399935" level="DEBUG">POST http://localhost:4723/session/17de5195-b37e-4ad6-92d7-aa3e4be82156/elements {'using': 'id', 'value': 'com.saucelabs.mydemoapp.android:id/loginTV'}</msg>
<msg time="2025-11-01T15:55:25.399935" level="DEBUG">Starting new HTTP connection (1): localhost:4723</msg>
<msg time="2025-11-01T15:55:27.479581" level="DEBUG">http://localhost:4723 "POST /session/17de5195-b37e-4ad6-92d7-aa3e4be82156/elements HTTP/1.1" 200 0</msg>
<msg time="2025-11-01T15:55:27.479581" level="DEBUG">Remote response: status=200 | data={"value":[{"element-6066-11e4-a52e-4f735466cecf":"00000000-0000-0166-ffff-ffff00000374","ELEMENT":"00000000-0000-0166-ffff-ffff00000374"}]} | headers=HTTPHeaderDict({'X-Powered-By': 'Express', 'Vary': 'X-HTTP-Method-Override', 'Content-Type': 'application/json; charset=utf-8', 'Content-Length': '139', 'ETag': 'W/"8b-SC48j6JKu84ZVuEwcXf9UfctT/Q"', 'Date': 'Sat, 01 Nov 2025 18:55:27 GMT', 'Connection': 'keep-alive', 'Keep-Alive': 'timeout=600'})</msg>
<msg time="2025-11-01T15:55:27.479581" level="DEBUG">Finished Request</msg>
<msg time="2025-11-01T15:55:27.479581" level="DEBUG">GET http://localhost:4723/session/17de5195-b37e-4ad6-92d7-aa3e4be82156/element/00000000-0000-0166-ffff-ffff00000374/displayed {}</msg>
<msg time="2025-11-01T15:55:27.479581" level="DEBUG">Starting new HTTP connection (1): localhost:4723</msg>
<msg time="2025-11-01T15:55:29.542065" level="DEBUG">http://localhost:4723 "GET /session/17de5195-b37e-4ad6-92d7-aa3e4be82156/element/00000000-0000-0166-ffff-ffff00000374/displayed HTTP/1.1" 200 0</msg>
<msg time="2025-11-01T15:55:29.542065" level="DEBUG">Remote response: status=200 | data={"value":true} | headers=HTTPHeaderDict({'X-Powered-By': 'Express', 'Content-Type': 'application/json; charset=utf-8', 'Content-Length': '14', 'ETag': 'W/"e-2ZHvAWebNQpyjGZTg6uyV8/spTo"', 'Date': 'Sat, 01 Nov 2025 18:55:29 GMT', 'Connection': 'keep-alive', 'Keep-Alive': 'timeout=600'})</msg>
<msg time="2025-11-01T15:55:29.542065" level="DEBUG">Finished Request</msg>
<msg time="2025-11-01T15:55:29.542065" level="INFO">criteria is com.saucelabs.mydemoapp.android:id/loginTV</msg>
<msg time="2025-11-01T15:55:29.542065" level="TRACE">Return: None</msg>
<arg>id=com.saucelabs.mydemoapp.android:id/loginTV</arg>
<doc>Waits until the element specified by the ``locator`` is visible.</doc>
<status status="PASS" start="2025-11-01T15:55:25.399935" elapsed="4.142130"/>
</kw>
<kw name="Encerrar Sessão" owner="home" type="TEARDOWN">
<msg time="2025-11-01T15:55:29.543036" level="TRACE">Arguments: [  ]</msg>
<kw name="Close Application" owner="AppiumLibrary">
<msg time="2025-11-01T15:55:29.543036" level="TRACE">Arguments: [  ]</msg>
<msg time="2025-11-01T15:55:29.544548" level="DEBUG">Closing application with session id 17de5195-b37e-4ad6-92d7-aa3e4be82156</msg>
<msg time="2025-11-01T15:55:29.544548" level="DEBUG">DELETE http://localhost:4723/session/17de5195-b37e-4ad6-92d7-aa3e4be82156 {}</msg>
<msg time="2025-11-01T15:55:29.544548" level="DEBUG">Starting new HTTP connection (1): localhost:4723</msg>
<msg time="2025-11-01T15:55:32.070658" level="DEBUG">http://localhost:4723 "DELETE /session/17de5195-b37e-4ad6-92d7-aa3e4be82156 HTTP/1.1" 200 0</msg>
<msg time="2025-11-01T15:55:32.070658" level="DEBUG">Remote response: status=200 | data={"value":null} | headers=HTTPHeaderDict({'X-Powered-By': 'Express', 'Content-Type': 'application/json; charset=utf-8', 'Content-Length': '14', 'ETag': 'W/"e-9/1BuKMgFObM1mWJm+YjxtXJnUM"', 'Date': 'Sat, 01 Nov 2025 18:55:32 GMT', 'Connection': 'keep-alive', 'Keep-Alive': 'timeout=600'})</msg>
<msg time="2025-11-01T15:55:32.070658" level="DEBUG">Finished Request</msg>
<msg time="2025-11-01T15:55:32.071659" level="TRACE">Return: None</msg>
<doc>Closes the current application and the webdriver session.</doc>
<status status="PASS" start="2025-11-01T15:55:29.543036" elapsed="2.528623"/>
</kw>
<msg time="2025-11-01T15:55:32.071659" level="TRACE">Return: None</msg>
<status status="PASS" start="2025-11-01T15:55:29.543036" elapsed="2.528623"/>
</kw>
<status status="PASS" start="2025-11-01T15:54:31.306108" elapsed="60.765551"/>
</test>
<status status="PASS" start="2025-11-01T15:52:44.491457" elapsed="167.581201"/>
</suite>
<statistics>
<total>
<stat pass="3" fail="0" skip="0">All Tests</stat>
</total>
<tag>
</tag>
<suite>
<stat pass="3" fail="0" skip="0" id="s1" name="Login">Login</stat>
</suite>
</statistics>
<errors>
</errors>
</robot>
